  0.000000000000E+00  0.00000000E+00  0.00000000E+00  0.00000000E+00
  1.000000000000E-02  2.39219012E-08  1.87190025E-08  0.00000000E+00
  2.000000000000E-02  4.35693339E-08  4.00185951E-08  0.00000000E+00
  3.000000000000E-02  5.24511814E-08  5.37088454E-08  0.00000000E+00
  4.000000000000E-02  5.56950186E-08  6.13279295E-08  0.00000000E+00
  5.000000000000E-02  5.64036201E-08  6.51926175E-08  0.00000000E+00
  6.000000000000E-02  5.60562650E-08  6.69150944E-08  0.00000000E+00
  7.000000000000E-02  5.53278399E-08  6.74716991E-08  0.00000000E+00
  8.000000000000E-02  5.45214332E-08  6.74278323E-08  0.00000000E+00
  9.000000000000E-02  5.37689401E-08  6.71042692E-08  0.00000000E+00
  1.000000000000E-01  5.31229556E-08  6.66800806E-08  0.00000000E+00
  1.100000000000E-01  5.25994624E-08  6.62531463E-08  0.00000000E+00
  1.200000000000E-01  5.21979887E-08  6.58751403E-08  0.00000000E+00
  1.300000000000E-01  5.19112127E-08  6.55716464E-08  0.00000000E+00
  1.400000000000E-01  5.17295193E-08  6.53537004E-08  0.00000000E+00
  1.500000000000E-01  5.16431039E-08  6.52243996E-08  0.00000000E+00
  1.600000000000E-01  5.16428779E-08  6.51826721E-08  0.00000000E+00
  1.700000000000E-01  5.17207944E-08  6.52254110E-08  0.00000000E+00
  1.800000000000E-01  5.18698997E-08  6.53486665E-08  0.00000000E+00
  1.900000000000E-01  5.20842653E-08  6.55482967E-08  0.00000000E+00
  2.000000000000E-01  5.23588738E-08  6.58203096E-08  0.00000000E+00
  2.000000000000E-01  5.23588738E-08  6.58203096E-08  0.00000000E+00
  2.100000000000E-01  6.43431395E-08  7.77140750E-08  0.00000000E+00
  2.200000000000E-01  7.82684829E-08  9.88430088E-08  0.00000000E+00
  2.300000000000E-01  9.35957053E-08  1.22669568E-07  0.00000000E+00
  2.400000000000E-01  1.10559744E-07  1.48513987E-07  0.00000000E+00
  2.500000000000E-01  1.29546203E-07  1.76717220E-07  0.00000000E+00
  2.600000000000E-01  1.51019399E-07  2.07939111E-07  0.00000000E+00
  2.700000000000E-01  1.75506052E-07  2.42973950E-07  0.00000000E+00
  2.800000000000E-01  2.03597674E-07  2.82706570E-07  0.00000000E+00
  2.900000000000E-01  2.35961540E-07  3.28115265E-07  0.00000000E+00
  3.000000000000E-01  2.73356452E-07  3.80292033E-07  0.00000000E+00
  3.100000000000E-01  3.16651821E-07  4.40470399E-07  0.00000000E+00
  3.200000000000E-01  3.66849672E-07  5.10057849E-07  0.00000000E+00
  3.300000000000E-01  4.25109769E-07  5.90672436E-07  0.00000000E+00
  3.400000000000E-01  4.92778380E-07  6.84184103E-07  0.00000000E+00
  3.500000000000E-01  5.71421360E-07  7.92761710E-07  0.00000000E+00
  3.600000000000E-01  6.62862426E-07  9.18926991E-07  0.00000000E+00
  3.700000000000E-01  7.69227576E-07  1.06561688E-06  0.00000000E+00
  3.800000000000E-01  8.92996827E-07  1.23625582E-06  0.00000000E+00
  3.900000000000E-01  1.03706455E-06  1.43483999E-06  0.00000000E+00
  4.000000000000E-01  1.20480993E-06  1.66603551E-06  0.00000000E+00
  4.000000000000E-01  1.20480993E-06  1.66603551E-06  0.00000000E+00
  4.100000000000E-01  1.05390622E-06  1.27788083E-06  0.00000000E+00
  4.200000000000E-01  1.11534821E-06  1.27578686E-06  0.00000000E+00
  4.300000000000E-01  1.20279801E-06  1.34123858E-06  0.00000000E+00
  4.400000000000E-01  1.30417869E-06  1.43789853E-06  0.00000000E+00
  4.500000000000E-01  1.41696969E-06  1.55448830E-06  0.00000000E+00
  4.600000000000E-01  1.54089675E-06  1.68716210E-06  0.00000000E+00
  4.700000000000E-01  1.67645664E-06  1.83483844E-06  0.00000000E+00
  4.800000000000E-01  1.82451570E-06  1.99766656E-06  0.00000000E+00
  4.900000000000E-01  1.98617483E-06  2.17644253E-06  0.00000000E+00
  5.000000000000E-01  2.16271645E-06  2.37236013E-06  0.00000000E+00
  5.100000000000E-01  2.35558365E-06  2.58689798E-06  0.00000000E+00
  5.200000000000E-01  2.56637542E-06  2.82176919E-06  0.00000000E+00
  5.300000000000E-01  2.79685123E-06  3.07890274E-06  0.00000000E+00
  5.400000000000E-01  3.04894166E-06  3.36044218E-06  0.00000000E+00
  5.500000000000E-01  3.32476317E-06  3.66875464E-06  0.00000000E+00
  5.600000000000E-01  3.62663589E-06  4.00644638E-06  0.00000000E+00
  5.700000000000E-01  3.95710409E-06  4.37638309E-06  0.00000000E+00
  5.800000000000E-01  4.31895896E-06  4.78171384E-06  0.00000000E+00
  5.900000000000E-01  4.71526378E-06  5.22589843E-06  0.00000000E+00
  6.000000000000E-01  5.14938151E-06  5.71273791E-06  0.00000000E+00
  6.000000000000E-01  5.14938151E-06  5.71273791E-06  0.00000000E+00
  6.100000000000E-01  1.16174066E-04  1.21500921E-04  0.00000000E+00
  6.200000000000E-01  6.17286810E-04  6.44708209E-04  0.00000000E+00
  6.300000000000E-01  2.86973104E-03  2.96296174E-03  0.00000000E+00
  6.400000000000E-01  1.31162544E-02  1.33729157E-02  0.00000000E+00
  6.500000000000E-01  5.99262466E-02  6.03771612E-02  0.00000000E+00
  6.600000000000E-01  2.74375179E-01  2.73343959E-01  0.00000000E+00
  6.700000000000E-01  1.25925176E+00  1.24084861E+00  0.00000000E+00
  6.800000000000E-01  5.79064117E+00  5.64485022E+00  0.00000000E+00
  6.900000000000E-01  2.66154140E+01  2.56861481E+01  0.00000000E+00
  6.992494878008E-01  1.08010300E+02  1.03646206E+02  0.00000000E+00
