  5.723938498250E+01  2.87908769E+03  3.44261047E+03  4.76231059E+01
  5.723942498250E+01  2.87900571E+03  3.44254076E+03  4.76226132E+01
  5.723946498250E+01  2.87892387E+03  3.44247111E+03  4.76220807E+01
  5.723950498250E+01  2.87884216E+03  3.44240155E+03  4.76215086E+01
  5.723954498250E+01  2.87876058E+03  3.44233205E+03  4.76208967E+01
  5.723958498250E+01  2.87867913E+03  3.44226263E+03  4.76202451E+01
  5.723962498250E+01  2.87859781E+03  3.44219328E+03  4.76195538E+01
  5.723966498250E+01  2.87851662E+03  3.44212401E+03  4.76188227E+01
  5.723970498250E+01  2.87843556E+03  3.44205482E+03  4.76180519E+01
  5.723974498250E+01  2.87835464E+03  3.44198570E+03  4.76172413E+01
  5.723978498250E+01  2.87827385E+03  3.44191666E+03  4.76163909E+01
  5.723978498250E+01  2.87820710E+03  3.44221727E+03  4.76249573E+01
  5.723982498250E+01  2.87916398E+03  3.44154214E+03  4.76314062E+01
  5.723986498250E+01  2.87864390E+03  3.44178116E+03  4.76318234E+01
  5.723990498250E+01  2.87839816E+03  3.44181072E+03  4.76295235E+01
  5.723994498250E+01  2.87824152E+03  3.44178618E+03  4.76262429E+01
  5.723998498250E+01  2.87812156E+03  3.44174162E+03  4.76228465E+01
  5.724002498250E+01  2.87801734E+03  3.44168822E+03  4.76196427E+01
  5.724006498250E+01  2.87792013E+03  3.44162985E+03  4.76166928E+01
  5.724010498250E+01  2.87782643E+03  3.44156795E+03  4.76139700E+01
  5.724014498250E+01  2.87773496E+03  3.44150321E+03  4.76114254E+01
  5.724018498250E+01  2.87764531E+03  3.44143615E+03  4.76090116E+01
  5.724018498250E+01  2.87764987E+03  3.43417105E+03  4.76119813E+01
  5.724022498250E+01  2.87667828E+03  3.43442952E+03  4.76320946E+01
  5.724026498250E+01  2.87596018E+03  3.43436070E+03  4.76412162E+01
  5.724030498250E+01  2.87534343E+03  3.43415753E+03  4.76487815E+01
  5.724034498250E+01  2.87479192E+03  3.43389124E+03  4.76550059E+01
  5.724038498250E+01  2.87429771E+03  3.43359462E+03  4.76598270E+01
  5.724042498250E+01  2.87385557E+03  3.43328645E+03  4.76633171E+01
  5.724046498250E+01  2.87345943E+03  3.43297786E+03  4.76656349E+01
  5.724050498250E+01  2.87310277E+03  3.43267527E+03  4.76669616E+01
  5.724054498250E+01  2.87277938E+03  3.43238207E+03  4.76674651E+01
  5.724058498250E+01  2.87248383E+03  3.43209981E+03  4.76672864E+01
