  0.000000000000E+00  0.00000000E+00  0.00000000E+00  0.00000000E+00
  5.000000000000E-02  2.75982105E-02  2.03568271E-02  0.00000000E+00
  1.000000000000E-01  1.27841162E+00  8.84028431E-01  0.00000000E+00
  1.500000000000E-01  5.79119811E+01  3.96965635E+01  0.00000000E+00
  1.857152580098E-01  3.39743103E+02  2.52281441E+02  0.00000000E+00
  2.136205972905E-01  5.12788848E+02  3.89019830E+02  0.00000000E+00
  2.415259365712E-01  6.50622392E+02  4.81160004E+02  0.00000000E+00
  2.694312758519E-01  6.71777703E+02  4.99370753E+02  0.00000000E+00
  2.973366151326E-01  6.20062839E+02  4.57175340E+02  0.00000000E+00
  3.252419544133E-01  6.28478869E+02  4.64366479E+02  0.00000000E+00
  3.531472936940E-01  6.36493613E+02  4.70930890E+02  0.00000000E+00
  3.810526329748E-01  6.31895041E+02  4.67117973E+02  0.00000000E+00
  4.089579722555E-01  6.30562439E+02  4.65969682E+02  0.00000000E+00
  4.368633115362E-01  6.31620678E+02  4.66799454E+02  0.00000000E+00
  4.647686508169E-01  6.31427377E+02  4.66622684E+02  0.00000000E+00
  4.926739900976E-01  6.31050024E+02  4.66287792E+02  0.00000000E+00
  5.205793293783E-01  6.31075011E+02  4.66275902E+02  0.00000000E+00
  5.484846686591E-01  6.31090977E+02  4.66261378E+02  0.00000000E+00
  5.763900079398E-01  6.31043294E+02  4.66197962E+02  0.00000000E+00
  6.042953472205E-01  6.31033564E+02  4.66165448E+02  0.00000000E+00
  6.322006865012E-01  6.31044552E+02  4.66150655E+02  0.00000000E+00
