  0.000000000000E+00  0.00000000E+00  0.00000000E+00  0.00000000E+00
  1.000000000000E-04  8.88457658E-07  7.36677524E-07  0.00000000E+00
  2.000000000000E-04  3.49136061E-06  2.90711751E-06  0.00000000E+00
  3.000000000000E-04  7.72965476E-06  6.45275877E-06  0.00000000E+00
  4.000000000000E-04  1.35310646E-05  1.13174051E-05  0.00000000E+00
  5.000000000000E-04  2.08257461E-05  1.74478616E-05  0.00000000E+00
  6.000000000000E-04  2.95467564E-05  2.47924416E-05  0.00000000E+00
  7.000000000000E-04  3.96299010E-05  3.33007693E-05  0.00000000E+00
  8.000000000000E-04  5.10132290E-05  4.29239471E-05  0.00000000E+00
  9.000000000000E-04  6.36367563E-05  5.36145075E-05  0.00000000E+00
  1.000000000000E-03  7.74423346E-05  6.53263098E-05  0.00000000E+00
  1.100000000000E-03  9.23735526E-05  7.80144753E-05  0.00000000E+00
  1.200000000000E-03  1.08375657E-04  9.16353397E-05  0.00000000E+00
  1.300000000000E-03  1.25395488E-04  1.06146411E-04  0.00000000E+00
  1.400000000000E-03  1.43381420E-04  1.21506336E-04  0.00000000E+00
  1.500000000000E-03  1.62283317E-04  1.37674866E-04  0.00000000E+00
  1.600000000000E-03  1.82052488E-04  1.54612830E-04  0.00000000E+00
  1.700000000000E-03  2.02641652E-04  1.72282109E-04  0.00000000E+00
  1.800000000000E-03  2.24004902E-04  1.90645609E-04  0.00000000E+00
  1.900000000000E-03  2.46097677E-04  2.09667241E-04  0.00000000E+00
  2.000000000000E-03  2.68876730E-04  2.29311897E-04  0.00000000E+00
  2.100000000000E-03  2.92300101E-04  2.49545432E-04  0.00000000E+00
  2.200000000000E-03  3.16327093E-04  2.70334646E-04  0.00000000E+00
  2.300000000000E-03  3.40918244E-04  2.91647263E-04  0.00000000E+00
  2.400000000000E-03  3.66035306E-04  3.13451918E-04  0.00000000E+00
  2.500000000000E-03  3.91641219E-04  3.35718134E-04  2.54060665E-15
  2.600000000000E-03  4.17700093E-04  3.58416313E-04  3.36829847E-15
  2.700000000000E-03  4.44177178E-04  3.81517714E-04  4.41327337E-15
  2.800000000000E-03  4.71038850E-04  4.04994443E-04  5.71955744E-15
  2.900000000000E-03  4.98252587E-04  4.28819435E-04  7.33753086E-15
  3.000000000000E-03  5.25786947E-04  4.52966439E-04  9.32446130E-15
  3.100000000000E-03  5.53611547E-04  4.77410007E-04  1.17450412E-14
  3.200000000000E-03  5.81697044E-04  5.02125476E-04  1.46719258E-14
  3.300000000000E-03  6.10015116E-04  5.27088957E-04  1.81862684E-14
  3.400000000000E-03  6.38538438E-04  5.52277322E-04  2.23782500E-14
  3.500000000000E-03  6.67240665E-04  5.77668186E-04  2.73476001E-14
  3.600000000000E-03  6.96096413E-04  6.03239899E-04  3.32041053E-14
  3.700000000000E-03  7.25081236E-04  6.28971530E-04  4.00681026E-14
  3.800000000000E-03  7.54171612E-04  6.54842853E-04  4.80709560E-14
  3.900000000000E-03  7.83344918E-04  6.80834338E-04  5.73555105E-14
  4.000000000000E-03  8.12579414E-04  7.06927135E-04  6.80765250E-14
  4.100000000000E-03  8.41854225E-04  7.33103061E-04  8.04010775E-14
  4.200000000000E-03  8.71149321E-04  7.59344590E-04  9.45089443E-14
  4.300000000000E-03  9.00445498E-04  7.85634837E-04  1.10592947E-13
  4.400000000000E-03  9.29724359E-04  8.11957550E-04  1.28859270E-13
  4.500000000000E-03  9.58968300E-04  8.38297094E-04  1.49527740E-13
  4.600000000000E-03  9.88160486E-04  8.64638439E-04  1.72832079E-13
  4.700000000000E-03  1.01728484E-03  8.90967151E-04  1.99020107E-13
  4.800000000000E-03  1.04632601E-03  9.17269375E-04  2.28353923E-13
  4.900000000000E-03  1.07526938E-03  9.43531827E-04  2.61110032E-13
  5.000000000000E-03  1.10410102E-03  9.69741781E-04  2.97579445E-13
  5.100000000000E-03  1.13280769E-03  9.95887057E-04  3.38067734E-13
  5.200000000000E-03  1.16137683E-03  1.02195601E-03  3.82895043E-13
  5.300000000000E-03  1.18979650E-03  1.04793751E-03  4.32396066E-13
  5.400000000000E-03  1.21805542E-03  1.07382095E-03  4.86919981E-13
  5.500000000000E-03  1.24614291E-03  1.09959622E-03  5.46830343E-13
  5.600000000000E-03  1.27404891E-03  1.12525368E-03  6.12504939E-13
  5.700000000000E-03  1.30176393E-03  1.15078419E-03  6.84335604E-13
  5.800000000000E-03  1.32927905E-03  1.17617907E-03  7.62727997E-13
  5.900000000000E-03  1.35658591E-03  1.20143009E-03  8.48101339E-13
  6.000000000000E-03  1.38367668E-03  1.22652946E-03  9.40888118E-13
  6.100000000000E-03  1.41054405E-03  1.25146982E-03  1.04153375E-12
  6.200000000000E-03  1.43718123E-03  1.27624425E-03  1.15049623E-12
  6.300000000000E-03  1.46358193E-03  1.30084622E-03  1.26824571E-12
  6.400000000000E-03  1.48974030E-03  1.32526962E-03  1.39526406E-12
  6.500000000000E-03  1.51565100E-03  1.34950871E-03  1.53204445E-12
  6.600000000000E-03  1.54130910E-03  1.37355814E-03  1.67909080E-12
  6.700000000000E-03  1.56671014E-03  1.39741293E-03  1.83691733E-12
  6.800000000000E-03  1.59185006E-03  1.42106846E-03  2.00604795E-12
  6.900000000000E-03  1.61672521E-03  1.44452045E-03  2.18701575E-12
  7.000000000000E-03  1.64133236E-03  1.46776497E-03  2.38036236E-12
  7.100000000000E-03  1.66566861E-03  1.49079841E-03  2.58663741E-12
  7.200000000000E-03  1.68973149E-03  1.51361750E-03  2.80639785E-12
  7.300000000000E-03  1.71351886E-03  1.53621924E-03  3.04020732E-12
  7.400000000000E-03  1.73702890E-03  1.55860099E-03  3.28863555E-12
  7.500000000000E-03  1.76026017E-03  1.58076034E-03  3.55225760E-12
  7.600000000000E-03  1.78321151E-03  1.60269521E-03  3.83165327E-12
  7.700000000000E-03  1.80588210E-03  1.62440376E-03  4.12740639E-12
  7.800000000000E-03  1.82827139E-03  1.64588445E-03  4.44010409E-12
  7.900000000000E-03  1.85037914E-03  1.66713596E-03  4.77033620E-12
  8.000000000000E-03  1.87220537E-03  1.68815724E-03  5.11869443E-12
  8.100000000000E-03  1.89375038E-03  1.70894749E-03  5.48577181E-12
  8.200000000000E-03  1.91501470E-03  1.72950610E-03  5.87216188E-12
  8.300000000000E-03  1.93599913E-03  1.74983272E-03  6.27845806E-12
  8.400000000000E-03  1.95670468E-03  1.76992722E-03  6.70525295E-12
  8.500000000000E-03  1.97713260E-03  1.78978963E-03  7.15313764E-12
  8.600000000000E-03  1.99728434E-03  1.80942024E-03  7.62270105E-12
  8.700000000000E-03  2.01716158E-03  1.82881948E-03  8.11452926E-12
  8.800000000000E-03  2.03676617E-03  1.84798801E-03  8.62920486E-12
  8.900000000000E-03  2.05610015E-03  1.86692663E-03  9.16730629E-12
  9.000000000000E-03  2.07516575E-03  1.88563632E-03  9.72940724E-12
  9.100000000000E-03  2.09396536E-03  1.90411825E-03  1.03160760E-11
  9.200000000000E-03  2.11250152E-03  1.92237370E-03  1.09278750E-11
  9.300000000000E-03  2.13077695E-03  1.94040415E-03  1.15653599E-11
  9.400000000000E-03  2.14879450E-03  1.95821118E-03  1.22290794E-11
  9.500000000000E-03  2.16655714E-03  1.97579654E-03  1.29195745E-11
  9.600000000000E-03  2.18406799E-03  1.99316208E-03  1.36373781E-11
  9.700000000000E-03  2.20133029E-03  2.01030979E-03  1.43830143E-11
  9.800000000000E-03  2.21834738E-03  2.02724180E-03  1.51569981E-11
  9.900000000000E-03  2.23512273E-03  2.04396031E-03  1.59598347E-11
  1.000000000000E-02  2.25165989E-03  2.06046765E-03  1.67920195E-11
  1.010000000000E-02  2.26796251E-03  2.07676626E-03  1.76540373E-11
  1.020000000000E-02  2.28403433E-03  2.09285866E-03  1.85463620E-11
  1.030000000000E-02  2.29987918E-03  2.10874747E-03  1.94694562E-11
  1.040000000000E-02  2.31550094E-03  2.12443538E-03  2.04237711E-11
  1.050000000000E-02  2.33090359E-03  2.13992518E-03  2.14097458E-11
  1.060000000000E-02  2.34609115E-03  2.15521972E-03  2.24278074E-11
  1.070000000000E-02  2.36106771E-03  2.17032194E-03  2.34783704E-11
  1.080000000000E-02  2.37583740E-03  2.18523483E-03  2.45618367E-11
  1.090000000000E-02  2.39040442E-03  2.19996143E-03  2.56785950E-11
  1.100000000000E-02  2.40477299E-03  2.21450488E-03  2.68290212E-11
  1.110000000000E-02  2.41894738E-03  2.22886832E-03  2.80134778E-11
  1.120000000000E-02  2.43293189E-03  2.24305497E-03  2.92323138E-11
  1.130000000000E-02  2.44673085E-03  2.25706810E-03  3.04858647E-11
  1.140000000000E-02  2.46034860E-03  2.27091099E-03  3.17744524E-11
  1.150000000000E-02  2.47378952E-03  2.28458700E-03  3.30983847E-11
  1.160000000000E-02  2.48705799E-03  2.29809948E-03  3.44579562E-11
  1.170000000000E-02  2.50015842E-03  2.31145183E-03  3.58534472E-11
  1.180000000000E-02  2.51309520E-03  2.32464749E-03  3.72851245E-11
  1.190000000000E-02  2.52587275E-03  2.33768990E-03  3.87532408E-11
  1.200000000000E-02  2.53849548E-03  2.35058252E-03  4.02580352E-11
  1.210000000000E-02  2.55096779E-03  2.36332884E-03  4.17997331E-11
  1.220000000000E-02  2.56329409E-03  2.37593236E-03  4.33785464E-11
  1.230000000000E-02  2.57547876E-03  2.38839659E-03  4.49946731E-11
  1.240000000000E-02  2.58752618E-03  2.40072504E-03  4.66482981E-11
  1.250000000000E-02  2.59944072E-03  2.41292123E-03  4.83395929E-11
  1.260000000000E-02  2.61122673E-03  2.42498870E-03  5.00687159E-11
  1.270000000000E-02  2.62288852E-03  2.43693096E-03  5.18358125E-11
  1.280000000000E-02  2.63443040E-03  2.44875153E-03  5.36410155E-11
  1.290000000000E-02  2.64585665E-03  2.46045393E-03  5.54844450E-11
  1.300000000000E-02  2.65717150E-03  2.47204166E-03  5.73662087E-11
  1.310000000000E-02  2.66837919E-03  2.48351824E-03  5.92864024E-11
  1.320000000000E-02  2.67948390E-03  2.49488715E-03  6.12451098E-11
  1.330000000000E-02  2.69048977E-03  2.50615186E-03  6.32424033E-11
  1.340000000000E-02  2.70140092E-03  2.51731584E-03  6.52783436E-11
  1.350000000000E-02  2.71222143E-03  2.52838253E-03  6.73529807E-11
  1.360000000000E-02  2.72295533E-03  2.53935535E-03  6.94663537E-11
  1.370000000000E-02  2.73360663E-03  2.55023771E-03  7.16184912E-11
  1.380000000000E-02  2.74417927E-03  2.56103299E-03  7.38094119E-11
  1.390000000000E-02  2.75467717E-03  2.57174455E-03  7.60391245E-11
  1.400000000000E-02  2.76510418E-03  2.58237573E-03  7.83076282E-11
  1.410000000000E-02  2.77546414E-03  2.59292984E-03  8.06149132E-11
  1.420000000000E-02  2.78576079E-03  2.60341015E-03  8.29609610E-11
  1.430000000000E-02  2.79599787E-03  2.61381993E-03  8.53457444E-11
  1.440000000000E-02  2.80617905E-03  2.62416238E-03  8.77692283E-11
  1.450000000000E-02  2.81630794E-03  2.63444072E-03  9.02313699E-11
  1.460000000000E-02  2.82638811E-03  2.64465808E-03  9.27321191E-11
  1.470000000000E-02  2.83642308E-03  2.65481761E-03  9.52714186E-11
  1.480000000000E-02  2.84641631E-03  2.66492240E-03  9.78492047E-11
  1.490000000000E-02  2.85637121E-03  2.67497550E-03  1.00465407E-10
  1.500000000000E-02  2.86629113E-03  2.68497994E-03  1.03119951E-10
  1.510000000000E-02  2.87617937E-03  2.69493872E-03  1.05812754E-10
  1.520000000000E-02  2.88603917E-03  2.70485477E-03  1.08543730E-10
  1.530000000000E-02  2.89587373E-03  2.71473101E-03  1.11312787E-10
  1.540000000000E-02  2.90568616E-03  2.72457032E-03  1.14119832E-10
  1.550000000000E-02  2.91547956E-03  2.73437554E-03  1.16964763E-10
  1.560000000000E-02  2.92525693E-03  2.74414946E-03  1.19847478E-10
  1.570000000000E-02  2.93502124E-03  2.75389484E-03  1.22767870E-10
  1.580000000000E-02  2.94477539E-03  2.76361441E-03  1.25725831E-10
  1.590000000000E-02  2.95452223E-03  2.77331084E-03  1.28721249E-10
  1.600000000000E-02  2.96426455E-03  2.78298677E-03  1.31754010E-10
  1.610000000000E-02  2.97400509E-03  2.79264480E-03  1.34823999E-10
  1.620000000000E-02  2.98374651E-03  2.80228749E-03  1.37931098E-10
  1.630000000000E-02  2.99349145E-03  2.81191735E-03  1.41075191E-10
  1.640000000000E-02  3.00324246E-03  2.82153685E-03  1.44256157E-10
  1.650000000000E-02  3.01300204E-03  2.83114844E-03  1.47473879E-10
  1.660000000000E-02  3.02277266E-03  2.84075450E-03  1.50728236E-10
  1.670000000000E-02  3.03255670E-03  2.85035739E-03  1.54019112E-10
  1.680000000000E-02  3.04235650E-03  2.85995941E-03  1.57346386E-10
  1.690000000000E-02  3.05217434E-03  2.86956283E-03  1.60709942E-10
  1.700000000000E-02  3.06201246E-03  2.87916988E-03  1.64109665E-10
  1.710000000000E-02  3.07187301E-03  2.88878275E-03  1.67545440E-10
  1.720000000000E-02  3.08175813E-03  2.89840357E-03  1.71017154E-10
  1.730000000000E-02  3.09166988E-03  2.90803445E-03  1.74524698E-10
  1.740000000000E-02  3.10161026E-03  2.91767745E-03  1.78067963E-10
  1.750000000000E-02  3.11158124E-03  2.92733460E-03  1.81646844E-10
  1.760000000000E-02  3.12158472E-03  2.93700787E-03  1.85261240E-10
  1.770000000000E-02  3.13162255E-03  2.94669921E-03  1.88911052E-10
  1.780000000000E-02  3.14169654E-03  2.95641051E-03  1.92596184E-10
  1.790000000000E-02  3.15180843E-03  2.96614363E-03  1.96316545E-10
  1.800000000000E-02  3.16195993E-03  2.97590040E-03  2.00072047E-10
  1.810000000000E-02  3.17215269E-03  2.98568259E-03  2.03862608E-10
  1.820000000000E-02  3.18238831E-03  2.99549195E-03  2.07688149E-10
  1.830000000000E-02  3.19266834E-03  3.00533019E-03  2.11548596E-10
  1.840000000000E-02  3.20299430E-03  3.01519895E-03  2.15443880E-10
  1.850000000000E-02  3.21336763E-03  3.02509989E-03  2.19373936E-10
  1.860000000000E-02  3.22378975E-03  3.03503457E-03  2.23338708E-10
  1.870000000000E-02  3.23426203E-03  3.04500456E-03  2.27338141E-10
  1.880000000000E-02  3.24478579E-03  3.05501137E-03  2.31372189E-10
  1.890000000000E-02  3.25536230E-03  3.06505648E-03  2.35440810E-10
  1.900000000000E-02  3.26599280E-03  3.07514133E-03  2.39543969E-10
  1.910000000000E-02  3.27667848E-03  3.08526733E-03  2.43681637E-10
  1.920000000000E-02  3.28742049E-03  3.09543585E-03  2.47853791E-10
  1.930000000000E-02  3.29821993E-03  3.10564823E-03  2.52060415E-10
  1.940000000000E-02  3.30907788E-03  3.11590577E-03  2.56301500E-10
  1.950000000000E-02  3.31999535E-03  3.12620974E-03  2.60577043E-10
  1.960000000000E-02  3.33097333E-03  3.13656138E-03  2.64887048E-10
  1.970000000000E-02  3.34201277E-03  3.14696189E-03  2.69231528E-10
  1.980000000000E-02  3.35311459E-03  3.15741244E-03  2.73610499E-10
  1.990000000000E-02  3.36427965E-03  3.16791417E-03  2.78023989E-10
  2.000000000000E-02  3.37550880E-03  3.17846818E-03  2.82472031E-10
  2.000000000000E-02  3.37550880E-03  3.17846818E-03  2.82472031E-10
  2.010000000000E-02  3.38680290E-03  3.18907574E-03  2.86954679E-10
  2.020000000000E-02  3.39816266E-03  3.19973771E-03  2.91471967E-10
  2.030000000000E-02  3.40958880E-03  3.21045509E-03  2.96023949E-10
  2.040000000000E-02  3.42108202E-03  3.22122888E-03  3.00610688E-10
  2.050000000000E-02  3.43264299E-03  3.23206004E-03  3.05232257E-10
  2.060000000000E-02  3.44427234E-03  3.24294949E-03  3.09888735E-10
  2.070000000000E-02  3.45597069E-03  3.25389814E-03  3.14580209E-10
  2.080000000000E-02  3.46773859E-03  3.26490686E-03  3.19306773E-10
  2.090000000000E-02  3.47957661E-03  3.27597649E-03  3.24068532E-10
  2.100000000000E-02  3.49148526E-03  3.28710786E-03  3.28865597E-10
  2.110000000000E-02  3.50346502E-03  3.29830176E-03  3.33698088E-10
  2.120000000000E-02  3.51551636E-03  3.30955896E-03  3.38566131E-10
  2.130000000000E-02  3.52763971E-03  3.32088020E-03  3.43469863E-10
  2.140000000000E-02  3.53983548E-03  3.33226621E-03  3.48409429E-10
  2.150000000000E-02  3.55210406E-03  3.34371768E-03  3.53384979E-10
  2.160000000000E-02  3.56444580E-03  3.35523529E-03  3.58396675E-10
  2.170000000000E-02  3.57686104E-03  3.36681967E-03  3.63444686E-10
  2.180000000000E-02  3.58935010E-03  3.37847147E-03  3.68529189E-10
  2.190000000000E-02  3.60191326E-03  3.39019128E-03  3.73650369E-10
  2.200000000000E-02  3.61455080E-03  3.40197970E-03  3.78808421E-10
  2.210000000000E-02  3.62726296E-03  3.41383727E-03  3.84003545E-10
  2.220000000000E-02  3.64004997E-03  3.42576455E-03  3.89235953E-10
  2.230000000000E-02  3.65291203E-03  3.43776206E-03  3.94505864E-10
  2.240000000000E-02  3.66584935E-03  3.44983031E-03  3.99813503E-10
  2.250000000000E-02  3.67886209E-03  3.46196976E-03  4.05159107E-10
  2.260000000000E-02  3.69195039E-03  3.47418091E-03  4.10542919E-10
  2.270000000000E-02  3.70511441E-03  3.48646418E-03  4.15965190E-10
  2.280000000000E-02  3.71835426E-03  3.49882001E-03  4.21426181E-10
  2.290000000000E-02  3.73167004E-03  3.51124881E-03  4.26926160E-10
  2.300000000000E-02  3.74506185E-03  3.52375099E-03  4.32465403E-10
  2.310000000000E-02  3.75852975E-03  3.53632691E-03  4.38044195E-10
  2.320000000000E-02  3.77207381E-03  3.54897695E-03  4.43662828E-10
  2.330000000000E-02  3.78569407E-03  3.56170145E-03  4.49321604E-10
  2.340000000000E-02  3.79939058E-03  3.57450075E-03  4.55020831E-10
  2.350000000000E-02  3.81316335E-03  3.58737517E-03  4.60760826E-10
  2.360000000000E-02  3.82701239E-03  3.60032501E-03  4.66541914E-10
  2.370000000000E-02  3.84093770E-03  3.61335057E-03  4.72364428E-10
  2.380000000000E-02  3.85493926E-03  3.62645212E-03  4.78228709E-10
  2.390000000000E-02  3.86901707E-03  3.63962993E-03  4.84135106E-10
  2.400000000000E-02  3.88317108E-03  3.65288425E-03  4.90083976E-10
  2.410000000000E-02  3.89740125E-03  3.66621533E-03  4.96075682E-10
  2.420000000000E-02  3.91170754E-03  3.67962339E-03  5.02110598E-10
  2.430000000000E-02  3.92608989E-03  3.69310866E-03  5.08189103E-10
  2.440000000000E-02  3.94054823E-03  3.70667134E-03  5.14311585E-10
  2.450000000000E-02  3.95508248E-03  3.72031163E-03  5.20478440E-10
  2.460000000000E-02  3.96969258E-03  3.73402971E-03  5.26690071E-10
  2.470000000000E-02  3.98437843E-03  3.74782577E-03  5.32946888E-10
  2.480000000000E-02  3.99913994E-03  3.76169998E-03  5.39249311E-10
  2.490000000000E-02  4.01397701E-03  3.77565248E-03  5.45597764E-10
  2.500000000000E-02  4.02888955E-03  3.78968344E-03  5.51992682E-10
  2.510000000000E-02  4.04387744E-03  3.80379299E-03  5.58434504E-10
  2.520000000000E-02  4.05894057E-03  3.81798127E-03  5.64923680E-10
  2.530000000000E-02  4.07407883E-03  3.83224840E-03  5.71460664E-10
  2.540000000000E-02  4.08929210E-03  3.84659451E-03  5.78045920E-10
  2.550000000000E-02  4.10458025E-03  3.86101970E-03  5.84679917E-10
  2.560000000000E-02  4.11994317E-03  3.87552408E-03  5.91363133E-10
  2.570000000000E-02  4.13538071E-03  3.89010776E-03  5.98096052E-10
  2.580000000000E-02  4.15089276E-03  3.90477081E-03  6.04879166E-10
  2.590000000000E-02  4.16647918E-03  3.91951334E-03  6.11712974E-10
  2.600000000000E-02  4.18213984E-03  3.93433542E-03  6.18597982E-10
  2.610000000000E-02  4.19787460E-03  3.94923712E-03  6.25534703E-10
  2.620000000000E-02  4.21368333E-03  3.96421852E-03  6.32523656E-10
  2.630000000000E-02  4.22956589E-03  3.97927969E-03  6.39565369E-10
  2.640000000000E-02  4.24552215E-03  3.99442068E-03  6.46660375E-10
  2.650000000000E-02  4.26155197E-03  4.00964156E-03  6.53809214E-10
  2.660000000000E-02  4.27765521E-03  4.02494237E-03  6.61012436E-10
  2.670000000000E-02  4.29383173E-03  4.04032317E-03  6.68270593E-10
  2.680000000000E-02  4.31008141E-03  4.05578400E-03  6.75584248E-10
  2.690000000000E-02  4.32640411E-03  4.07132491E-03  6.82953967E-10
  2.700000000000E-02  4.34279970E-03  4.08694594E-03  6.90380326E-10
  2.710000000000E-02  4.35926804E-03  4.10264712E-03  6.97863907E-10
  2.720000000000E-02  4.37580900E-03  4.11842849E-03  7.05405296E-10
  2.730000000000E-02  4.39242246E-03  4.13429008E-03  7.13005090E-10
  2.740000000000E-02  4.40910829E-03  4.15023192E-03  7.20663888E-10
  2.750000000000E-02  4.42586637E-03  4.16625405E-03  7.28382299E-10
  2.760000000000E-02  4.44269658E-03  4.18235648E-03  7.36160938E-10
  2.770000000000E-02  4.45959879E-03  4.19853924E-03  7.44000425E-10
  2.780000000000E-02  4.47657290E-03  4.21480236E-03  7.51901388E-10
  2.790000000000E-02  4.49361878E-03  4.23114586E-03  7.59864461E-10
  2.800000000000E-02  4.51073633E-03  4.24756976E-03  7.67890284E-10
  2.810000000000E-02  4.52792544E-03  4.26407408E-03  7.75979505E-10
  2.820000000000E-02  4.54518602E-03  4.28065885E-03  7.84132775E-10
  2.830000000000E-02  4.56251795E-03  4.29732407E-03  7.92350757E-10
  2.840000000000E-02  4.57992115E-03  4.31406978E-03  8.00634114E-10
  2.850000000000E-02  4.59739552E-03  4.33089599E-03  8.08983521E-10
  2.860000000000E-02  4.61494097E-03  4.34780272E-03  8.17399655E-10
  2.870000000000E-02  4.63255743E-03  4.36478998E-03  8.25883203E-10
  2.880000000000E-02  4.65024480E-03  4.38185781E-03  8.34434855E-10
  2.890000000000E-02  4.66800302E-03  4.39900622E-03  8.43055310E-10
  2.900000000000E-02  4.68583201E-03  4.41623522E-03  8.51745272E-10
  2.910000000000E-02  4.70373171E-03  4.43354485E-03  8.60505451E-10
  2.920000000000E-02  4.72170205E-03  4.45093512E-03  8.69336565E-10
  2.930000000000E-02  4.73974298E-03  4.46840605E-03  8.78239337E-10
  2.940000000000E-02  4.75785444E-03  4.48595768E-03  8.87214495E-10
  2.950000000000E-02  4.77603639E-03  4.50359002E-03  8.96262776E-10
  2.960000000000E-02  4.79428877E-03  4.52130311E-03  9.05384922E-10
  2.970000000000E-02  4.81261157E-03  4.53909697E-03  9.14581682E-10
  2.980000000000E-02  4.83100473E-03  4.55697163E-03  9.23853810E-10
  2.990000000000E-02  4.84946823E-03  4.57492712E-03  9.33202066E-10
  3.000000000000E-02  4.86800205E-03  4.59296347E-03  9.42627219E-10
  3.010000000000E-02  4.88660616E-03  4.61108072E-03  9.52130041E-10
  3.020000000000E-02  4.90528057E-03  4.62927891E-03  9.61711313E-10
  3.030000000000E-02  4.92402525E-03  4.64755807E-03  9.71371821E-10
  3.040000000000E-02  4.94284020E-03  4.66591825E-03  9.81112358E-10
  3.050000000000E-02  4.96172543E-03  4.68435948E-03  9.90933722E-10
  3.060000000000E-02  4.98068095E-03  4.70288182E-03  1.00083672E-09
  3.070000000000E-02  4.99970676E-03  4.72148530E-03  1.01082216E-09
  3.080000000000E-02  5.01880289E-03  4.74016998E-03  1.02089086E-09
  3.090000000000E-02  5.03796936E-03  4.75893591E-03  1.03104365E-09
  3.100000000000E-02  5.05720619E-03  4.77778314E-03  1.04128135E-09
  3.110000000000E-02  5.07651342E-03  4.79671173E-03  1.05160481E-09
  3.120000000000E-02  5.09589110E-03  4.81572174E-03  1.06201487E-09
  3.130000000000E-02  5.11533926E-03  4.83481323E-03  1.07251237E-09
  3.140000000000E-02  5.13485795E-03  4.85398627E-03  1.08309818E-09
  3.150000000000E-02  5.15444724E-03  4.87324091E-03  1.09377316E-09
  3.160000000000E-02  5.17410717E-03  4.89257724E-03  1.10453817E-09
  3.170000000000E-02  5.19383782E-03  4.91199533E-03  1.11539409E-09
  3.180000000000E-02  5.21363926E-03  4.93149525E-03  1.12634181E-09
  3.190000000000E-02  5.23351156E-03  4.95107707E-03  1.13738221E-09
  3.200000000000E-02  5.25345481E-03  4.97074089E-03  1.14851620E-09
  3.210000000000E-02  5.27346909E-03  4.99048678E-03  1.15974466E-09
  3.220000000000E-02  5.29355449E-03  5.01031483E-03  1.17106852E-09
  3.230000000000E-02  5.31371111E-03  5.03022514E-03  1.18248868E-09
  3.240000000000E-02  5.33393906E-03  5.05021779E-03  1.19400607E-09
  3.250000000000E-02  5.35423844E-03  5.07029289E-03  1.20562162E-09
  3.260000000000E-02  5.37460936E-03  5.09045053E-03  1.21733627E-09
  3.270000000000E-02  5.39505194E-03  5.11069082E-03  1.22915095E-09
  3.280000000000E-02  5.41556630E-03  5.13101386E-03  1.24106662E-09
  3.290000000000E-02  5.43615257E-03  5.15141976E-03  1.25308424E-09
  3.300000000000E-02  5.45681089E-03  5.17190863E-03  1.26520476E-09
  3.310000000000E-02  5.47754139E-03  5.19248059E-03  1.27742916E-09
  3.320000000000E-02  5.49834420E-03  5.21313576E-03  1.28975842E-09
  3.330000000000E-02  5.51921949E-03  5.23387426E-03  1.30219351E-09
  3.340000000000E-02  5.54016740E-03  5.25469622E-03  1.31473544E-09
  3.350000000000E-02  5.56118809E-03  5.27560176E-03  1.32738520E-09
  3.360000000000E-02  5.58228172E-03  5.29659102E-03  1.34014380E-09
  3.370000000000E-02  5.60344845E-03  5.31766412E-03  1.35301224E-09
  3.380000000000E-02  5.62468845E-03  5.33882122E-03  1.36599156E-09
  3.390000000000E-02  5.64600191E-03  5.36006245E-03  1.37908278E-09
  3.400000000000E-02  5.66738900E-03  5.38138795E-03  1.39228693E-09
  3.410000000000E-02  5.68884990E-03  5.40279788E-03  1.40560505E-09
  3.420000000000E-02  5.71038480E-03  5.42429239E-03  1.41903821E-09
  3.430000000000E-02  5.73199390E-03  5.44587162E-03  1.43258745E-09
  3.440000000000E-02  5.75367740E-03  5.46753574E-03  1.44625384E-09
  3.450000000000E-02  5.77543548E-03  5.48928492E-03  1.46003845E-09
  3.460000000000E-02  5.79726837E-03  5.51111930E-03  1.47394236E-09
  3.470000000000E-02  5.81917626E-03  5.53303907E-03  1.48796667E-09
  3.480000000000E-02  5.84115938E-03  5.55504440E-03  1.50211247E-09
  3.490000000000E-02  5.86321794E-03  5.57713545E-03  1.51638085E-09
  3.500000000000E-02  5.88535216E-03  5.59931240E-03  1.53077295E-09
  3.510000000000E-02  5.90756227E-03  5.62157544E-03  1.54528986E-09
  3.520000000000E-02  5.92984850E-03  5.64392475E-03  1.55993273E-09
  3.530000000000E-02  5.95221108E-03  5.66636052E-03  1.57470268E-09
  3.540000000000E-02  5.97465025E-03  5.68888293E-03  1.58960087E-09
  3.550000000000E-02  5.99716625E-03  5.71149218E-03  1.60462844E-09
  3.560000000000E-02  6.01975932E-03  5.73418848E-03  1.61978656E-09
  3.570000000000E-02  6.04242972E-03  5.75697200E-03  1.63507639E-09
  3.580000000000E-02  6.06517769E-03  5.77984297E-03  1.65049911E-09
  3.590000000000E-02  6.08800350E-03  5.80280159E-03  1.66605591E-09
  3.600000000000E-02  6.11090740E-03  5.82584806E-03  1.68174798E-09
  3.610000000000E-02  6.13388965E-03  5.84898259E-03  1.69757653E-09
  3.620000000000E-02  6.15695051E-03  5.87220541E-03  1.71354276E-09
  3.630000000000E-02  6.18009027E-03  5.89551673E-03  1.72964790E-09
  3.640000000000E-02  6.20330918E-03  5.91891677E-03  1.74589318E-09
  3.650000000000E-02  6.22660753E-03  5.94240576E-03  1.76227983E-09
  3.660000000000E-02  6.24998559E-03  5.96598393E-03  1.77880910E-09
  3.670000000000E-02  6.27344365E-03  5.98965149E-03  1.79548225E-09
  3.680000000000E-02  6.29698199E-03  6.01340870E-03  1.81230054E-09
  3.690000000000E-02  6.32060090E-03  6.03725578E-03  1.82926525E-09
  3.700000000000E-02  6.34430067E-03  6.06119297E-03  1.84637766E-09
  3.710000000000E-02  6.36808159E-03  6.08522051E-03  1.86363906E-09
  3.720000000000E-02  6.39194396E-03  6.10933866E-03  1.88105076E-09
  3.730000000000E-02  6.41588808E-03  6.13354765E-03  1.89861407E-09
  3.740000000000E-02  6.43991425E-03  6.15784774E-03  1.91633031E-09
  3.750000000000E-02  6.46402278E-03  6.18223919E-03  1.93420080E-09
  3.760000000000E-02  6.48821397E-03  6.20672224E-03  1.95222690E-09
  3.770000000000E-02  6.51248813E-03  6.23129715E-03  1.97040995E-09
  3.780000000000E-02  6.53684558E-03  6.25596420E-03  1.98875132E-09
  3.790000000000E-02  6.56128663E-03  6.28072363E-03  2.00725236E-09
  3.800000000000E-02  6.58581160E-03  6.30557573E-03  2.02591447E-09
  3.810000000000E-02  6.61042081E-03  6.33052075E-03  2.04473903E-09
  3.820000000000E-02  6.63511459E-03  6.35555898E-03  2.06372745E-09
  3.830000000000E-02  6.65989325E-03  6.38069068E-03  2.08288113E-09
  3.840000000000E-02  6.68475712E-03  6.40591614E-03  2.10220150E-09
  3.850000000000E-02  6.70970654E-03  6.43123563E-03  2.12168999E-09
  3.860000000000E-02  6.73474184E-03  6.45664943E-03  2.14134805E-09
  3.870000000000E-02  6.75986334E-03  6.48215784E-03  2.16117711E-09
  3.880000000000E-02  6.78507140E-03  6.50776114E-03  2.18117866E-09
  3.890000000000E-02  6.81036633E-03  6.53345962E-03  2.20135416E-09
  3.900000000000E-02  6.83574849E-03  6.55925357E-03  2.22170509E-09
  3.910000000000E-02  6.86121822E-03  6.58514328E-03  2.24223297E-09
  3.920000000000E-02  6.88677586E-03  6.61112907E-03  2.26293929E-09
  3.930000000000E-02  6.91242175E-03  6.63721122E-03  2.28382557E-09
  3.940000000000E-02  6.93815625E-03  6.66339003E-03  2.30489334E-09
  3.950000000000E-02  6.96397971E-03  6.68966582E-03  2.32614414E-09
  3.960000000000E-02  6.98989248E-03  6.71603889E-03  2.34757954E-09
  3.970000000000E-02  7.01589491E-03  6.74250954E-03  2.36920108E-09
  3.980000000000E-02  7.04198736E-03  6.76907810E-03  2.39101036E-09
  3.990000000000E-02  7.06817018E-03  6.79574487E-03  2.41300895E-09
  4.000000000000E-02  7.09444374E-03  6.82251017E-03  2.43519845E-09
  4.000000000000E-02  7.09444374E-03  6.82251017E-03  2.43519845E-09
  4.010000000000E-02  7.12080839E-03  6.84937432E-03  2.45758049E-09
  4.020000000000E-02  7.14726422E-03  6.87633736E-03  2.48015637E-09
  4.030000000000E-02  7.17381179E-03  6.90339979E-03  2.50292794E-09
  4.040000000000E-02  7.20045153E-03  6.93056203E-03  2.52589691E-09
  4.050000000000E-02  7.22718384E-03  6.95782441E-03  2.54906496E-09
  4.060000000000E-02  7.25400908E-03  6.98518727E-03  2.57243377E-09
  4.070000000000E-02  7.28092763E-03  7.01265095E-03  2.59600502E-09
  4.080000000000E-02  7.30793987E-03  7.04021578E-03  2.61978042E-09
  4.090000000000E-02  7.33504617E-03  7.06788211E-03  2.64376168E-09
  4.100000000000E-02  7.36224690E-03  7.09565025E-03  2.66795052E-09
  4.110000000000E-02  7.38954244E-03  7.12352056E-03  2.69234868E-09
  4.120000000000E-02  7.41693317E-03  7.15149338E-03  2.71695791E-09
  4.130000000000E-02  7.44441948E-03  7.17956905E-03  2.74177997E-09
  4.140000000000E-02  7.47200172E-03  7.20774792E-03  2.76681664E-09
  4.150000000000E-02  7.49968031E-03  7.23603033E-03  2.79206971E-09
  4.160000000000E-02  7.52745560E-03  7.26441664E-03  2.81754097E-09
  4.170000000000E-02  7.55532800E-03  7.29290719E-03  2.84323226E-09
  4.180000000000E-02  7.58329788E-03  7.32150233E-03  2.86914539E-09
  4.190000000000E-02  7.61136564E-03  7.35020244E-03  2.89528222E-09
  4.200000000000E-02  7.63953166E-03  7.37900785E-03  2.92164460E-09
  4.210000000000E-02  7.66779633E-03  7.40791893E-03  2.94823440E-09
  4.220000000000E-02  7.69616005E-03  7.43693605E-03  2.97505351E-09
  4.230000000000E-02  7.72462321E-03  7.46605956E-03  3.00210383E-09
  4.240000000000E-02  7.75318620E-03  7.49528983E-03  3.02938727E-09
  4.250000000000E-02  7.78184941E-03  7.52462722E-03  3.05690578E-09
  4.260000000000E-02  7.81061325E-03  7.55407211E-03  3.08466128E-09
  4.270000000000E-02  7.83947811E-03  7.58362486E-03  3.11265573E-09
  4.280000000000E-02  7.86844438E-03  7.61328584E-03  3.14089112E-09
  4.290000000000E-02  7.89751248E-03  7.64305544E-03  3.16936943E-09
  4.300000000000E-02  7.92668280E-03  7.67293402E-03  3.19809266E-09
  4.310000000000E-02  7.95595574E-03  7.70292196E-03  3.22706284E-09
  4.320000000000E-02  7.98533170E-03  7.73301964E-03  3.25628199E-09
  4.330000000000E-02  8.01481110E-03  7.76322743E-03  3.28575217E-09
  4.340000000000E-02  8.04439433E-03  7.79354574E-03  3.31547544E-09
  4.350000000000E-02  8.07408181E-03  7.82397492E-03  3.34545388E-09
  4.360000000000E-02  8.10387394E-03  7.85451538E-03  3.37568959E-09
  4.370000000000E-02  8.13377113E-03  7.88516750E-03  3.40618469E-09
  4.380000000000E-02  8.16377379E-03  7.91593167E-03  3.43694129E-09
  4.390000000000E-02  8.19388233E-03  7.94680827E-03  3.46796154E-09
  4.400000000000E-02  8.22409717E-03  7.97779770E-03  3.49924761E-09
  4.410000000000E-02  8.25441871E-03  8.00890036E-03  3.53080167E-09
  4.420000000000E-02  8.28484738E-03  8.04011664E-03  3.56262592E-09
  4.430000000000E-02  8.31538359E-03  8.07144694E-03  3.59472257E-09
  4.440000000000E-02  8.34602775E-03  8.10289164E-03  3.62709383E-09
  4.450000000000E-02  8.37678028E-03  8.13445117E-03  3.65974197E-09
  4.460000000000E-02  8.40764161E-03  8.16612591E-03  3.69266923E-09
  4.470000000000E-02  8.43861215E-03  8.19791627E-03  3.72587790E-09
  4.480000000000E-02  8.46969232E-03  8.22982266E-03  3.75937027E-09
  4.490000000000E-02  8.50088255E-03  8.26184548E-03  3.79314866E-09
  4.500000000000E-02  8.53218326E-03  8.29398514E-03  3.82721539E-09
  4.510000000000E-02  8.56359487E-03  8.32624205E-03  3.86157281E-09
  4.520000000000E-02  8.59511781E-03  8.35861662E-03  3.89622330E-09
  4.530000000000E-02  8.62675251E-03  8.39110926E-03  3.93116922E-09
  4.540000000000E-02  8.65849939E-03  8.42372039E-03  3.96641299E-09
  4.550000000000E-02  8.69035889E-03  8.45645043E-03  4.00195703E-09
  4.560000000000E-02  8.72233143E-03  8.48929978E-03  4.03780376E-09
  4.570000000000E-02  8.75441744E-03  8.52226888E-03  4.07395566E-09
  4.580000000000E-02  8.78661736E-03  8.55535814E-03  4.11041519E-09
  4.590000000000E-02  8.81893161E-03  8.58856798E-03  4.14718485E-09
  4.600000000000E-02  8.85136064E-03  8.62189882E-03  4.18426716E-09
  4.610000000000E-02  8.88390488E-03  8.65535110E-03  4.22166463E-09
  4.620000000000E-02  8.91656477E-03  8.68892524E-03  4.25937984E-09
  4.630000000000E-02  8.94934073E-03  8.72262166E-03  4.29741534E-09
  4.640000000000E-02  8.98223323E-03  8.75644079E-03  4.33577372E-09
  4.650000000000E-02  9.01524268E-03  8.79038307E-03  4.37445760E-09
  4.660000000000E-02  9.04836954E-03  8.82444893E-03  4.41346961E-09
  4.670000000000E-02  9.08161424E-03  8.85863881E-03  4.45281239E-09
  4.680000000000E-02  9.11497723E-03  8.89295313E-03  4.49248861E-09
  4.690000000000E-02  9.14845896E-03  8.92739234E-03  4.53250096E-09
  4.700000000000E-02  9.18205987E-03  8.96195687E-03  4.57285216E-09
  4.710000000000E-02  9.21578040E-03  8.99664717E-03  4.61354493E-09
  4.720000000000E-02  9.24962101E-03  9.03146367E-03  4.65458202E-09
  4.730000000000E-02  9.28358215E-03  9.06640683E-03  4.69596620E-09
  4.740000000000E-02  9.31766426E-03  9.10147708E-03  4.73770027E-09
  4.750000000000E-02  9.35186779E-03  9.13667486E-03  4.77978704E-09
  4.760000000000E-02  9.38619321E-03  9.17200064E-03  4.82222935E-09
  4.770000000000E-02  9.42064096E-03  9.20745485E-03  4.86503004E-09
  4.780000000000E-02  9.45521151E-03  9.24303795E-03  4.90819201E-09
  4.790000000000E-02  9.48990529E-03  9.27875039E-03  4.95171813E-09
  4.800000000000E-02  9.52472279E-03  9.31459263E-03  4.99561135E-09
  4.810000000000E-02  9.55966444E-03  9.35056512E-03  5.03987460E-09
  4.820000000000E-02  9.59473073E-03  9.38666831E-03  5.08451084E-09
  4.830000000000E-02  9.62992209E-03  9.42290266E-03  5.12952306E-09
  4.840000000000E-02  9.66523901E-03  9.45926864E-03  5.17491428E-09
  4.850000000000E-02  9.70068194E-03  9.49576671E-03  5.22068752E-09
  4.860000000000E-02  9.73625135E-03  9.53239732E-03  5.26684584E-09
  4.870000000000E-02  9.77194770E-03  9.56916095E-03  5.31339232E-09
  4.880000000000E-02  9.80777148E-03  9.60605806E-03  5.36033006E-09
  4.890000000000E-02  9.84372313E-03  9.64308912E-03  5.40766218E-09
  4.900000000000E-02  9.87980314E-03  9.68025459E-03  5.45539184E-09
  4.910000000000E-02  9.91601198E-03  9.71755494E-03  5.50352219E-09
  4.920000000000E-02  9.95235012E-03  9.75499066E-03  5.55205645E-09
  4.930000000000E-02  9.98881803E-03  9.79256221E-03  5.60099782E-09
  4.940000000000E-02  1.00254162E-02  9.83027007E-03  5.65034955E-09
  4.950000000000E-02  1.00621451E-02  9.86811472E-03  5.70011491E-09
  4.960000000000E-02  1.00990052E-02  9.90609662E-03  5.75029718E-09
  4.970000000000E-02  1.01359970E-02  9.94421628E-03  5.80089970E-09
  4.980000000000E-02  1.01731210E-02  9.98247416E-03  5.85192579E-09
  4.990000000000E-02  1.02103776E-02  1.00208707E-02  5.90337883E-09
  5.000000000000E-02  1.02477674E-02  1.00594065E-02  5.95526220E-09
