  0.000000000000E+00  0.00000000E+00  0.00000000E+00  0.00000000E+00  0.00000000E+00
  1.000000000000E-04  8.88457658E-07  7.36677524E-07  2.78958167E-07  0.00000000E+00
  2.000000000000E-04  3.49136061E-06  2.90711751E-06  1.09422685E-06  0.00000000E+00
  3.000000000000E-04  7.72965476E-06  6.45275877E-06  2.41809850E-06  0.00000000E+00
  4.000000000000E-04  1.35310646E-05  1.13174051E-05  4.22544426E-06  0.00000000E+00
  5.000000000000E-04  2.08257461E-05  1.74478616E-05  6.49226337E-06  0.00000000E+00
  6.000000000000E-04  2.95467564E-05  2.47924416E-05  9.19568365E-06  0.00000000E+00
  7.000000000000E-04  3.96299010E-05  3.33007693E-05  1.23138893E-05  0.00000000E+00
  8.000000000000E-04  5.10132290E-05  4.29239471E-05  1.58259542E-05  0.00000000E+00
  9.000000000000E-04  6.36367563E-05  5.36145075E-05  1.97117284E-05  0.00000000E+00
  1.000000000000E-03  7.74423346E-05  6.53263098E-05  2.39517735E-05  0.00000000E+00
  1.100000000000E-03  9.23735526E-05  7.80144753E-05  2.85273171E-05  0.00000000E+00
  1.200000000000E-03  1.08375657E-04  9.16353397E-05  3.34202162E-05  0.00000000E+00
  1.300000000000E-03  1.25395488E-04  1.06146411E-04  3.86129259E-05  0.00000000E+00
  1.400000000000E-03  1.43381420E-04  1.21506336E-04  4.40884723E-05  0.00000000E+00
  1.500000000000E-03  1.62283317E-04  1.37674866E-04  4.98304296E-05  0.00000000E+00
  1.600000000000E-03  1.82052488E-04  1.54612830E-04  5.58229003E-05  0.00000000E+00
  1.700000000000E-03  2.02641652E-04  1.72282109E-04  6.20504974E-05  0.00000000E+00
  1.800000000000E-03  2.24004902E-04  1.90645609E-04  6.84983289E-05  0.00000000E+00
  1.900000000000E-03  2.46097677E-04  2.09667241E-04  7.51519825E-05  0.00000000E+00
  2.000000000000E-03  2.68876730E-04  2.29311897E-04  8.19975130E-05  0.00000000E+00
  2.100000000000E-03  2.92300101E-04  2.49545432E-04  8.90214291E-05  0.00000000E+00
  2.200000000000E-03  3.16327093E-04  2.70334646E-04  9.62106821E-05  0.00000000E+00
  2.300000000000E-03  3.40918244E-04  2.91647263E-04  1.03552655E-04  0.00000000E+00
  2.400000000000E-03  3.66035306E-04  3.13451918E-04  1.11035152E-04  0.00000000E+00
  2.500000000000E-03  3.91641219E-04  3.35718134E-04  1.18646388E-04  2.54060665E-15
  2.600000000000E-03  4.17700093E-04  3.58416313E-04  1.26374981E-04  3.36829847E-15
  2.700000000000E-03  4.44177178E-04  3.81517714E-04  1.34209939E-04  4.41327337E-15
  2.800000000000E-03  4.71038850E-04  4.04994443E-04  1.42140656E-04  5.71955744E-15
  2.900000000000E-03  4.98252587E-04  4.28819435E-04  1.50156898E-04  7.33753086E-15
  3.000000000000E-03  5.25786947E-04  4.52966439E-04  1.58248802E-04  9.32446130E-15
  3.100000000000E-03  5.53611547E-04  4.77410007E-04  1.66406859E-04  1.17450412E-14
  3.200000000000E-03  5.81697044E-04  5.02125476E-04  1.74621912E-04  1.46719258E-14
  3.300000000000E-03  6.10015116E-04  5.27088957E-04  1.82885147E-04  1.81862684E-14
  3.400000000000E-03  6.38538438E-04  5.52277322E-04  1.91188085E-04  2.23782500E-14
  3.500000000000E-03  6.67240665E-04  5.77668186E-04  1.99522572E-04  2.73476001E-14
  3.600000000000E-03  6.96096413E-04  6.03239899E-04  2.07880777E-04  3.32041053E-14
  3.700000000000E-03  7.25081236E-04  6.28971530E-04  2.16255181E-04  4.00681026E-14
  3.800000000000E-03  7.54171612E-04  6.54842853E-04  2.24638568E-04  4.80709560E-14
  3.900000000000E-03  7.83344918E-04  6.80834338E-04  2.33024023E-04  5.73555105E-14
  4.000000000000E-03  8.12579414E-04  7.06927135E-04  2.41404923E-04  6.80765250E-14
  4.100000000000E-03  8.41854225E-04  7.33103061E-04  2.49774927E-04  8.04010775E-14
  4.200000000000E-03  8.71149321E-04  7.59344590E-04  2.58127974E-04  9.45089443E-14
  4.300000000000E-03  9.00445498E-04  7.85634837E-04  2.66458274E-04  1.10592947E-13
  4.400000000000E-03  9.29724359E-04  8.11957550E-04  2.74760300E-04  1.28859270E-13
  4.500000000000E-03  9.58968300E-04  8.38297094E-04  2.83028786E-04  1.49527740E-13
  4.600000000000E-03  9.88160486E-04  8.64638439E-04  2.91258716E-04  1.72832079E-13
  4.700000000000E-03  1.01728484E-03  8.90967151E-04  2.99445319E-04  1.99020107E-13
  4.800000000000E-03  1.04632601E-03  9.17269375E-04  3.07584065E-04  2.28353923E-13
  4.900000000000E-03  1.07526938E-03  9.43531827E-04  3.15670655E-04  2.61110032E-13
  5.000000000000E-03  1.10410102E-03  9.69741781E-04  3.23701019E-04  2.97579445E-13
  5.100000000000E-03  1.13280769E-03  9.95887057E-04  3.31671307E-04  3.38067734E-13
  5.200000000000E-03  1.16137683E-03  1.02195601E-03  3.39577885E-04  3.82895043E-13
  5.300000000000E-03  1.18979650E-03  1.04793751E-03  3.47417326E-04  4.32396066E-13
  5.400000000000E-03  1.21805542E-03  1.07382095E-03  3.55186410E-04  4.86919981E-13
  5.500000000000E-03  1.24614291E-03  1.09959622E-03  3.62882113E-04  5.46830343E-13
  5.600000000000E-03  1.27404891E-03  1.12525368E-03  3.70501603E-04  6.12504939E-13
  5.700000000000E-03  1.30176393E-03  1.15078419E-03  3.78042235E-04  6.84335604E-13
  5.800000000000E-03  1.32927905E-03  1.17617907E-03  3.85501546E-04  7.62727997E-13
  5.900000000000E-03  1.35658591E-03  1.20143009E-03  3.92877250E-04  8.48101339E-13
  6.000000000000E-03  1.38367668E-03  1.22652946E-03  4.00167231E-04  9.40888118E-13
  6.100000000000E-03  1.41054405E-03  1.25146982E-03  4.07369537E-04  1.04153375E-12
  6.200000000000E-03  1.43718123E-03  1.27624425E-03  4.14482378E-04  1.15049623E-12
  6.300000000000E-03  1.46358193E-03  1.30084622E-03  4.21504122E-04  1.26824571E-12
  6.400000000000E-03  1.48974030E-03  1.32526962E-03  4.28433284E-04  1.39526406E-12
  6.500000000000E-03  1.51565100E-03  1.34950871E-03  4.35268526E-04  1.53204445E-12
  6.600000000000E-03  1.54130910E-03  1.37355814E-03  4.42008652E-04  1.67909080E-12
  6.700000000000E-03  1.56671014E-03  1.39741293E-03  4.48652601E-04  1.83691733E-12
  6.800000000000E-03  1.59185006E-03  1.42106846E-03  4.55199445E-04  2.00604795E-12
  6.900000000000E-03  1.61672521E-03  1.44452045E-03  4.61648384E-04  2.18701575E-12
  7.000000000000E-03  1.64133236E-03  1.46776497E-03  4.67998738E-04  2.38036236E-12
  7.100000000000E-03  1.66566861E-03  1.49079841E-03  4.74249948E-04  2.58663741E-12
  7.200000000000E-03  1.68973149E-03  1.51361750E-03  4.80401569E-04  2.80639785E-12
  7.300000000000E-03  1.71351886E-03  1.53621924E-03  4.86453266E-04  3.04020732E-12
  7.400000000000E-03  1.73702890E-03  1.55860099E-03  4.92404808E-04  3.28863555E-12
  7.500000000000E-03  1.76026017E-03  1.58076034E-03  4.98256068E-04  3.55225760E-12
  7.600000000000E-03  1.78321151E-03  1.60269521E-03  5.04007018E-04  3.83165327E-12
  7.700000000000E-03  1.80588210E-03  1.62440376E-03  5.09657721E-04  4.12740639E-12
  7.800000000000E-03  1.82827139E-03  1.64588445E-03  5.15208334E-04  4.44010409E-12
  7.900000000000E-03  1.85037914E-03  1.66713596E-03  5.20659097E-04  4.77033620E-12
  8.000000000000E-03  1.87220537E-03  1.68815724E-03  5.26010336E-04  5.11869443E-12
  8.100000000000E-03  1.89375038E-03  1.70894749E-03  5.31262456E-04  5.48577181E-12
  8.200000000000E-03  1.91501470E-03  1.72950610E-03  5.36415936E-04  5.87216188E-12
  8.300000000000E-03  1.93599913E-03  1.74983272E-03  5.41471329E-04  6.27845806E-12
  8.400000000000E-03  1.95670468E-03  1.76992722E-03  5.46429259E-04  6.70525295E-12
  8.500000000000E-03  1.97713260E-03  1.78978963E-03  5.51290414E-04  7.15313764E-12
  8.600000000000E-03  1.99728434E-03  1.80942024E-03  5.56055545E-04  7.62270105E-12
  8.700000000000E-03  2.01716158E-03  1.82881948E-03  5.60725465E-04  8.11452926E-12
  8.800000000000E-03  2.03676617E-03  1.84798801E-03  5.65301041E-04  8.62920486E-12
  8.900000000000E-03  2.05610015E-03  1.86692663E-03  5.69783196E-04  9.16730629E-12
  9.000000000000E-03  2.07516575E-03  1.88563632E-03  5.74172904E-04  9.72940724E-12
  9.100000000000E-03  2.09396536E-03  1.90411825E-03  5.78471185E-04  1.03160760E-11
  9.200000000000E-03  2.11250152E-03  1.92237370E-03  5.82679109E-04  1.09278750E-11
  9.300000000000E-03  2.13077695E-03  1.94040415E-03  5.86797785E-04  1.15653599E-11
  9.400000000000E-03  2.14879450E-03  1.95821118E-03  5.90828364E-04  1.22290794E-11
  9.500000000000E-03  2.16655714E-03  1.97579654E-03  5.94772035E-04  1.29195745E-11
  9.600000000000E-03  2.18406799E-03  1.99316208E-03  5.98630022E-04  1.36373781E-11
  9.700000000000E-03  2.20133029E-03  2.01030979E-03  6.02403582E-04  1.43830143E-11
  9.800000000000E-03  2.21834738E-03  2.02724180E-03  6.06094004E-04  1.51569981E-11
  9.900000000000E-03  2.23512273E-03  2.04396031E-03  6.09702604E-04  1.59598347E-11
  1.000000000000E-02  2.25165989E-03  2.06046765E-03  6.13230725E-04  1.67920195E-11
  1.010000000000E-02  2.26796251E-03  2.07676626E-03  6.16679735E-04  1.76540373E-11
  1.020000000000E-02  2.28403433E-03  2.09285866E-03  6.20051024E-04  1.85463620E-11
  1.030000000000E-02  2.29987918E-03  2.10874747E-03  6.23346001E-04  1.94694562E-11
  1.040000000000E-02  2.31550094E-03  2.12443538E-03  6.26566095E-04  2.04237711E-11
  1.050000000000E-02  2.33090359E-03  2.13992518E-03  6.29712750E-04  2.14097458E-11
  1.060000000000E-02  2.34609115E-03  2.15521972E-03  6.32787427E-04  2.24278074E-11
  1.070000000000E-02  2.36106771E-03  2.17032194E-03  6.35791598E-04  2.34783704E-11
  1.080000000000E-02  2.37583740E-03  2.18523483E-03  6.38726747E-04  2.45618367E-11
  1.090000000000E-02  2.39040442E-03  2.19996143E-03  6.41594367E-04  2.56785950E-11
  1.100000000000E-02  2.40477299E-03  2.21450488E-03  6.44395960E-04  2.68290212E-11
  1.110000000000E-02  2.41894738E-03  2.22886832E-03  6.47133035E-04  2.80134778E-11
  1.120000000000E-02  2.43293189E-03  2.24305497E-03  6.49807105E-04  2.92323138E-11
  1.130000000000E-02  2.44673085E-03  2.25706810E-03  6.52419687E-04  3.04858647E-11
  1.140000000000E-02  2.46034860E-03  2.27091099E-03  6.54972301E-04  3.17744524E-11
  1.150000000000E-02  2.47378952E-03  2.28458700E-03  6.57466468E-04  3.30983847E-11
  1.160000000000E-02  2.48705799E-03  2.29809948E-03  6.59903708E-04  3.44579562E-11
  1.170000000000E-02  2.50015842E-03  2.31145183E-03  6.62285540E-04  3.58534472E-11
  1.180000000000E-02  2.51309520E-03  2.32464749E-03  6.64613481E-04  3.72851245E-11
  1.190000000000E-02  2.52587275E-03  2.33768990E-03  6.66889044E-04  3.87532408E-11
  1.200000000000E-02  2.53849548E-03  2.35058252E-03  6.69113738E-04  4.02580352E-11
  1.210000000000E-02  2.55096779E-03  2.36332884E-03  6.71289064E-04  4.17997331E-11
  1.220000000000E-02  2.56329409E-03  2.37593236E-03  6.73416519E-04  4.33785464E-11
  1.230000000000E-02  2.57547876E-03  2.38839659E-03  6.75497592E-04  4.49946731E-11
  1.240000000000E-02  2.58752618E-03  2.40072504E-03  6.77533761E-04  4.66482981E-11
  1.250000000000E-02  2.59944072E-03  2.41292123E-03  6.79526497E-04  4.83395929E-11
  1.260000000000E-02  2.61122673E-03  2.42498870E-03  6.81477262E-04  5.00687159E-11
  1.270000000000E-02  2.62288852E-03  2.43693096E-03  6.83387503E-04  5.18358125E-11
  1.280000000000E-02  2.63443040E-03  2.44875153E-03  6.85258658E-04  5.36410155E-11
  1.290000000000E-02  2.64585665E-03  2.46045393E-03  6.87092154E-04  5.54844450E-11
  1.300000000000E-02  2.65717150E-03  2.47204166E-03  6.88889401E-04  5.73662087E-11
  1.310000000000E-02  2.66837919E-03  2.48351824E-03  6.90651799E-04  5.92864024E-11
  1.320000000000E-02  2.67948390E-03  2.49488715E-03  6.92380731E-04  6.12451098E-11
  1.330000000000E-02  2.69048977E-03  2.50615186E-03  6.94077568E-04  6.32424033E-11
  1.340000000000E-02  2.70140092E-03  2.51731584E-03  6.95743664E-04  6.52783436E-11
  1.350000000000E-02  2.71222143E-03  2.52838253E-03  6.97380357E-04  6.73529807E-11
  1.360000000000E-02  2.72295533E-03  2.53935535E-03  6.98988969E-04  6.94663537E-11
  1.370000000000E-02  2.73360663E-03  2.55023771E-03  7.00570806E-04  7.16184912E-11
  1.380000000000E-02  2.74417927E-03  2.56103299E-03  7.02127157E-04  7.38094119E-11
  1.390000000000E-02  2.75467717E-03  2.57174455E-03  7.03659291E-04  7.60391245E-11
  1.400000000000E-02  2.76510418E-03  2.58237573E-03  7.05168463E-04  7.83076282E-11
  1.410000000000E-02  2.77546414E-03  2.59292984E-03  7.06655908E-04  8.06149132E-11
  1.420000000000E-02  2.78576079E-03  2.60341015E-03  7.08122841E-04  8.29609610E-11
  1.430000000000E-02  2.79599787E-03  2.61381993E-03  7.09570462E-04  8.53457444E-11
  1.440000000000E-02  2.80617905E-03  2.62416238E-03  7.10999949E-04  8.77692283E-11
  1.450000000000E-02  2.81630794E-03  2.63444072E-03  7.12412462E-04  9.02313699E-11
  1.460000000000E-02  2.82638811E-03  2.64465808E-03  7.13809142E-04  9.27321191E-11
  1.470000000000E-02  2.83642308E-03  2.65481761E-03  7.15191110E-04  9.52714186E-11
  1.480000000000E-02  2.84641631E-03  2.66492240E-03  7.16559468E-04  9.78492047E-11
  1.490000000000E-02  2.85637121E-03  2.67497550E-03  7.17915298E-04  1.00465407E-10
  1.500000000000E-02  2.86629113E-03  2.68497994E-03  7.19259661E-04  1.03119951E-10
  1.510000000000E-02  2.87617937E-03  2.69493872E-03  7.20593600E-04  1.05812754E-10
  1.520000000000E-02  2.88603917E-03  2.70485477E-03  7.21918137E-04  1.08543730E-10
  1.530000000000E-02  2.89587373E-03  2.71473101E-03  7.23234273E-04  1.11312787E-10
  1.540000000000E-02  2.90568616E-03  2.72457032E-03  7.24542991E-04  1.14119832E-10
  1.550000000000E-02  2.91547956E-03  2.73437554E-03  7.25845252E-04  1.16964763E-10
  1.560000000000E-02  2.92525693E-03  2.74414946E-03  7.27141999E-04  1.19847478E-10
  1.570000000000E-02  2.93502124E-03  2.75389484E-03  7.28434152E-04  1.22767870E-10
  1.580000000000E-02  2.94477539E-03  2.76361441E-03  7.29722613E-04  1.25725831E-10
  1.590000000000E-02  2.95452223E-03  2.77331084E-03  7.31008265E-04  1.28721249E-10
  1.600000000000E-02  2.96426455E-03  2.78298677E-03  7.32291967E-04  1.31754010E-10
  1.610000000000E-02  2.97400509E-03  2.79264480E-03  7.33574563E-04  1.34823999E-10
  1.620000000000E-02  2.98374651E-03  2.80228749E-03  7.34856873E-04  1.37931098E-10
  1.630000000000E-02  2.99349145E-03  2.81191735E-03  7.36139701E-04  1.41075191E-10
  1.640000000000E-02  3.00324246E-03  2.82153685E-03  7.37423828E-04  1.44256157E-10
  1.650000000000E-02  3.01300204E-03  2.83114844E-03  7.38710018E-04  1.47473879E-10
  1.660000000000E-02  3.02277266E-03  2.84075450E-03  7.39999015E-04  1.50728236E-10
  1.670000000000E-02  3.03255670E-03  2.85035739E-03  7.41291544E-04  1.54019112E-10
  1.680000000000E-02  3.04235650E-03  2.85995941E-03  7.42588309E-04  1.57346386E-10
  1.690000000000E-02  3.05217434E-03  2.86956283E-03  7.43889999E-04  1.60709942E-10
  1.700000000000E-02  3.06201246E-03  2.87916988E-03  7.45197280E-04  1.64109665E-10
  1.710000000000E-02  3.07187301E-03  2.88878275E-03  7.46510802E-04  1.67545440E-10
  1.720000000000E-02  3.08175813E-03  2.89840357E-03  7.47831196E-04  1.71017154E-10
  1.730000000000E-02  3.09166988E-03  2.90803445E-03  7.49159076E-04  1.74524698E-10
  1.740000000000E-02  3.10161026E-03  2.91767745E-03  7.50495036E-04  1.78067963E-10
  1.750000000000E-02  3.11158124E-03  2.92733460E-03  7.51839654E-04  1.81646844E-10
  1.760000000000E-02  3.12158472E-03  2.93700787E-03  7.53193489E-04  1.85261240E-10
  1.770000000000E-02  3.13162255E-03  2.94669921E-03  7.54557083E-04  1.88911052E-10
  1.780000000000E-02  3.14169654E-03  2.95641051E-03  7.55930963E-04  1.92596184E-10
  1.790000000000E-02  3.15180843E-03  2.96614363E-03  7.57315636E-04  1.96316545E-10
  1.800000000000E-02  3.16195993E-03  2.97590040E-03  7.58711594E-04  2.00072047E-10
  1.810000000000E-02  3.17215269E-03  2.98568259E-03  7.60119313E-04  2.03862608E-10
  1.820000000000E-02  3.18238831E-03  2.99549195E-03  7.61539251E-04  2.07688149E-10
  1.830000000000E-02  3.19266834E-03  3.00533019E-03  7.62971853E-04  2.11548596E-10
  1.840000000000E-02  3.20299430E-03  3.01519895E-03  7.64417545E-04  2.15443880E-10
  1.850000000000E-02  3.21336763E-03  3.02509989E-03  7.65876740E-04  2.19373936E-10
  1.860000000000E-02  3.22378975E-03  3.03503457E-03  7.67349835E-04  2.23338708E-10
  1.870000000000E-02  3.23426203E-03  3.04500456E-03  7.68837212E-04  2.27338141E-10
  1.880000000000E-02  3.24478579E-03  3.05501137E-03  7.70339239E-04  2.31372189E-10
  1.890000000000E-02  3.25536230E-03  3.06505648E-03  7.71856268E-04  2.35440810E-10
  1.900000000000E-02  3.26599280E-03  3.07514133E-03  7.73388639E-04  2.39543969E-10
  1.910000000000E-02  3.27667848E-03  3.08526733E-03  7.74936677E-04  2.43681637E-10
  1.920000000000E-02  3.28742049E-03  3.09543585E-03  7.76500692E-04  2.47853791E-10
  1.930000000000E-02  3.29821993E-03  3.10564823E-03  7.78080984E-04  2.52060415E-10
  1.940000000000E-02  3.30907788E-03  3.11590577E-03  7.79677837E-04  2.56301500E-10
  1.950000000000E-02  3.31999535E-03  3.12620974E-03  7.81291524E-04  2.60577043E-10
  1.960000000000E-02  3.33097333E-03  3.13656138E-03  7.82922304E-04  2.64887048E-10
  1.970000000000E-02  3.34201277E-03  3.14696189E-03  7.84570425E-04  2.69231528E-10
  1.980000000000E-02  3.35311459E-03  3.15741244E-03  7.86236121E-04  2.73610499E-10
  1.990000000000E-02  3.36427965E-03  3.16791417E-03  7.87919618E-04  2.78023989E-10
  2.000000000000E-02  3.37550880E-03  3.17846818E-03  7.89621126E-04  2.82472031E-10
  2.000000000000E-02  3.37550880E-03  3.17846818E-03  7.89621126E-04  2.82472031E-10
  2.010000000000E-02  3.38680291E-03  3.18907574E-03  7.91340882E-04  2.86954679E-10
  2.020000000000E-02  3.39816266E-03  3.19973771E-03  7.93079038E-04  2.91471967E-10
  2.030000000000E-02  3.40958880E-03  3.21045509E-03  7.94835775E-04  2.96023949E-10
  2.040000000000E-02  3.42108202E-03  3.22122888E-03  7.96611261E-04  3.00610688E-10
  2.050000000000E-02  3.43264299E-03  3.23206004E-03  7.98405654E-04  3.05232257E-10
  2.060000000000E-02  3.44427234E-03  3.24294949E-03  8.00219103E-04  3.09888735E-10
  2.070000000000E-02  3.45597069E-03  3.25389814E-03  8.02051749E-04  3.14580209E-10
  2.080000000000E-02  3.46773859E-03  3.26490686E-03  8.03903719E-04  3.19306773E-10
  2.090000000000E-02  3.47957661E-03  3.27597649E-03  8.05775136E-04  3.24068532E-10
  2.100000000000E-02  3.49148526E-03  3.28710786E-03  8.07666110E-04  3.28865597E-10
  2.110000000000E-02  3.50346502E-03  3.29830176E-03  8.09576744E-04  3.33698088E-10
  2.120000000000E-02  3.51551636E-03  3.30955896E-03  8.11507134E-04  3.38566131E-10
  2.130000000000E-02  3.52763971E-03  3.32088020E-03  8.13457366E-04  3.43469863E-10
  2.140000000000E-02  3.53983548E-03  3.33226621E-03  8.15427518E-04  3.48409429E-10
  2.150000000000E-02  3.55210406E-03  3.34371768E-03  8.17417660E-04  3.53384979E-10
  2.160000000000E-02  3.56444580E-03  3.35523529E-03  8.19427857E-04  3.58396675E-10
  2.170000000000E-02  3.57686104E-03  3.36681967E-03  8.21458165E-04  3.63444686E-10
  2.180000000000E-02  3.58935010E-03  3.37847147E-03  8.23508631E-04  3.68529189E-10
  2.190000000000E-02  3.60191326E-03  3.39019128E-03  8.25579300E-04  3.73650369E-10
  2.200000000000E-02  3.61455080E-03  3.40197970E-03  8.27670207E-04  3.78808421E-10
  2.210000000000E-02  3.62726296E-03  3.41383727E-03  8.29781381E-04  3.84003545E-10
  2.220000000000E-02  3.64004997E-03  3.42576455E-03  8.31912845E-04  3.89235953E-10
  2.230000000000E-02  3.65291203E-03  3.43776206E-03  8.34064617E-04  3.94505864E-10
  2.240000000000E-02  3.66584935E-03  3.44983031E-03  8.36236710E-04  3.99813503E-10
  2.250000000000E-02  3.67886209E-03  3.46196976E-03  8.38429129E-04  4.05159107E-10
  2.260000000000E-02  3.69195039E-03  3.47418091E-03  8.40641875E-04  4.10542919E-10
  2.270000000000E-02  3.70511441E-03  3.48646418E-03  8.42874945E-04  4.15965190E-10
  2.280000000000E-02  3.71835426E-03  3.49882001E-03  8.45128330E-04  4.21426181E-10
  2.290000000000E-02  3.73167004E-03  3.51124881E-03  8.47402016E-04  4.26926160E-10
  2.300000000000E-02  3.74506185E-03  3.52375099E-03  8.49695985E-04  4.32465403E-10
  2.310000000000E-02  3.75852975E-03  3.53632691E-03  8.52010215E-04  4.38044195E-10
  2.320000000000E-02  3.77207381E-03  3.54897695E-03  8.54344681E-04  4.43662828E-10
  2.330000000000E-02  3.78569407E-03  3.56170145E-03  8.56699351E-04  4.49321604E-10
  2.340000000000E-02  3.79939058E-03  3.57450075E-03  8.59074191E-04  4.55020831E-10
  2.350000000000E-02  3.81316335E-03  3.58737517E-03  8.61469165E-04  4.60760826E-10
  2.360000000000E-02  3.82701239E-03  3.60032501E-03  8.63884232E-04  4.66541914E-10
  2.370000000000E-02  3.84093770E-03  3.61335057E-03  8.66319347E-04  4.72364428E-10
  2.380000000000E-02  3.85493926E-03  3.62645212E-03  8.68774463E-04  4.78228710E-10
  2.390000000000E-02  3.86901707E-03  3.63962993E-03  8.71249531E-04  4.84135106E-10
  2.400000000000E-02  3.88317108E-03  3.65288425E-03  8.73744497E-04  4.90083976E-10
  2.410000000000E-02  3.89740125E-03  3.66621533E-03  8.76259306E-04  4.96075682E-10
  2.420000000000E-02  3.91170754E-03  3.67962339E-03  8.78793901E-04  5.02110598E-10
  2.430000000000E-02  3.92608989E-03  3.69310866E-03  8.81348222E-04  5.08189103E-10
  2.440000000000E-02  3.94054823E-03  3.70667134E-03  8.83922207E-04  5.14311585E-10
  2.450000000000E-02  3.95508248E-03  3.72031163E-03  8.86515791E-04  5.20478440E-10
  2.460000000000E-02  3.96969258E-03  3.73402971E-03  8.89128909E-04  5.26690071E-10
  2.470000000000E-02  3.98437843E-03  3.74782577E-03  8.91761494E-04  5.32946888E-10
  2.480000000000E-02  3.99913994E-03  3.76169998E-03  8.94413475E-04  5.39249311E-10
  2.490000000000E-02  4.01397701E-03  3.77565248E-03  8.97084783E-04  5.45597764E-10
  2.500000000000E-02  4.02888955E-03  3.78968344E-03  8.99775346E-04  5.51992682E-10
  2.510000000000E-02  4.04387744E-03  3.80379299E-03  9.02485091E-04  5.58434505E-10
  2.520000000000E-02  4.05894057E-03  3.81798127E-03  9.05213943E-04  5.64923680E-10
  2.530000000000E-02  4.07407883E-03  3.83224840E-03  9.07961827E-04  5.71460664E-10
  2.540000000000E-02  4.08929210E-03  3.84659451E-03  9.10728668E-04  5.78045920E-10
  2.550000000000E-02  4.10458025E-03  3.86101970E-03  9.13514389E-04  5.84679917E-10
  2.560000000000E-02  4.11994317E-03  3.87552408E-03  9.16318913E-04  5.91363133E-10
  2.570000000000E-02  4.13538071E-03  3.89010776E-03  9.19142162E-04  5.98096052E-10
  2.580000000000E-02  4.15089276E-03  3.90477081E-03  9.21984057E-04  6.04879166E-10
  2.590000000000E-02  4.16647918E-03  3.91951334E-03  9.24844521E-04  6.11712974E-10
  2.600000000000E-02  4.18213984E-03  3.93433542E-03  9.27723474E-04  6.18597982E-10
  2.610000000000E-02  4.19787460E-03  3.94923712E-03  9.30620839E-04  6.25534703E-10
  2.620000000000E-02  4.21368333E-03  3.96421852E-03  9.33536534E-04  6.32523656E-10
  2.630000000000E-02  4.22956589E-03  3.97927969E-03  9.36470483E-04  6.39565369E-10
  2.640000000000E-02  4.24552215E-03  3.99442068E-03  9.39422607E-04  6.46660375E-10
  2.650000000000E-02  4.26155197E-03  4.00964156E-03  9.42392826E-04  6.53809214E-10
  2.660000000000E-02  4.27765521E-03  4.02494237E-03  9.45381063E-04  6.61012436E-10
  2.670000000000E-02  4.29383173E-03  4.04032317E-03  9.48387240E-04  6.68270593E-10
  2.680000000000E-02  4.31008141E-03  4.05578400E-03  9.51411280E-04  6.75584248E-10
  2.690000000000E-02  4.32640411E-03  4.07132491E-03  9.54453105E-04  6.82953967E-10
  2.700000000000E-02  4.34279970E-03  4.08694594E-03  9.57512639E-04  6.90380326E-10
  2.710000000000E-02  4.35926804E-03  4.10264712E-03  9.60589808E-04  6.97863907E-10
  2.720000000000E-02  4.37580900E-03  4.11842849E-03  9.63684535E-04  7.05405296E-10
  2.730000000000E-02  4.39242246E-03  4.13429008E-03  9.66796747E-04  7.13005090E-10
  2.740000000000E-02  4.40910829E-03  4.15023192E-03  9.69926371E-04  7.20663888E-10
  2.750000000000E-02  4.42586637E-03  4.16625405E-03  9.73073334E-04  7.28382299E-10
  2.760000000000E-02  4.44269658E-03  4.18235648E-03  9.76237564E-04  7.36160938E-10
  2.770000000000E-02  4.45959879E-03  4.19853924E-03  9.79418992E-04  7.44000425E-10
  2.780000000000E-02  4.47657290E-03  4.21480236E-03  9.82617547E-04  7.51901388E-10
  2.790000000000E-02  4.49361878E-03  4.23114586E-03  9.85833161E-04  7.59864461E-10
  2.800000000000E-02  4.51073633E-03  4.24756976E-03  9.89065768E-04  7.67890284E-10
  2.810000000000E-02  4.52792544E-03  4.26407408E-03  9.92315300E-04  7.75979505E-10
  2.820000000000E-02  4.54518602E-03  4.28065885E-03  9.95581694E-04  7.84132775E-10
  2.830000000000E-02  4.56251795E-03  4.29732407E-03  9.98864885E-04  7.92350757E-10
  2.840000000000E-02  4.57992115E-03  4.31406978E-03  1.00216481E-03  8.00634114E-10
  2.850000000000E-02  4.59739552E-03  4.33089599E-03  1.00548141E-03  8.08983521E-10
  2.860000000000E-02  4.61494097E-03  4.34780272E-03  1.00881463E-03  8.17399655E-10
  2.870000000000E-02  4.63255743E-03  4.36478998E-03  1.01216440E-03  8.25883203E-10
  2.880000000000E-02  4.65024480E-03  4.38185781E-03  1.01553067E-03  8.34434855E-10
  2.890000000000E-02  4.66800302E-03  4.39900622E-03  1.01891339E-03  8.43055310E-10
  2.900000000000E-02  4.68583201E-03  4.41623522E-03  1.02231250E-03  8.51745272E-10
  2.910000000000E-02  4.70373171E-03  4.43354485E-03  1.02572794E-03  8.60505451E-10
  2.920000000000E-02  4.72170205E-03  4.45093512E-03  1.02915967E-03  8.69336565E-10
  2.930000000000E-02  4.73974298E-03  4.46840605E-03  1.03260764E-03  8.78239337E-10
  2.940000000000E-02  4.75785444E-03  4.48595768E-03  1.03607180E-03  8.87214495E-10
  2.950000000000E-02  4.77603639E-03  4.50359002E-03  1.03955211E-03  8.96262776E-10
  2.960000000000E-02  4.79428877E-03  4.52130311E-03  1.04304851E-03  9.05384922E-10
  2.970000000000E-02  4.81261157E-03  4.53909697E-03  1.04656097E-03  9.14581682E-10
  2.980000000000E-02  4.83100473E-03  4.55697163E-03  1.05008945E-03  9.23853810E-10
  2.990000000000E-02  4.84946823E-03  4.57492712E-03  1.05363390E-03  9.33202066E-10
  3.000000000000E-02  4.86800205E-03  4.59296347E-03  1.05719429E-03  9.42627219E-10
  3.010000000000E-02  4.88660616E-03  4.61108072E-03  1.06077057E-03  9.52130041E-10
  3.020000000000E-02  4.90528057E-03  4.62927891E-03  1.06436273E-03  9.61711313E-10
  3.030000000000E-02  4.92402525E-03  4.64755807E-03  1.06797072E-03  9.71371821E-10
  3.040000000000E-02  4.94284020E-03  4.66591825E-03  1.07159451E-03  9.81112358E-10
  3.050000000000E-02  4.96172543E-03  4.68435948E-03  1.07523407E-03  9.90933722E-10
  3.060000000000E-02  4.98068095E-03  4.70288182E-03  1.07888937E-03  1.00083672E-09
  3.070000000000E-02  4.99970676E-03  4.72148530E-03  1.08256039E-03  1.01082216E-09
  3.080000000000E-02  5.01880289E-03  4.74016998E-03  1.08624711E-03  1.02089086E-09
  3.090000000000E-02  5.03796936E-03  4.75893591E-03  1.08994949E-03  1.03104365E-09
  3.100000000000E-02  5.05720619E-03  4.77778314E-03  1.09366752E-03  1.04128135E-09
  3.110000000000E-02  5.07651342E-03  4.79671173E-03  1.09740118E-03  1.05160481E-09
  3.120000000000E-02  5.09589110E-03  4.81572174E-03  1.10115046E-03  1.06201487E-09
  3.130000000000E-02  5.11533926E-03  4.83481323E-03  1.10491532E-03  1.07251237E-09
  3.140000000000E-02  5.13485795E-03  4.85398627E-03  1.10869577E-03  1.08309818E-09
  3.150000000000E-02  5.15444724E-03  4.87324091E-03  1.11249178E-03  1.09377316E-09
  3.160000000000E-02  5.17410717E-03  4.89257724E-03  1.11630335E-03  1.10453817E-09
  3.170000000000E-02  5.19383782E-03  4.91199533E-03  1.12013047E-03  1.11539409E-09
  3.180000000000E-02  5.21363926E-03  4.93149525E-03  1.12397312E-03  1.12634181E-09
  3.190000000000E-02  5.23351156E-03  4.95107707E-03  1.12783131E-03  1.13738221E-09
  3.200000000000E-02  5.25345481E-03  4.97074089E-03  1.13170502E-03  1.14851620E-09
  3.210000000000E-02  5.27346909E-03  4.99048678E-03  1.13559426E-03  1.15974466E-09
  3.220000000000E-02  5.29355449E-03  5.01031483E-03  1.13949902E-03  1.17106852E-09
  3.230000000000E-02  5.31371111E-03  5.03022514E-03  1.14341930E-03  1.18248868E-09
  3.240000000000E-02  5.33393906E-03  5.05021779E-03  1.14735511E-03  1.19400607E-09
  3.250000000000E-02  5.35423844E-03  5.07029289E-03  1.15130644E-03  1.20562162E-09
  3.260000000000E-02  5.37460936E-03  5.09045053E-03  1.15527331E-03  1.21733627E-09
  3.270000000000E-02  5.39505194E-03  5.11069082E-03  1.15925572E-03  1.22915095E-09
  3.280000000000E-02  5.41556630E-03  5.13101386E-03  1.16325368E-03  1.24106662E-09
  3.290000000000E-02  5.43615257E-03  5.15141976E-03  1.16726720E-03  1.25308424E-09
  3.300000000000E-02  5.45681089E-03  5.17190863E-03  1.17129628E-03  1.26520476E-09
  3.310000000000E-02  5.47754139E-03  5.19248059E-03  1.17534094E-03  1.27742916E-09
  3.320000000000E-02  5.49834420E-03  5.21313576E-03  1.17940121E-03  1.28975842E-09
  3.330000000000E-02  5.51921949E-03  5.23387426E-03  1.18347708E-03  1.30219351E-09
  3.340000000000E-02  5.54016740E-03  5.25469622E-03  1.18756858E-03  1.31473544E-09
  3.350000000000E-02  5.56118809E-03  5.27560176E-03  1.19167572E-03  1.32738520E-09
  3.360000000000E-02  5.58228172E-03  5.29659102E-03  1.19579854E-03  1.34014380E-09
  3.370000000000E-02  5.60344845E-03  5.31766412E-03  1.19993704E-03  1.35301224E-09
  3.380000000000E-02  5.62468845E-03  5.33882122E-03  1.20409125E-03  1.36599156E-09
  3.390000000000E-02  5.64600191E-03  5.36006245E-03  1.20826120E-03  1.37908278E-09
  3.400000000000E-02  5.66738900E-03  5.38138795E-03  1.21244690E-03  1.39228693E-09
  3.410000000000E-02  5.68884990E-03  5.40279788E-03  1.21664840E-03  1.40560505E-09
  3.420000000000E-02  5.71038480E-03  5.42429239E-03  1.22086571E-03  1.41903821E-09
  3.430000000000E-02  5.73199390E-03  5.44587162E-03  1.22509887E-03  1.43258745E-09
  3.440000000000E-02  5.75367740E-03  5.46753574E-03  1.22934790E-03  1.44625384E-09
  3.450000000000E-02  5.77543548E-03  5.48928492E-03  1.23361284E-03  1.46003845E-09
  3.460000000000E-02  5.79726837E-03  5.51111930E-03  1.23789372E-03  1.47394236E-09
  3.470000000000E-02  5.81917626E-03  5.53303907E-03  1.24219058E-03  1.48796667E-09
  3.480000000000E-02  5.84115938E-03  5.55504440E-03  1.24650345E-03  1.50211247E-09
  3.490000000000E-02  5.86321794E-03  5.57713545E-03  1.25083237E-03  1.51638085E-09
  3.500000000000E-02  5.88535216E-03  5.59931240E-03  1.25517737E-03  1.53077295E-09
  3.510000000000E-02  5.90756227E-03  5.62157544E-03  1.25953851E-03  1.54528986E-09
  3.520000000000E-02  5.92984850E-03  5.64392475E-03  1.26391581E-03  1.55993273E-09
  3.530000000000E-02  5.95221108E-03  5.66636052E-03  1.26830932E-03  1.57470268E-09
  3.540000000000E-02  5.97465025E-03  5.68888293E-03  1.27271908E-03  1.58960087E-09
  3.550000000000E-02  5.99716625E-03  5.71149218E-03  1.27714514E-03  1.60462844E-09
  3.560000000000E-02  6.01975932E-03  5.73418848E-03  1.28158754E-03  1.61978656E-09
  3.570000000000E-02  6.04242972E-03  5.75697200E-03  1.28604632E-03  1.63507639E-09
  3.580000000000E-02  6.06517769E-03  5.77984297E-03  1.29052155E-03  1.65049911E-09
  3.590000000000E-02  6.08800350E-03  5.80280159E-03  1.29501325E-03  1.66605591E-09
  3.600000000000E-02  6.11090740E-03  5.82584806E-03  1.29952149E-03  1.68174798E-09
  3.610000000000E-02  6.13388965E-03  5.84898259E-03  1.30404631E-03  1.69757653E-09
  3.620000000000E-02  6.15695051E-03  5.87220541E-03  1.30858776E-03  1.71354276E-09
  3.630000000000E-02  6.18009027E-03  5.89551673E-03  1.31314590E-03  1.72964790E-09
  3.640000000000E-02  6.20330918E-03  5.91891677E-03  1.31772078E-03  1.74589318E-09
  3.650000000000E-02  6.22660753E-03  5.94240576E-03  1.32231245E-03  1.76227983E-09
  3.660000000000E-02  6.24998559E-03  5.96598393E-03  1.32692097E-03  1.77880910E-09
  3.670000000000E-02  6.27344365E-03  5.98965149E-03  1.33154639E-03  1.79548225E-09
  3.680000000000E-02  6.29698199E-03  6.01340870E-03  1.33618878E-03  1.81230054E-09
  3.690000000000E-02  6.32060090E-03  6.03725578E-03  1.34084818E-03  1.82926525E-09
  3.700000000000E-02  6.34430067E-03  6.06119297E-03  1.34552466E-03  1.84637766E-09
  3.710000000000E-02  6.36808159E-03  6.08522051E-03  1.35021828E-03  1.86363906E-09
  3.720000000000E-02  6.39194396E-03  6.10933866E-03  1.35492909E-03  1.88105076E-09
  3.730000000000E-02  6.41588808E-03  6.13354765E-03  1.35965717E-03  1.89861407E-09
  3.740000000000E-02  6.43991425E-03  6.15784774E-03  1.36440256E-03  1.91633031E-09
  3.750000000000E-02  6.46402278E-03  6.18223919E-03  1.36916533E-03  1.93420080E-09
  3.760000000000E-02  6.48821397E-03  6.20672224E-03  1.37394555E-03  1.95222690E-09
  3.770000000000E-02  6.51248813E-03  6.23129715E-03  1.37874328E-03  1.97040995E-09
  3.780000000000E-02  6.53684558E-03  6.25596420E-03  1.38355858E-03  1.98875132E-09
  3.790000000000E-02  6.56128663E-03  6.28072363E-03  1.38839152E-03  2.00725236E-09
  3.800000000000E-02  6.58581160E-03  6.30557573E-03  1.39324217E-03  2.02591447E-09
  3.810000000000E-02  6.61042081E-03  6.33052075E-03  1.39811059E-03  2.04473903E-09
  3.820000000000E-02  6.63511459E-03  6.35555898E-03  1.40299685E-03  2.06372745E-09
  3.830000000000E-02  6.65989325E-03  6.38069068E-03  1.40790102E-03  2.08288113E-09
  3.840000000000E-02  6.68475712E-03  6.40591614E-03  1.41282317E-03  2.10220150E-09
  3.850000000000E-02  6.70970654E-03  6.43123563E-03  1.41776337E-03  2.12168999E-09
  3.860000000000E-02  6.73474184E-03  6.45664943E-03  1.42272168E-03  2.14134805E-09
  3.870000000000E-02  6.75986334E-03  6.48215784E-03  1.42769818E-03  2.16117711E-09
  3.880000000000E-02  6.78507140E-03  6.50776114E-03  1.43269293E-03  2.18117866E-09
  3.890000000000E-02  6.81036633E-03  6.53345962E-03  1.43770602E-03  2.20135416E-09
  3.900000000000E-02  6.83574849E-03  6.55925357E-03  1.44273751E-03  2.22170509E-09
  3.910000000000E-02  6.86121822E-03  6.58514328E-03  1.44778748E-03  2.24223297E-09
  3.920000000000E-02  6.88677586E-03  6.61112907E-03  1.45285599E-03  2.26293929E-09
  3.930000000000E-02  6.91242175E-03  6.63721122E-03  1.45794314E-03  2.28382557E-09
  3.940000000000E-02  6.93815625E-03  6.66339003E-03  1.46304897E-03  2.30489334E-09
  3.950000000000E-02  6.96397971E-03  6.68966582E-03  1.46817358E-03  2.32614414E-09
  3.960000000000E-02  6.98989248E-03  6.71603889E-03  1.47331704E-03  2.34757954E-09
  3.970000000000E-02  7.01589491E-03  6.74250954E-03  1.47847943E-03  2.36920108E-09
  3.980000000000E-02  7.04198736E-03  6.76907810E-03  1.48366082E-03  2.39101036E-09
  3.990000000000E-02  7.06817018E-03  6.79574487E-03  1.48886128E-03  2.41300895E-09
  4.000000000000E-02  7.09444374E-03  6.82251017E-03  1.49408090E-03  2.43519845E-09
  4.000000000000E-02  7.09444374E-03  6.82251017E-03  1.49408090E-03  2.43519845E-09
  4.010000000000E-02  7.12080839E-03  6.84937432E-03  1.49931975E-03  2.45758049E-09
  4.020000000000E-02  7.14726422E-03  6.87633736E-03  1.50457786E-03  2.48015637E-09
  4.030000000000E-02  7.17381179E-03  6.90339979E-03  1.50985534E-03  2.50292794E-09
  4.040000000000E-02  7.20045153E-03  6.93056203E-03  1.51515229E-03  2.52589691E-09
  4.050000000000E-02  7.22718384E-03  6.95782441E-03  1.52046879E-03  2.54906496E-09
  4.060000000000E-02  7.25400908E-03  6.98518727E-03  1.52580491E-03  2.57243377E-09
  4.070000000000E-02  7.28092763E-03  7.01265095E-03  1.53116076E-03  2.59600502E-09
  4.080000000000E-02  7.30793987E-03  7.04021578E-03  1.53653639E-03  2.61978042E-09
  4.090000000000E-02  7.33504617E-03  7.06788211E-03  1.54193190E-03  2.64376168E-09
  4.100000000000E-02  7.36224690E-03  7.09565025E-03  1.54734737E-03  2.66795052E-09
  4.110000000000E-02  7.38954244E-03  7.12352056E-03  1.55278287E-03  2.69234868E-09
  4.120000000000E-02  7.41693318E-03  7.15149338E-03  1.55823850E-03  2.71695791E-09
  4.130000000000E-02  7.44441948E-03  7.17956905E-03  1.56371432E-03  2.74177997E-09
  4.140000000000E-02  7.47200173E-03  7.20774792E-03  1.56921043E-03  2.76681664E-09
  4.150000000000E-02  7.49968031E-03  7.23603033E-03  1.57472691E-03  2.79206971E-09
  4.160000000000E-02  7.52745560E-03  7.26441664E-03  1.58026385E-03  2.81754097E-09
  4.170000000000E-02  7.55532800E-03  7.29290719E-03  1.58582131E-03  2.84323226E-09
  4.180000000000E-02  7.58329788E-03  7.32150233E-03  1.59139940E-03  2.86914539E-09
  4.190000000000E-02  7.61136564E-03  7.35020244E-03  1.59699819E-03  2.89528222E-09
  4.200000000000E-02  7.63953166E-03  7.37900785E-03  1.60261777E-03  2.92164460E-09
  4.210000000000E-02  7.66779634E-03  7.40791893E-03  1.60825823E-03  2.94823440E-09
  4.220000000000E-02  7.69616005E-03  7.43693605E-03  1.61391964E-03  2.97505351E-09
  4.230000000000E-02  7.72462321E-03  7.46605956E-03  1.61960210E-03  3.00210383E-09
  4.240000000000E-02  7.75318620E-03  7.49528983E-03  1.62530569E-03  3.02938727E-09
  4.250000000000E-02  7.78184941E-03  7.52462722E-03  1.63103050E-03  3.05690578E-09
  4.260000000000E-02  7.81061325E-03  7.55407211E-03  1.63677660E-03  3.08466128E-09
  4.270000000000E-02  7.83947811E-03  7.58362486E-03  1.64254410E-03  3.11265573E-09
  4.280000000000E-02  7.86844438E-03  7.61328584E-03  1.64833308E-03  3.14089112E-09
  4.290000000000E-02  7.89751248E-03  7.64305544E-03  1.65414361E-03  3.16936943E-09
  4.300000000000E-02  7.92668280E-03  7.67293402E-03  1.65997580E-03  3.19809266E-09
  4.310000000000E-02  7.95595574E-03  7.70292196E-03  1.66582973E-03  3.22706284E-09
  4.320000000000E-02  7.98533170E-03  7.73301964E-03  1.67170548E-03  3.25628199E-09
  4.330000000000E-02  8.01481110E-03  7.76322743E-03  1.67760315E-03  3.28575217E-09
  4.340000000000E-02  8.04439433E-03  7.79354574E-03  1.68352282E-03  3.31547544E-09
  4.350000000000E-02  8.07408181E-03  7.82397492E-03  1.68946458E-03  3.34545388E-09
  4.360000000000E-02  8.10387394E-03  7.85451538E-03  1.69542852E-03  3.37568959E-09
  4.370000000000E-02  8.13377113E-03  7.88516750E-03  1.70141473E-03  3.40618469E-09
  4.380000000000E-02  8.16377379E-03  7.91593167E-03  1.70742330E-03  3.43694129E-09
  4.390000000000E-02  8.19388233E-03  7.94680827E-03  1.71345431E-03  3.46796154E-09
  4.400000000000E-02  8.22409717E-03  7.97779770E-03  1.71950787E-03  3.49924761E-09
  4.410000000000E-02  8.25441871E-03  8.00890036E-03  1.72558405E-03  3.53080167E-09
  4.420000000000E-02  8.28484738E-03  8.04011664E-03  1.73168294E-03  3.56262592E-09
  4.430000000000E-02  8.31538359E-03  8.07144694E-03  1.73780465E-03  3.59472257E-09
  4.440000000000E-02  8.34602775E-03  8.10289164E-03  1.74394925E-03  3.62709383E-09
  4.450000000000E-02  8.37678028E-03  8.13445117E-03  1.75011684E-03  3.65974197E-09
  4.460000000000E-02  8.40764161E-03  8.16612591E-03  1.75630752E-03  3.69266923E-09
  4.470000000000E-02  8.43861215E-03  8.19791627E-03  1.76252136E-03  3.72587790E-09
  4.480000000000E-02  8.46969232E-03  8.22982266E-03  1.76875847E-03  3.75937027E-09
  4.490000000000E-02  8.50088255E-03  8.26184548E-03  1.77501893E-03  3.79314866E-09
  4.500000000000E-02  8.53218326E-03  8.29398514E-03  1.78130283E-03  3.82721539E-09
  4.510000000000E-02  8.56359487E-03  8.32624205E-03  1.78761027E-03  3.86157281E-09
  4.520000000000E-02  8.59511781E-03  8.35861662E-03  1.79394135E-03  3.89622330E-09
  4.530000000000E-02  8.62675251E-03  8.39110926E-03  1.80029614E-03  3.93116922E-09
  4.540000000000E-02  8.65849940E-03  8.42372039E-03  1.80667475E-03  3.96641299E-09
  4.550000000000E-02  8.69035889E-03  8.45645043E-03  1.81307727E-03  4.00195703E-09
  4.560000000000E-02  8.72233143E-03  8.48929979E-03  1.81950379E-03  4.03780376E-09
  4.570000000000E-02  8.75441744E-03  8.52226888E-03  1.82595440E-03  4.07395566E-09
  4.580000000000E-02  8.78661736E-03  8.55535814E-03  1.83242920E-03  4.11041519E-09
  4.590000000000E-02  8.81893161E-03  8.58856798E-03  1.83892829E-03  4.14718485E-09
  4.600000000000E-02  8.85136064E-03  8.62189882E-03  1.84545174E-03  4.18426716E-09
  4.610000000000E-02  8.88390488E-03  8.65535110E-03  1.85199967E-03  4.22166463E-09
  4.620000000000E-02  8.91656477E-03  8.68892524E-03  1.85857215E-03  4.25937984E-09
  4.630000000000E-02  8.94934073E-03  8.72262166E-03  1.86516930E-03  4.29741534E-09
  4.640000000000E-02  8.98223323E-03  8.75644079E-03  1.87179120E-03  4.33577372E-09
  4.650000000000E-02  9.01524268E-03  8.79038307E-03  1.87843794E-03  4.37445760E-09
  4.660000000000E-02  9.04836954E-03  8.82444894E-03  1.88510963E-03  4.41346961E-09
  4.670000000000E-02  9.08161424E-03  8.85863881E-03  1.89180635E-03  4.45281239E-09
  4.680000000000E-02  9.11497723E-03  8.89295313E-03  1.89852821E-03  4.49248861E-09
  4.690000000000E-02  9.14845896E-03  8.92739234E-03  1.90527529E-03  4.53250096E-09
  4.700000000000E-02  9.18205987E-03  8.96195687E-03  1.91204770E-03  4.57285216E-09
  4.710000000000E-02  9.21578040E-03  8.99664717E-03  1.91884553E-03  4.61354493E-09
  4.720000000000E-02  9.24962101E-03  9.03146367E-03  1.92566887E-03  4.65458202E-09
  4.730000000000E-02  9.28358215E-03  9.06640683E-03  1.93251783E-03  4.69596620E-09
  4.740000000000E-02  9.31766426E-03  9.10147708E-03  1.93939250E-03  4.73770027E-09
  4.750000000000E-02  9.35186779E-03  9.13667486E-03  1.94629298E-03  4.77978704E-09
  4.760000000000E-02  9.38619321E-03  9.17200064E-03  1.95321936E-03  4.82222935E-09
  4.770000000000E-02  9.42064096E-03  9.20745485E-03  1.96017174E-03  4.86503004E-09
  4.780000000000E-02  9.45521151E-03  9.24303795E-03  1.96715022E-03  4.90819201E-09
  4.790000000000E-02  9.48990529E-03  9.27875040E-03  1.97415489E-03  4.95171814E-09
  4.800000000000E-02  9.52472279E-03  9.31459263E-03  1.98118586E-03  4.99561135E-09
  4.810000000000E-02  9.55966444E-03  9.35056512E-03  1.98824323E-03  5.03987460E-09
  4.820000000000E-02  9.59473073E-03  9.38666831E-03  1.99532709E-03  5.08451084E-09
  4.830000000000E-02  9.62992209E-03  9.42290266E-03  2.00243753E-03  5.12952306E-09
  4.840000000000E-02  9.66523901E-03  9.45926864E-03  2.00957467E-03  5.17491428E-09
  4.850000000000E-02  9.70068194E-03  9.49576671E-03  2.01673860E-03  5.22068752E-09
  4.860000000000E-02  9.73625135E-03  9.53239732E-03  2.02392941E-03  5.26684584E-09
  4.870000000000E-02  9.77194771E-03  9.56916095E-03  2.03114721E-03  5.31339232E-09
  4.880000000000E-02  9.80777148E-03  9.60605806E-03  2.03839210E-03  5.36033006E-09
  4.890000000000E-02  9.84372313E-03  9.64308912E-03  2.04566418E-03  5.40766218E-09
  4.900000000000E-02  9.87980314E-03  9.68025459E-03  2.05296355E-03  5.45539184E-09
  4.910000000000E-02  9.91601198E-03  9.71755494E-03  2.06029030E-03  5.50352219E-09
  4.920000000000E-02  9.95235012E-03  9.75499066E-03  2.06764455E-03  5.55205645E-09
  4.930000000000E-02  9.98881803E-03  9.79256221E-03  2.07502639E-03  5.60099782E-09
  4.940000000000E-02  1.00254162E-02  9.83027007E-03  2.08243592E-03  5.65034955E-09
  4.950000000000E-02  1.00621451E-02  9.86811472E-03  2.08987324E-03  5.70011491E-09
  4.960000000000E-02  1.00990052E-02  9.90609662E-03  2.09733846E-03  5.75029718E-09
  4.970000000000E-02  1.01359970E-02  9.94421628E-03  2.10483169E-03  5.80089970E-09
  4.980000000000E-02  1.01731210E-02  9.98247416E-03  2.11235301E-03  5.85192579E-09
  4.990000000000E-02  1.02103776E-02  1.00208707E-02  2.11990253E-03  5.90337883E-09
  5.000000000000E-02  1.02477674E-02  1.00594065E-02  2.12748037E-03  5.95526220E-09
  5.000000000000E-02  1.02477674E-02  1.00594065E-02  2.12748037E-03  5.95526220E-09
  5.010000000000E-02  1.02852914E-02  1.00980826E-02  2.13508674E-03  6.00758029E-09
  5.020000000000E-02  1.03229495E-02  1.01368989E-02  2.14272162E-03  6.06033560E-09
  5.030000000000E-02  1.03607422E-02  1.01758557E-02  2.15038511E-03  6.11353158E-09
  5.040000000000E-02  1.03986701E-02  1.02149538E-02  2.15807735E-03  6.16717227E-09
  5.050000000000E-02  1.04367336E-02  1.02541937E-02  2.16579842E-03  6.22126116E-09
  5.060000000000E-02  1.04749332E-02  1.02935756E-02  2.17354841E-03  6.27580146E-09
  5.070000000000E-02  1.05132693E-02  1.03331001E-02  2.18132744E-03  6.33079655E-09
  5.080000000000E-02  1.05517424E-02  1.03727677E-02  2.18913559E-03  6.38624998E-09
  5.090000000000E-02  1.05903530E-02  1.04125789E-02  2.19697298E-03  6.44216543E-09
  5.100000000000E-02  1.06291017E-02  1.04525342E-02  2.20483971E-03  6.49854659E-09
  5.110000000000E-02  1.06679888E-02  1.04926341E-02  2.21273589E-03  6.55539713E-09
  5.120000000000E-02  1.07070151E-02  1.05328791E-02  2.22066163E-03  6.61272075E-09
  5.130000000000E-02  1.07461808E-02  1.05732697E-02  2.22861703E-03  6.67052118E-09
  5.140000000000E-02  1.07854866E-02  1.06138065E-02  2.23660220E-03  6.72880218E-09
  5.150000000000E-02  1.08249329E-02  1.06544898E-02  2.24461725E-03  6.78756754E-09
  5.160000000000E-02  1.08645203E-02  1.06953203E-02  2.25266228E-03  6.84682108E-09
  5.170000000000E-02  1.09042493E-02  1.07362984E-02  2.26073741E-03  6.90656666E-09
  5.180000000000E-02  1.09441204E-02  1.07774247E-02  2.26884274E-03  6.96680814E-09
  5.190000000000E-02  1.09841340E-02  1.08186997E-02  2.27697837E-03  7.02754942E-09
  5.200000000000E-02  1.10242908E-02  1.08601238E-02  2.28514443E-03  7.08879445E-09
  5.210000000000E-02  1.10645912E-02  1.09016977E-02  2.29334101E-03  7.15054718E-09
  5.220000000000E-02  1.11050357E-02  1.09434218E-02  2.30156824E-03  7.21281160E-09
  5.230000000000E-02  1.11456250E-02  1.09852967E-02  2.30982621E-03  7.27559173E-09
  5.240000000000E-02  1.11863594E-02  1.10273229E-02  2.31811503E-03  7.33889163E-09
  5.250000000000E-02  1.12272396E-02  1.10695009E-02  2.32643483E-03  7.40271538E-09
  5.260000000000E-02  1.12682660E-02  1.11118313E-02  2.33478571E-03  7.46706707E-09
  5.270000000000E-02  1.13094392E-02  1.11543145E-02  2.34316778E-03  7.53195087E-09
  5.280000000000E-02  1.13507597E-02  1.11969511E-02  2.35158115E-03  7.59737093E-09
  5.290000000000E-02  1.13922281E-02  1.12397417E-02  2.36002594E-03  7.66333146E-09
  5.300000000000E-02  1.14338448E-02  1.12826868E-02  2.36850225E-03  7.72983669E-09
  5.310000000000E-02  1.14756104E-02  1.13257868E-02  2.37701021E-03  7.79689089E-09
  5.320000000000E-02  1.15175255E-02  1.13690425E-02  2.38554992E-03  7.86449836E-09
  5.330000000000E-02  1.15595906E-02  1.14124542E-02  2.39412150E-03  7.93266341E-09
  5.340000000000E-02  1.16018062E-02  1.14560226E-02  2.40272506E-03  8.00139042E-09
  5.350000000000E-02  1.16441729E-02  1.14997482E-02  2.41136071E-03  8.07068376E-09
  5.360000000000E-02  1.16866913E-02  1.15436315E-02  2.42002858E-03  8.14054787E-09
  5.370000000000E-02  1.17293618E-02  1.15876731E-02  2.42872877E-03  8.21098720E-09
  5.380000000000E-02  1.17721850E-02  1.16318736E-02  2.43746140E-03  8.28200625E-09
  5.390000000000E-02  1.18151615E-02  1.16762334E-02  2.44622658E-03  8.35360952E-09
  5.400000000000E-02  1.18582918E-02  1.17207532E-02  2.45502444E-03  8.42580159E-09
  5.410000000000E-02  1.19015764E-02  1.17654335E-02  2.46385509E-03  8.49858703E-09
  5.420000000000E-02  1.19450161E-02  1.18102749E-02  2.47271865E-03  8.57197047E-09
  5.430000000000E-02  1.19886112E-02  1.18552778E-02  2.48161522E-03  8.64595657E-09
  5.440000000000E-02  1.20323623E-02  1.19004430E-02  2.49054494E-03  8.72055002E-09
  5.450000000000E-02  1.20762701E-02  1.19457709E-02  2.49950792E-03  8.79575554E-09
  5.460000000000E-02  1.21203351E-02  1.19912622E-02  2.50850428E-03  8.87157789E-09
  5.470000000000E-02  1.21645578E-02  1.20369173E-02  2.51753413E-03  8.94802188E-09
  5.480000000000E-02  1.22089388E-02  1.20827369E-02  2.52659760E-03  9.02509232E-09
  5.490000000000E-02  1.22534787E-02  1.21287216E-02  2.53569480E-03  9.10279408E-09
  5.500000000000E-02  1.22981781E-02  1.21748718E-02  2.54482586E-03  9.18113207E-09
  5.510000000000E-02  1.23430375E-02  1.22211883E-02  2.55399090E-03  9.26011122E-09
  5.520000000000E-02  1.23880575E-02  1.22676715E-02  2.56319003E-03  9.33973650E-09
  5.530000000000E-02  1.24332387E-02  1.23143220E-02  2.57242338E-03  9.42001293E-09
  5.540000000000E-02  1.24785817E-02  1.23611405E-02  2.58169107E-03  9.50094555E-09
  5.550000000000E-02  1.25240870E-02  1.24081275E-02  2.59099323E-03  9.58253944E-09
  5.560000000000E-02  1.25697552E-02  1.24552836E-02  2.60032997E-03  9.66479973E-09
  5.570000000000E-02  1.26155870E-02  1.25026094E-02  2.60970141E-03  9.74773157E-09
  5.580000000000E-02  1.26615829E-02  1.25501055E-02  2.61910769E-03  9.83134015E-09
  5.590000000000E-02  1.27077435E-02  1.25977725E-02  2.62854893E-03  9.91563072E-09
  5.600000000000E-02  1.27540695E-02  1.26456109E-02  2.63802524E-03  1.00006085E-08
  5.610000000000E-02  1.28005613E-02  1.26936215E-02  2.64753676E-03  1.00862789E-08
  5.620000000000E-02  1.28472196E-02  1.27418047E-02  2.65708361E-03  1.01726472E-08
  5.630000000000E-02  1.28940449E-02  1.27901611E-02  2.66666591E-03  1.02597188E-08
  5.640000000000E-02  1.29410380E-02  1.28386915E-02  2.67628380E-03  1.03474991E-08
  5.650000000000E-02  1.29881994E-02  1.28873963E-02  2.68593739E-03  1.04359937E-08
  5.660000000000E-02  1.30355297E-02  1.29362763E-02  2.69562682E-03  1.05252079E-08
  5.670000000000E-02  1.30830295E-02  1.29853319E-02  2.70535221E-03  1.06151473E-08
  5.680000000000E-02  1.31306995E-02  1.30345639E-02  2.71511369E-03  1.07058176E-08
  5.690000000000E-02  1.31785401E-02  1.30839728E-02  2.72491139E-03  1.07972244E-08
  5.700000000000E-02  1.32265522E-02  1.31335593E-02  2.73474544E-03  1.08893733E-08
  5.710000000000E-02  1.32747361E-02  1.31833239E-02  2.74461596E-03  1.09822701E-08
  5.720000000000E-02  1.33230927E-02  1.32332674E-02  2.75452309E-03  1.10759204E-08
  5.730000000000E-02  1.33716225E-02  1.32833902E-02  2.76446696E-03  1.11703302E-08
  5.740000000000E-02  1.34203262E-02  1.33336931E-02  2.77444769E-03  1.12655051E-08
  5.750000000000E-02  1.34692043E-02  1.33841767E-02  2.78446543E-03  1.13614512E-08
  5.760000000000E-02  1.35182575E-02  1.34348416E-02  2.79452029E-03  1.14581743E-08
  5.770000000000E-02  1.35674864E-02  1.34856885E-02  2.80461241E-03  1.15556804E-08
  5.780000000000E-02  1.36168917E-02  1.35367179E-02  2.81474193E-03  1.16539755E-08
  5.790000000000E-02  1.36664740E-02  1.35879306E-02  2.82490897E-03  1.17530656E-08
  5.800000000000E-02  1.37162339E-02  1.36393271E-02  2.83511368E-03  1.18529569E-08
  5.810000000000E-02  1.37661721E-02  1.36909081E-02  2.84535618E-03  1.19536555E-08
  5.820000000000E-02  1.38162892E-02  1.37426743E-02  2.85563661E-03  1.20551676E-08
  5.830000000000E-02  1.38665859E-02  1.37946262E-02  2.86595511E-03  1.21574993E-08
  5.840000000000E-02  1.39170628E-02  1.38467647E-02  2.87631180E-03  1.22606571E-08
  5.850000000000E-02  1.39677205E-02  1.38990902E-02  2.88670683E-03  1.23646471E-08
  5.860000000000E-02  1.40185598E-02  1.39516034E-02  2.89714033E-03  1.24694758E-08
  5.870000000000E-02  1.40695812E-02  1.40043051E-02  2.90761244E-03  1.25751496E-08
  5.880000000000E-02  1.41207855E-02  1.40571959E-02  2.91812330E-03  1.26816749E-08
  5.890000000000E-02  1.41721732E-02  1.41102764E-02  2.92867304E-03  1.27890583E-08
  5.900000000000E-02  1.42237451E-02  1.41635472E-02  2.93926180E-03  1.28973062E-08
  5.910000000000E-02  1.42755018E-02  1.42170092E-02  2.94988972E-03  1.30064254E-08
  5.920000000000E-02  1.43274440E-02  1.42706629E-02  2.96055695E-03  1.31164224E-08
  5.930000000000E-02  1.43795723E-02  1.43245090E-02  2.97126361E-03  1.32273039E-08
  5.940000000000E-02  1.44318874E-02  1.43785481E-02  2.98200986E-03  1.33390768E-08
  5.950000000000E-02  1.44843901E-02  1.44327811E-02  2.99279582E-03  1.34517477E-08
  5.960000000000E-02  1.45370809E-02  1.44872085E-02  3.00362165E-03  1.35653235E-08
  5.970000000000E-02  1.45899606E-02  1.45418310E-02  3.01448749E-03  1.36798112E-08
  5.980000000000E-02  1.46430298E-02  1.45966493E-02  3.02539347E-03  1.37952176E-08
  5.990000000000E-02  1.46962892E-02  1.46516641E-02  3.03633975E-03  1.39115498E-08
  6.000000000000E-02  1.47497395E-02  1.47068761E-02  3.04732645E-03  1.40288148E-08
  6.010000000000E-02  1.48033814E-02  1.47622859E-02  3.05835374E-03  1.41470197E-08
  6.020000000000E-02  1.48572156E-02  1.48178943E-02  3.06942175E-03  1.42661717E-08
  6.030000000000E-02  1.49112428E-02  1.48737020E-02  3.08053063E-03  1.43862778E-08
  6.040000000000E-02  1.49654637E-02  1.49297097E-02  3.09168052E-03  1.45073455E-08
  6.050000000000E-02  1.50198790E-02  1.49859180E-02  3.10287157E-03  1.46293820E-08
  6.060000000000E-02  1.50744893E-02  1.50423278E-02  3.11410392E-03  1.47523946E-08
  6.070000000000E-02  1.51292954E-02  1.50989396E-02  3.12537773E-03  1.48763908E-08
  6.080000000000E-02  1.51842980E-02  1.51557541E-02  3.13669314E-03  1.50013781E-08
  6.090000000000E-02  1.52394979E-02  1.52127722E-02  3.14805030E-03  1.51273638E-08
  6.100000000000E-02  1.52948956E-02  1.52699946E-02  3.15944936E-03  1.52543557E-08
  6.110000000000E-02  1.53504920E-02  1.53274218E-02  3.17089047E-03  1.53823613E-08
  6.120000000000E-02  1.54062877E-02  1.53850547E-02  3.18237377E-03  1.55113884E-08
  6.130000000000E-02  1.54622835E-02  1.54428941E-02  3.19389943E-03  1.56414446E-08
  6.140000000000E-02  1.55184801E-02  1.55009405E-02  3.20546758E-03  1.57725377E-08
  6.150000000000E-02  1.55748782E-02  1.55591947E-02  3.21707838E-03  1.59046757E-08
  6.160000000000E-02  1.56314786E-02  1.56176576E-02  3.22873199E-03  1.60378663E-08
  6.170000000000E-02  1.56882820E-02  1.56763297E-02  3.24042855E-03  1.61721177E-08
  6.180000000000E-02  1.57452890E-02  1.57352119E-02  3.25216822E-03  1.63074377E-08
  6.190000000000E-02  1.58025006E-02  1.57943049E-02  3.26395115E-03  1.64438345E-08
  6.200000000000E-02  1.58599173E-02  1.58536094E-02  3.27577750E-03  1.65813162E-08
  6.210000000000E-02  1.59175400E-02  1.59131262E-02  3.28764742E-03  1.67198910E-08
  6.220000000000E-02  1.59753693E-02  1.59728560E-02  3.29956108E-03  1.68595671E-08
  6.230000000000E-02  1.60334061E-02  1.60327996E-02  3.31151861E-03  1.70003530E-08
  6.240000000000E-02  1.60916510E-02  1.60929577E-02  3.32352018E-03  1.71422568E-08
  6.250000000000E-02  1.61501049E-02  1.61533311E-02  3.33556596E-03  1.72852872E-08
  6.260000000000E-02  1.62087685E-02  1.62139205E-02  3.34765609E-03  1.74294525E-08
  6.270000000000E-02  1.62676425E-02  1.62747268E-02  3.35979073E-03  1.75747614E-08
  6.280000000000E-02  1.63267278E-02  1.63357506E-02  3.37197004E-03  1.77212224E-08
  6.290000000000E-02  1.63860250E-02  1.63969927E-02  3.38419419E-03  1.78688442E-08
  6.300000000000E-02  1.64455350E-02  1.64584540E-02  3.39646333E-03  1.80176357E-08
  6.310000000000E-02  1.65052585E-02  1.65201351E-02  3.40877762E-03  1.81676055E-08
  6.320000000000E-02  1.65651962E-02  1.65820370E-02  3.42113723E-03  1.83187626E-08
  6.330000000000E-02  1.66253491E-02  1.66441602E-02  3.43354232E-03  1.84711158E-08
  6.340000000000E-02  1.66857178E-02  1.67065057E-02  3.44599304E-03  1.86246743E-08
  6.350000000000E-02  1.67463031E-02  1.67690742E-02  3.45848957E-03  1.87794470E-08
  6.360000000000E-02  1.68071058E-02  1.68318665E-02  3.47103206E-03  1.89354431E-08
  6.370000000000E-02  1.68681267E-02  1.68948834E-02  3.48362068E-03  1.90926718E-08
  6.380000000000E-02  1.69293666E-02  1.69581256E-02  3.49625560E-03  1.92511423E-08
  6.390000000000E-02  1.69908263E-02  1.70215941E-02  3.50893698E-03  1.94108640E-08
  6.400000000000E-02  1.70525065E-02  1.70852895E-02  3.52166499E-03  1.95718462E-08
  6.410000000000E-02  1.71144082E-02  1.71492127E-02  3.53443978E-03  1.97340985E-08
  6.420000000000E-02  1.71765320E-02  1.72133645E-02  3.54726155E-03  1.98976303E-08
  6.430000000000E-02  1.72388788E-02  1.72777457E-02  3.56013043E-03  2.00624513E-08
  6.440000000000E-02  1.73014494E-02  1.73423571E-02  3.57304662E-03  2.02285712E-08
  6.450000000000E-02  1.73642446E-02  1.74071996E-02  3.58601027E-03  2.03959996E-08
  6.460000000000E-02  1.74272652E-02  1.74722738E-02  3.59902156E-03  2.05647464E-08
  6.470000000000E-02  1.74905121E-02  1.75375808E-02  3.61208066E-03  2.07348214E-08
  6.480000000000E-02  1.75539860E-02  1.76031213E-02  3.62518773E-03  2.09062347E-08
  6.490000000000E-02  1.76176878E-02  1.76688960E-02  3.63834296E-03  2.10789962E-08
  6.500000000000E-02  1.76816183E-02  1.77349059E-02  3.65154650E-03  2.12531160E-08
  6.510000000000E-02  1.77457783E-02  1.78011518E-02  3.66479854E-03  2.14286043E-08
  6.520000000000E-02  1.78101687E-02  1.78676346E-02  3.67809925E-03  2.16054714E-08
  6.530000000000E-02  1.78747903E-02  1.79343550E-02  3.69144880E-03  2.17837275E-08
  6.540000000000E-02  1.79396439E-02  1.80013138E-02  3.70484737E-03  2.19633831E-08
  6.550000000000E-02  1.80047304E-02  1.80685121E-02  3.71829514E-03  2.21444486E-08
  6.560000000000E-02  1.80700507E-02  1.81359505E-02  3.73179227E-03  2.23269345E-08
  6.570000000000E-02  1.81356055E-02  1.82036300E-02  3.74533894E-03  2.25108515E-08
  6.580000000000E-02  1.82013958E-02  1.82715514E-02  3.75893534E-03  2.26962103E-08
  6.590000000000E-02  1.82674223E-02  1.83397156E-02  3.77258164E-03  2.28830216E-08
  6.600000000000E-02  1.83336859E-02  1.84081234E-02  3.78627803E-03  2.30712962E-08
  6.610000000000E-02  1.84001876E-02  1.84767757E-02  3.80002467E-03  2.32610452E-08
  6.620000000000E-02  1.84669281E-02  1.85456733E-02  3.81382174E-03  2.34522795E-08
  6.630000000000E-02  1.85339083E-02  1.86148172E-02  3.82766944E-03  2.36450102E-08
  6.640000000000E-02  1.86011292E-02  1.86842082E-02  3.84156794E-03  2.38392484E-08
  6.650000000000E-02  1.86685915E-02  1.87538472E-02  3.85551743E-03  2.40350054E-08
  6.660000000000E-02  1.87362961E-02  1.88237351E-02  3.86951808E-03  2.42322925E-08
  6.670000000000E-02  1.88042440E-02  1.88938727E-02  3.88357008E-03  2.44311212E-08
  6.680000000000E-02  1.88724360E-02  1.89642610E-02  3.89767361E-03  2.46315028E-08
  6.690000000000E-02  1.89408730E-02  1.90349008E-02  3.91182886E-03  2.48334491E-08
  6.700000000000E-02  1.90095558E-02  1.91057930E-02  3.92603601E-03  2.50369716E-08
  6.710000000000E-02  1.90784854E-02  1.91769385E-02  3.94029526E-03  2.52420820E-08
  6.720000000000E-02  1.91476627E-02  1.92483383E-02  3.95460677E-03  2.54487923E-08
  6.730000000000E-02  1.92170886E-02  1.93199932E-02  3.96897076E-03  2.56571143E-08
  6.740000000000E-02  1.92867639E-02  1.93919042E-02  3.98338739E-03  2.58670599E-08
  6.750000000000E-02  1.93566896E-02  1.94640721E-02  3.99785686E-03  2.60786414E-08
  6.760000000000E-02  1.94268666E-02  1.95364979E-02  4.01237936E-03  2.62918707E-08
  6.770000000000E-02  1.94972958E-02  1.96091824E-02  4.02695509E-03  2.65067603E-08
  6.780000000000E-02  1.95679781E-02  1.96821267E-02  4.04158422E-03  2.67233224E-08
  6.790000000000E-02  1.96389144E-02  1.97553316E-02  4.05626695E-03  2.69415695E-08
  6.800000000000E-02  1.97101057E-02  1.98287981E-02  4.07100348E-03  2.71615141E-08
  6.810000000000E-02  1.97815529E-02  1.99025270E-02  4.08579400E-03  2.73831688E-08
  6.820000000000E-02  1.98532568E-02  1.99765194E-02  4.10063869E-03  2.76065463E-08
  6.830000000000E-02  1.99252185E-02  2.00507762E-02  4.11553776E-03  2.78316593E-08
  6.840000000000E-02  1.99974389E-02  2.01252982E-02  4.13049140E-03  2.80585209E-08
  6.850000000000E-02  2.00699189E-02  2.02000866E-02  4.14549981E-03  2.82871439E-08
  6.860000000000E-02  2.01426594E-02  2.02751421E-02  4.16056317E-03  2.85175415E-08
  6.870000000000E-02  2.02156615E-02  2.03504658E-02  4.17568170E-03  2.87497267E-08
  6.880000000000E-02  2.02889260E-02  2.04260586E-02  4.19085558E-03  2.89837129E-08
  6.890000000000E-02  2.03624539E-02  2.05019215E-02  4.20608502E-03  2.92195134E-08
  6.900000000000E-02  2.04362461E-02  2.05780554E-02  4.22137021E-03  2.94571416E-08
  6.910000000000E-02  2.05103037E-02  2.06544614E-02  4.23671136E-03  2.96966112E-08
  6.920000000000E-02  2.05846276E-02  2.07311403E-02  4.25210866E-03  2.99379357E-08
  6.930000000000E-02  2.06592187E-02  2.08080932E-02  4.26756232E-03  3.01811289E-08
  6.940000000000E-02  2.07340780E-02  2.08853210E-02  4.28307254E-03  3.04262046E-08
  6.950000000000E-02  2.08092066E-02  2.09628247E-02  4.29863952E-03  3.06731768E-08
  6.960000000000E-02  2.08846053E-02  2.10406053E-02  4.31426347E-03  3.09220595E-08
  6.970000000000E-02  2.09602751E-02  2.11186638E-02  4.32994458E-03  3.11728669E-08
  6.980000000000E-02  2.10362171E-02  2.11970012E-02  4.34568308E-03  3.14256132E-08
  6.990000000000E-02  2.11124322E-02  2.12756184E-02  4.36147915E-03  3.16803128E-08
  7.000000000000E-02  2.11889215E-02  2.13545166E-02  4.37733301E-03  3.19369801E-08
  7.000000000000E-02  2.11889215E-02  2.13545166E-02  4.37733301E-03  3.19369801E-08
  7.010000000000E-02  2.12656854E-02  2.14336962E-02  4.39324478E-03  3.21956246E-08
  7.020000000000E-02  2.13427229E-02  2.15131560E-02  4.40921422E-03  3.24562676E-08
  7.030000000000E-02  2.14200402E-02  2.15929024E-02  4.42524262E-03  3.27189206E-08
  7.040000000000E-02  2.14976330E-02  2.16729312E-02  4.44132911E-03  3.29836018E-08
  7.050000000000E-02  2.15755076E-02  2.17532485E-02  4.45747499E-03  3.32503225E-08
  7.060000000000E-02  2.16536597E-02  2.18338502E-02  4.47367937E-03  3.35191018E-08
  7.070000000000E-02  2.17320958E-02  2.19147426E-02  4.48994357E-03  3.37899508E-08
  7.080000000000E-02  2.18108113E-02  2.19959213E-02  4.50626669E-03  3.40628889E-08
  7.090000000000E-02  2.18898129E-02  2.20773928E-02  4.52265005E-03  3.43379273E-08
  7.100000000000E-02  2.19690960E-02  2.21591527E-02  4.53909277E-03  3.46150860E-08
  7.110000000000E-02  2.20486671E-02  2.22412076E-02  4.55559616E-03  3.48943758E-08
  7.120000000000E-02  2.21285219E-02  2.23235528E-02  4.57215933E-03  3.51758176E-08
  7.130000000000E-02  2.22086667E-02  2.24061951E-02  4.58878361E-03  3.54594219E-08
  7.140000000000E-02  2.22890973E-02  2.24891299E-02  4.60546810E-03  3.57452102E-08
  7.150000000000E-02  2.23698201E-02  2.25723639E-02  4.62221414E-03  3.60331929E-08
  7.160000000000E-02  2.24508307E-02  2.26558925E-02  4.63902083E-03  3.63233921E-08
  7.170000000000E-02  2.25321356E-02  2.27397224E-02  4.65588950E-03  3.66158181E-08
  7.180000000000E-02  2.26137305E-02  2.28238491E-02  4.67281926E-03  3.69104934E-08
  7.190000000000E-02  2.26956217E-02  2.29082791E-02  4.68981145E-03  3.72074284E-08
  7.200000000000E-02  2.27778050E-02  2.29930081E-02  4.70686517E-03  3.75066461E-08
  7.210000000000E-02  2.28602869E-02  2.30780427E-02  4.72398176E-03  3.78081568E-08
  7.220000000000E-02  2.29430630E-02  2.31633784E-02  4.74116033E-03  3.81119841E-08
  7.230000000000E-02  2.30261398E-02  2.32490218E-02  4.75840222E-03  3.84181381E-08
  7.240000000000E-02  2.31095129E-02  2.33349685E-02  4.77570655E-03  3.87266432E-08
  7.250000000000E-02  2.31931889E-02  2.34212251E-02  4.79307463E-03  3.90375093E-08
  7.260000000000E-02  2.32771635E-02  2.35077872E-02  4.81050561E-03  3.93507613E-08
  7.270000000000E-02  2.33614432E-02  2.35946615E-02  4.82800081E-03  3.96664090E-08
  7.280000000000E-02  2.34460235E-02  2.36818434E-02  4.84555936E-03  3.99844781E-08
  7.290000000000E-02  2.35309111E-02  2.37693397E-02  4.86318258E-03  4.03049781E-08
  7.300000000000E-02  2.36161017E-02  2.38571459E-02  4.88086961E-03  4.06279354E-08
  7.310000000000E-02  2.37016018E-02  2.39452687E-02  4.89862177E-03  4.09533594E-08
  7.320000000000E-02  2.37874070E-02  2.40337037E-02  4.91643821E-03  4.12812770E-08
  7.330000000000E-02  2.38735239E-02  2.41224575E-02  4.93432024E-03  4.16116977E-08
  7.340000000000E-02  2.39599482E-02  2.42115258E-02  4.95226703E-03  4.19446490E-08
  7.350000000000E-02  2.40466865E-02  2.43009151E-02  4.97027986E-03  4.22801401E-08
  7.360000000000E-02  2.41337344E-02  2.43906212E-02  4.98835792E-03  4.26181992E-08
  7.370000000000E-02  2.42210985E-02  2.44806507E-02  5.00650251E-03  4.29588356E-08
  7.380000000000E-02  2.43087747E-02  2.45709992E-02  5.02471279E-03  4.33020779E-08
  7.390000000000E-02  2.43967692E-02  2.46616734E-02  5.04299007E-03  4.36479354E-08
  7.400000000000E-02  2.44850781E-02  2.47526690E-02  5.06133353E-03  4.39964375E-08
  7.410000000000E-02  2.45737076E-02  2.48439925E-02  5.07974446E-03  4.43475931E-08
  7.420000000000E-02  2.46626538E-02  2.49356398E-02  5.09822206E-03  4.47014324E-08
  7.430000000000E-02  2.47519230E-02  2.50276173E-02  5.11676760E-03  4.50579642E-08
  7.440000000000E-02  2.48415111E-02  2.51199210E-02  5.13538029E-03  4.54172194E-08
  7.450000000000E-02  2.49314246E-02  2.52125573E-02  5.15406141E-03  4.57792066E-08
  7.460000000000E-02  2.50216594E-02  2.53055221E-02  5.17281018E-03  4.61439575E-08
  7.470000000000E-02  2.51122218E-02  2.53988218E-02  5.19162785E-03  4.65114806E-08
  7.480000000000E-02  2.52031080E-02  2.54924524E-02  5.21051367E-03  4.68818080E-08
  7.490000000000E-02  2.52943240E-02  2.55864204E-02  5.22946888E-03  4.72549485E-08
  7.500000000000E-02  2.53858663E-02  2.56807217E-02  5.24849274E-03  4.76309347E-08
  7.510000000000E-02  2.54777408E-02  2.57753627E-02  5.26758648E-03  4.80097752E-08
  7.520000000000E-02  2.55699439E-02  2.58703395E-02  5.28674937E-03  4.83915034E-08
  7.530000000000E-02  2.56624817E-02  2.59656584E-02  5.30598263E-03  4.87761278E-08
  7.540000000000E-02  2.57553505E-02  2.60613155E-02  5.32528555E-03  4.91636826E-08
  7.550000000000E-02  2.58485563E-02  2.61573172E-02  5.34465935E-03  4.95541761E-08
  7.560000000000E-02  2.59420955E-02  2.62536596E-02  5.36410331E-03  4.99476431E-08
  7.570000000000E-02  2.60359743E-02  2.63503489E-02  5.38361865E-03  5.03440920E-08
  7.580000000000E-02  2.61301889E-02  2.64473815E-02  5.40320467E-03  5.07435582E-08
  7.590000000000E-02  2.62247455E-02  2.65447635E-02  5.42286257E-03  5.11460501E-08
  7.600000000000E-02  2.63196404E-02  2.66424912E-02  5.44259166E-03  5.15516037E-08
  7.610000000000E-02  2.64148797E-02  2.67405708E-02  5.46239315E-03  5.19602275E-08
  7.620000000000E-02  2.65104599E-02  2.68389986E-02  5.48226635E-03  5.23719580E-08
  7.630000000000E-02  2.66063869E-02  2.69377809E-02  5.50221246E-03  5.27868037E-08
  7.640000000000E-02  2.67026574E-02  2.70369140E-02  5.52223081E-03  5.32048019E-08
  7.650000000000E-02  2.67992771E-02  2.71364039E-02  5.54232258E-03  5.36259610E-08
  7.660000000000E-02  2.68962428E-02  2.72362473E-02  5.56248712E-03  5.40503190E-08
  7.670000000000E-02  2.69935602E-02  2.73364501E-02  5.58272560E-03  5.44778842E-08
  7.680000000000E-02  2.70912262E-02  2.74370088E-02  5.60303739E-03  5.49086953E-08
  7.690000000000E-02  2.71892465E-02  2.75379295E-02  5.62342363E-03  5.53427608E-08
  7.700000000000E-02  2.72876179E-02  2.76392089E-02  5.64388372E-03  5.57801199E-08
  7.710000000000E-02  2.73863461E-02  2.77408527E-02  5.66441880E-03  5.62207810E-08
  7.720000000000E-02  2.74854280E-02  2.78428578E-02  5.68502827E-03  5.66647841E-08
  7.730000000000E-02  2.75848693E-02  2.79452299E-02  5.70571325E-03  5.71121378E-08
  7.740000000000E-02  2.76846670E-02  2.80479660E-02  5.72647316E-03  5.75628825E-08
  7.750000000000E-02  2.77848266E-02  2.81510718E-02  5.74730913E-03  5.80170268E-08
  7.760000000000E-02  2.78853451E-02  2.82545441E-02  5.76822057E-03  5.84746120E-08
  7.770000000000E-02  2.79862282E-02  2.83583887E-02  5.78920861E-03  5.89356467E-08
  7.780000000000E-02  2.80874729E-02  2.84626026E-02  5.81027267E-03  5.94001728E-08
  7.790000000000E-02  2.81890847E-02  2.85671915E-02  5.83141387E-03  5.98681989E-08
  7.800000000000E-02  2.82910609E-02  2.86721523E-02  5.85263166E-03  6.03397676E-08
  7.810000000000E-02  2.83934068E-02  2.87774907E-02  5.87392713E-03  6.08148876E-08
  7.820000000000E-02  2.84961197E-02  2.88832038E-02  5.89529975E-03  6.12936023E-08
  7.830000000000E-02  2.85992050E-02  2.89892972E-02  5.91675060E-03  6.17759203E-08
  7.840000000000E-02  2.87026600E-02  2.90957680E-02  5.93827917E-03  6.22618856E-08
  7.850000000000E-02  2.88064901E-02  2.92026218E-02  5.95988652E-03  6.27515071E-08
  7.860000000000E-02  2.89106926E-02  2.93098559E-02  5.98157215E-03  6.32448293E-08
  7.870000000000E-02  2.90152729E-02  2.94174756E-02  6.00333713E-03  6.37418613E-08
  7.880000000000E-02  2.91202284E-02  2.95254784E-02  6.02518096E-03  6.42426482E-08
  7.890000000000E-02  2.92255644E-02  2.96338696E-02  6.04710470E-03  6.47471993E-08
  7.900000000000E-02  2.93312783E-02  2.97426466E-02  6.06910787E-03  6.52555604E-08
  7.910000000000E-02  2.94373754E-02  2.98518148E-02  6.09119152E-03  6.57677407E-08
  7.920000000000E-02  2.95438533E-02  2.99613716E-02  6.11335518E-03  6.62837868E-08
  7.930000000000E-02  2.96507170E-02  3.00713224E-02  6.13559988E-03  6.68037081E-08
  7.940000000000E-02  2.97579644E-02  3.01816648E-02  6.15792519E-03  6.73275517E-08
  7.950000000000E-02  2.98656005E-02  3.02924038E-02  6.18033211E-03  6.78553274E-08
  7.960000000000E-02  2.99736229E-02  3.04035373E-02  6.20282022E-03  6.83870827E-08
  7.970000000000E-02  3.00820369E-02  3.05150704E-02  6.22539053E-03  6.89228276E-08
  7.980000000000E-02  3.01908401E-02  3.06270007E-02  6.24804263E-03  6.94626105E-08
  7.990000000000E-02  3.03000376E-02  3.07393334E-02  6.27077751E-03  7.00064414E-08
  8.000000000000E-02  3.04096272E-02  3.08520664E-02  6.29359477E-03  7.05543693E-08
  8.000000000000E-02  3.04096272E-02  3.08520664E-02  6.29359477E-03  7.05543693E-08
  8.010000000000E-02  3.05196145E-02  3.09652052E-02  6.31649552E-03  7.11064066E-08
  8.020000000000E-02  3.06299986E-02  3.10787489E-02  6.33947960E-03  7.16625912E-08
  8.030000000000E-02  3.07407809E-02  3.11926990E-02  6.36254731E-03  7.22229531E-08
  8.040000000000E-02  3.08519629E-02  3.13070570E-02  6.38569895E-03  7.27875228E-08
  8.050000000000E-02  3.09635460E-02  3.14218243E-02  6.40893482E-03  7.33563310E-08
  8.060000000000E-02  3.10755318E-02  3.15370025E-02  6.43225522E-03  7.39294086E-08
  8.070000000000E-02  3.11879215E-02  3.16525929E-02  6.45566046E-03  7.45067865E-08
  8.080000000000E-02  3.13007169E-02  3.17685971E-02  6.47915085E-03  7.50884963E-08
  8.090000000000E-02  3.14139192E-02  3.18850166E-02  6.50272669E-03  7.56745694E-08
  8.100000000000E-02  3.15275299E-02  3.20018529E-02  6.52638828E-03  7.62650376E-08
  8.110000000000E-02  3.16415507E-02  3.21191075E-02  6.55013594E-03  7.68599329E-08
  8.120000000000E-02  3.17559828E-02  3.22367818E-02  6.57396997E-03  7.74592875E-08
  8.130000000000E-02  3.18708279E-02  3.23548775E-02  6.59789070E-03  7.80631340E-08
  8.140000000000E-02  3.19860875E-02  3.24733959E-02  6.62189841E-03  7.86715050E-08
  8.150000000000E-02  3.21017630E-02  3.25923388E-02  6.64599345E-03  7.92844334E-08
  8.160000000000E-02  3.22178559E-02  3.27117074E-02  6.67017610E-03  7.99019525E-08
  8.170000000000E-02  3.23343678E-02  3.28315036E-02  6.69444670E-03  8.05240957E-08
  8.180000000000E-02  3.24513002E-02  3.29517286E-02  6.71880555E-03  8.11508965E-08
  8.190000000000E-02  3.25686546E-02  3.30723842E-02  6.74325298E-03  8.17823889E-08
  8.200000000000E-02  3.26864325E-02  3.31934718E-02  6.76778930E-03  8.24186071E-08
  8.210000000000E-02  3.28046355E-02  3.33149931E-02  6.79241484E-03  8.30595854E-08
  8.220000000000E-02  3.29232652E-02  3.34369495E-02  6.81712991E-03  8.37053585E-08
  8.230000000000E-02  3.30423230E-02  3.35593427E-02  6.84193484E-03  8.43559612E-08
  8.240000000000E-02  3.31618105E-02  3.36821742E-02  6.86682994E-03  8.50114287E-08
  8.250000000000E-02  3.32817293E-02  3.38054456E-02  6.89181556E-03  8.56717963E-08
  8.260000000000E-02  3.34020810E-02  3.39291585E-02  6.91689200E-03  8.63370997E-08
  8.270000000000E-02  3.35228671E-02  3.40533146E-02  6.94205960E-03  8.70073748E-08
  8.280000000000E-02  3.36440892E-02  3.41779153E-02  6.96731868E-03  8.76826578E-08
  8.290000000000E-02  3.37657489E-02  3.43029623E-02  6.99266958E-03  8.83629850E-08
  8.300000000000E-02  3.38878478E-02  3.44284572E-02  7.01811263E-03  8.90483932E-08
  8.310000000000E-02  3.40103874E-02  3.45544017E-02  7.04364815E-03  8.97389192E-08
  8.320000000000E-02  3.41333694E-02  3.46807973E-02  7.06927648E-03  9.04346004E-08
  8.330000000000E-02  3.42567954E-02  3.48076457E-02  7.09499795E-03  9.11354740E-08
  8.340000000000E-02  3.43806669E-02  3.49349485E-02  7.12081291E-03  9.18415780E-08
  8.350000000000E-02  3.45049857E-02  3.50627073E-02  7.14672168E-03  9.25529503E-08
  8.360000000000E-02  3.46297533E-02  3.51909239E-02  7.17272460E-03  9.32696292E-08
  8.370000000000E-02  3.47549713E-02  3.53195998E-02  7.19882201E-03  9.39916533E-08
  8.380000000000E-02  3.48806414E-02  3.54487368E-02  7.22501426E-03  9.47190613E-08
  8.390000000000E-02  3.50067653E-02  3.55783364E-02  7.25130168E-03  9.54518925E-08
  8.400000000000E-02  3.51333445E-02  3.57084004E-02  7.27768462E-03  9.61901863E-08
  8.410000000000E-02  3.52603808E-02  3.58389304E-02  7.30416342E-03  9.69339822E-08
  8.420000000000E-02  3.53878757E-02  3.59699281E-02  7.33073842E-03  9.76833203E-08
  8.430000000000E-02  3.55158310E-02  3.61013953E-02  7.35740998E-03  9.84382409E-08
  8.440000000000E-02  3.56442483E-02  3.62333335E-02  7.38417843E-03  9.91987844E-08
  8.450000000000E-02  3.57731294E-02  3.63657445E-02  7.41104414E-03  9.99649918E-08
  8.460000000000E-02  3.59024758E-02  3.64986301E-02  7.43800744E-03  1.00736904E-07
  8.470000000000E-02  3.60322892E-02  3.66319918E-02  7.46506869E-03  1.01514563E-07
  8.480000000000E-02  3.61625715E-02  3.67658316E-02  7.49222824E-03  1.02298010E-07
  8.490000000000E-02  3.62933242E-02  3.69001510E-02  7.51948646E-03  1.03087287E-07
  8.500000000000E-02  3.64245491E-02  3.70349518E-02  7.54684368E-03  1.03882436E-07
  8.510000000000E-02  3.65562479E-02  3.71702357E-02  7.57430027E-03  1.04683501E-07
  8.520000000000E-02  3.66884223E-02  3.73060045E-02  7.60185659E-03  1.05490524E-07
  8.530000000000E-02  3.68210740E-02  3.74422600E-02  7.62951299E-03  1.06303547E-07
  8.540000000000E-02  3.69542048E-02  3.75790039E-02  7.65726984E-03  1.07122616E-07
  8.550000000000E-02  3.70878164E-02  3.77162380E-02  7.68512750E-03  1.07947774E-07
  8.560000000000E-02  3.72219106E-02  3.78539640E-02  7.71308633E-03  1.08779064E-07
  8.570000000000E-02  3.73564891E-02  3.79921837E-02  7.74114669E-03  1.09616532E-07
  8.580000000000E-02  3.74915536E-02  3.81308990E-02  7.76930895E-03  1.10460223E-07
  8.590000000000E-02  3.76271060E-02  3.82701115E-02  7.79757349E-03  1.11310180E-07
  8.600000000000E-02  3.77631480E-02  3.84098231E-02  7.82594065E-03  1.12166451E-07
  8.610000000000E-02  3.78996813E-02  3.85500356E-02  7.85441083E-03  1.13029080E-07
  8.620000000000E-02  3.80367078E-02  3.86907509E-02  7.88298438E-03  1.13898114E-07
  8.630000000000E-02  3.81742292E-02  3.88319706E-02  7.91166168E-03  1.14773599E-07
  8.640000000000E-02  3.83122474E-02  3.89736968E-02  7.94044310E-03  1.15655583E-07
  8.650000000000E-02  3.84507642E-02  3.91159310E-02  7.96932902E-03  1.16544112E-07
  8.660000000000E-02  3.85897813E-02  3.92586754E-02  7.99831982E-03  1.17439233E-07
  8.670000000000E-02  3.87293005E-02  3.94019316E-02  8.02741587E-03  1.18340995E-07
  8.680000000000E-02  3.88693238E-02  3.95457015E-02  8.05661755E-03  1.19249446E-07
  8.690000000000E-02  3.90098529E-02  3.96899869E-02  8.08592524E-03  1.20164634E-07
  8.700000000000E-02  3.91508896E-02  3.98347898E-02  8.11533932E-03  1.21086608E-07
  8.710000000000E-02  3.92924359E-02  3.99801121E-02  8.14486019E-03  1.22015417E-07
  8.720000000000E-02  3.94344935E-02  4.01259555E-02  8.17448821E-03  1.22951111E-07
  8.730000000000E-02  3.95770643E-02  4.02723220E-02  8.20422378E-03  1.23893740E-07
  8.740000000000E-02  3.97201501E-02  4.04192134E-02  8.23406729E-03  1.24843354E-07
  8.750000000000E-02  3.98637530E-02  4.05666317E-02  8.26401912E-03  1.25800003E-07
  8.760000000000E-02  4.00078746E-02  4.07145788E-02  8.29407967E-03  1.26763739E-07
  8.770000000000E-02  4.01525169E-02  4.08630566E-02  8.32424933E-03  1.27734614E-07
  8.780000000000E-02  4.02976818E-02  4.10120670E-02  8.35452848E-03  1.28712678E-07
  8.790000000000E-02  4.04433712E-02  4.11616119E-02  8.38491753E-03  1.29697984E-07
  8.800000000000E-02  4.05895870E-02  4.13116932E-02  8.41541686E-03  1.30690584E-07
  8.810000000000E-02  4.07363311E-02  4.14623130E-02  8.44602689E-03  1.31690532E-07
  8.820000000000E-02  4.08836054E-02  4.16134731E-02  8.47674800E-03  1.32697880E-07
  8.830000000000E-02  4.10314118E-02  4.17651756E-02  8.50758060E-03  1.33712683E-07
  8.840000000000E-02  4.11797523E-02  4.19174223E-02  8.53852509E-03  1.34734993E-07
  8.850000000000E-02  4.13286288E-02  4.20702152E-02  8.56958186E-03  1.35764866E-07
  8.860000000000E-02  4.14780433E-02  4.22235564E-02  8.60075134E-03  1.36802357E-07
  8.870000000000E-02  4.16279976E-02  4.23774477E-02  8.63203392E-03  1.37847520E-07
  8.880000000000E-02  4.17784938E-02  4.25318913E-02  8.66343000E-03  1.38900412E-07
  8.890000000000E-02  4.19295339E-02  4.26868890E-02  8.69494001E-03  1.39961087E-07
  8.900000000000E-02  4.20811198E-02  4.28424430E-02  8.72656435E-03  1.41029603E-07
  8.910000000000E-02  4.22332534E-02  4.29985551E-02  8.75830343E-03  1.42106017E-07
  8.920000000000E-02  4.23859368E-02  4.31552275E-02  8.79015766E-03  1.43190385E-07
  8.930000000000E-02  4.25391720E-02  4.33124621E-02  8.82212746E-03  1.44282765E-07
  8.940000000000E-02  4.26929610E-02  4.34702610E-02  8.85421326E-03  1.45383216E-07
  8.950000000000E-02  4.28473057E-02  4.36286263E-02  8.88641545E-03  1.46491795E-07
  8.960000000000E-02  4.30022082E-02  4.37875599E-02  8.91873447E-03  1.47608562E-07
  8.970000000000E-02  4.31576706E-02  4.39470639E-02  8.95117074E-03  1.48733576E-07
  8.980000000000E-02  4.33136948E-02  4.41071405E-02  8.98372468E-03  1.49866896E-07
  8.990000000000E-02  4.34702828E-02  4.42677917E-02  9.01639671E-03  1.51008583E-07
  9.000000000000E-02  4.36274369E-02  4.44290195E-02  9.04918725E-03  1.52158698E-07
  9.010000000000E-02  4.37851589E-02  4.45908260E-02  9.08209674E-03  1.53317300E-07
  9.020000000000E-02  4.39434509E-02  4.47532134E-02  9.11512561E-03  1.54484453E-07
  9.030000000000E-02  4.41023151E-02  4.49161838E-02  9.14827428E-03  1.55660218E-07
  9.040000000000E-02  4.42617534E-02  4.50797392E-02  9.18154319E-03  1.56844656E-07
  9.050000000000E-02  4.44217681E-02  4.52438817E-02  9.21493277E-03  1.58037832E-07
  9.060000000000E-02  4.45823611E-02  4.54086136E-02  9.24844345E-03  1.59239807E-07
  9.070000000000E-02  4.47435346E-02  4.55739369E-02  9.28207568E-03  1.60450647E-07
  9.080000000000E-02  4.49052906E-02  4.57398537E-02  9.31582988E-03  1.61670415E-07
  9.090000000000E-02  4.50676314E-02  4.59063663E-02  9.34970651E-03  1.62899175E-07
  9.100000000000E-02  4.52305589E-02  4.60734767E-02  9.38370600E-03  1.64136993E-07
  9.110000000000E-02  4.53940754E-02  4.62411872E-02  9.41782879E-03  1.65383935E-07
  9.120000000000E-02  4.55581829E-02  4.64095000E-02  9.45207533E-03  1.66640066E-07
  9.130000000000E-02  4.57228837E-02  4.65784171E-02  9.48644606E-03  1.67905453E-07
  9.140000000000E-02  4.58881798E-02  4.67479408E-02  9.52094144E-03  1.69180163E-07
  9.150000000000E-02  4.60540735E-02  4.69180732E-02  9.55556191E-03  1.70464263E-07
  9.160000000000E-02  4.62205669E-02  4.70888167E-02  9.59030792E-03  1.71757822E-07
  9.170000000000E-02  4.63876621E-02  4.72601734E-02  9.62517993E-03  1.73060907E-07
  9.180000000000E-02  4.65553614E-02  4.74321454E-02  9.66017839E-03  1.74373589E-07
  9.190000000000E-02  4.67236669E-02  4.76047352E-02  9.69530376E-03  1.75695935E-07
  9.200000000000E-02  4.68925809E-02  4.77779448E-02  9.73055649E-03  1.77028017E-07
  9.210000000000E-02  4.70621056E-02  4.79517765E-02  9.76593704E-03  1.78369904E-07
  9.220000000000E-02  4.72322431E-02  4.81262326E-02  9.80144588E-03  1.79721668E-07
  9.230000000000E-02  4.74029957E-02  4.83013154E-02  9.83708346E-03  1.81083380E-07
  9.240000000000E-02  4.75743656E-02  4.84770271E-02  9.87285026E-03  1.82455112E-07
  9.250000000000E-02  4.77463551E-02  4.86533700E-02  9.90874673E-03  1.83836937E-07
  9.260000000000E-02  4.79189664E-02  4.88303463E-02  9.94477335E-03  1.85228927E-07
  9.270000000000E-02  4.80922018E-02  4.90079585E-02  9.98093058E-03  1.86631156E-07
  9.280000000000E-02  4.82660635E-02  4.91862087E-02  1.00172189E-02  1.88043699E-07
  9.290000000000E-02  4.84405539E-02  4.93650992E-02  1.00536388E-02  1.89466629E-07
  9.300000000000E-02  4.86156751E-02  4.95446325E-02  1.00901907E-02  1.90900022E-07
  9.310000000000E-02  4.87914294E-02  4.97248109E-02  1.01268751E-02  1.92343954E-07
  9.320000000000E-02  4.89678193E-02  4.99056366E-02  1.01636925E-02  1.93798501E-07
  9.330000000000E-02  4.91448469E-02  5.00871120E-02  1.02006434E-02  1.95263740E-07
  9.340000000000E-02  4.93225146E-02  5.02692395E-02  1.02377282E-02  1.96739747E-07
  9.350000000000E-02  4.95008247E-02  5.04520214E-02  1.02749475E-02  1.98226602E-07
  9.360000000000E-02  4.96797796E-02  5.06354601E-02  1.03123016E-02  1.99724382E-07
  9.370000000000E-02  4.98593816E-02  5.08195580E-02  1.03497912E-02  2.01233166E-07
  9.380000000000E-02  5.00396329E-02  5.10043175E-02  1.03874167E-02  2.02753034E-07
  9.390000000000E-02  5.02205361E-02  5.11897410E-02  1.04251785E-02  2.04284067E-07
  9.400000000000E-02  5.04020934E-02  5.13758308E-02  1.04630772E-02  2.05826344E-07
  9.410000000000E-02  5.05843072E-02  5.15625894E-02  1.05011133E-02  2.07379948E-07
  9.420000000000E-02  5.07671799E-02  5.17500192E-02  1.05392872E-02  2.08944960E-07
  9.430000000000E-02  5.09507139E-02  5.19381227E-02  1.05775995E-02  2.10521463E-07
  9.440000000000E-02  5.11349116E-02  5.21269022E-02  1.06160507E-02  2.12109540E-07
  9.450000000000E-02  5.13197754E-02  5.23163603E-02  1.06546412E-02  2.13709274E-07
  9.460000000000E-02  5.15053078E-02  5.25064993E-02  1.06933716E-02  2.15320749E-07
  9.470000000000E-02  5.16915110E-02  5.26973219E-02  1.07322424E-02  2.16944052E-07
  9.480000000000E-02  5.18783876E-02  5.28888303E-02  1.07712540E-02  2.18579267E-07
  9.490000000000E-02  5.20659401E-02  5.30810272E-02  1.08104070E-02  2.20226480E-07
  9.500000000000E-02  5.22541708E-02  5.32739150E-02  1.08497019E-02  2.21885779E-07
  9.510000000000E-02  5.24430822E-02  5.34674962E-02  1.08891393E-02  2.23557250E-07
  9.520000000000E-02  5.26326768E-02  5.36617734E-02  1.09287195E-02  2.25240981E-07
  9.530000000000E-02  5.28229571E-02  5.38567490E-02  1.09684431E-02  2.26937062E-07
  9.540000000000E-02  5.30139256E-02  5.40524256E-02  1.10083108E-02  2.28645581E-07
  9.550000000000E-02  5.32055847E-02  5.42488057E-02  1.10483228E-02  2.30366629E-07
  9.560000000000E-02  5.33979370E-02  5.44458919E-02  1.10884799E-02  2.32100296E-07
  9.570000000000E-02  5.35909849E-02  5.46436867E-02  1.11287825E-02  2.33846673E-07
  9.580000000000E-02  5.37847311E-02  5.48421927E-02  1.11692311E-02  2.35605852E-07
  9.590000000000E-02  5.39791780E-02  5.50414125E-02  1.12098263E-02  2.37377926E-07
  9.600000000000E-02  5.41743281E-02  5.52413486E-02  1.12505686E-02  2.39162988E-07
  9.610000000000E-02  5.43701841E-02  5.54420038E-02  1.12914586E-02  2.40961132E-07
  9.620000000000E-02  5.45667484E-02  5.56433805E-02  1.13324967E-02  2.42772453E-07
  9.630000000000E-02  5.47640237E-02  5.58454813E-02  1.13736834E-02  2.44597045E-07
  9.640000000000E-02  5.49620125E-02  5.60483090E-02  1.14150194E-02  2.46435004E-07
  9.650000000000E-02  5.51607175E-02  5.62518661E-02  1.14565052E-02  2.48286428E-07
  9.660000000000E-02  5.53601411E-02  5.64561553E-02  1.14981413E-02  2.50151414E-07
  9.670000000000E-02  5.55602861E-02  5.66611793E-02  1.15399283E-02  2.52030059E-07
  9.680000000000E-02  5.57611550E-02  5.68669406E-02  1.15818666E-02  2.53922463E-07
  9.690000000000E-02  5.59627505E-02  5.70734420E-02  1.16239569E-02  2.55828724E-07
  9.700000000000E-02  5.61650752E-02  5.72806862E-02  1.16661997E-02  2.57748944E-07
  9.710000000000E-02  5.63681317E-02  5.74886758E-02  1.17085955E-02  2.59683222E-07
  9.720000000000E-02  5.65719227E-02  5.76974136E-02  1.17511449E-02  2.61631661E-07
  9.730000000000E-02  5.67764508E-02  5.79069022E-02  1.17938485E-02  2.63594363E-07
  9.740000000000E-02  5.69817188E-02  5.81171444E-02  1.18367067E-02  2.65571431E-07
  9.750000000000E-02  5.71877293E-02  5.83281430E-02  1.18797203E-02  2.67562969E-07
  9.760000000000E-02  5.73944850E-02  5.85399005E-02  1.19228896E-02  2.69569081E-07
  9.770000000000E-02  5.76019887E-02  5.87524199E-02  1.19662154E-02  2.71589873E-07
  9.780000000000E-02  5.78102429E-02  5.89657039E-02  1.20096980E-02  2.73625451E-07
  9.790000000000E-02  5.80192505E-02  5.91797552E-02  1.20533383E-02  2.75675922E-07
  9.800000000000E-02  5.82290141E-02  5.93945766E-02  1.20971366E-02  2.77741393E-07
  9.810000000000E-02  5.84395366E-02  5.96101710E-02  1.21410935E-02  2.79821973E-07
  9.820000000000E-02  5.86508206E-02  5.98265410E-02  1.21852097E-02  2.81917771E-07
  9.830000000000E-02  5.88628690E-02  6.00436896E-02  1.22294857E-02  2.84028896E-07
  9.840000000000E-02  5.90756845E-02  6.02616195E-02  1.22739221E-02  2.86155461E-07
  9.850000000000E-02  5.92892698E-02  6.04803336E-02  1.23185194E-02  2.88297576E-07
  9.860000000000E-02  5.95036279E-02  6.06998347E-02  1.23632783E-02  2.90455353E-07
  9.870000000000E-02  5.97187614E-02  6.09201258E-02  1.24081993E-02  2.92628907E-07
  9.880000000000E-02  5.99346731E-02  6.11412095E-02  1.24532830E-02  2.94818350E-07
  9.890000000000E-02  6.01513660E-02  6.13630889E-02  1.24985300E-02  2.97023799E-07
  9.900000000000E-02  6.03688429E-02  6.15857667E-02  1.25439409E-02  2.99245367E-07
  9.910000000000E-02  6.05871065E-02  6.18092460E-02  1.25895162E-02  3.01483173E-07
  9.920000000000E-02  6.08061598E-02  6.20335295E-02  1.26352567E-02  3.03737333E-07
  9.930000000000E-02  6.10260055E-02  6.22586203E-02  1.26811628E-02  3.06007965E-07
  9.940000000000E-02  6.12466466E-02  6.24845212E-02  1.27272351E-02  3.08295189E-07
  9.950000000000E-02  6.14680860E-02  6.27112352E-02  1.27734744E-02  3.10599124E-07
  9.960000000000E-02  6.16903265E-02  6.29387652E-02  1.28198811E-02  3.12919891E-07
  9.970000000000E-02  6.19133711E-02  6.31671142E-02  1.28664559E-02  3.15257613E-07
  9.980000000000E-02  6.21372227E-02  6.33962851E-02  1.29131993E-02  3.17612410E-07
  9.990000000000E-02  6.23618842E-02  6.36262810E-02  1.29601121E-02  3.19984407E-07
  1.000000000000E-01  6.25873584E-02  6.38571048E-02  1.30071947E-02  3.22373728E-07
  1.001000000000E-01  6.28136485E-02  6.40887595E-02  1.30544479E-02  3.24780498E-07
  1.002000000000E-01  6.30407573E-02  6.43212482E-02  1.31018722E-02  3.27204844E-07
  1.003000000000E-01  6.32686878E-02  6.45545738E-02  1.31494682E-02  3.29646891E-07
  1.004000000000E-01  6.34974430E-02  6.47887394E-02  1.31972367E-02  3.32106769E-07
  1.005000000000E-01  6.37270259E-02  6.50237481E-02  1.32451781E-02  3.34584606E-07
  1.006000000000E-01  6.39574394E-02  6.52596028E-02  1.32932931E-02  3.37080532E-07
  1.007000000000E-01  6.41886866E-02  6.54963068E-02  1.33415823E-02  3.39594677E-07
  1.008000000000E-01  6.44207706E-02  6.57338629E-02  1.33900465E-02  3.42127173E-07
  1.009000000000E-01  6.46536943E-02  6.59722744E-02  1.34386861E-02  3.44678153E-07
  1.010000000000E-01  6.48874607E-02  6.62115443E-02  1.34875019E-02  3.47247750E-07
  1.011000000000E-01  6.51220730E-02  6.64516758E-02  1.35364944E-02  3.49836099E-07
  1.012000000000E-01  6.53575342E-02  6.66926720E-02  1.35856644E-02  3.52443335E-07
  1.013000000000E-01  6.55938474E-02  6.69345359E-02  1.36350124E-02  3.55069595E-07
  1.014000000000E-01  6.58310157E-02  6.71772708E-02  1.36845390E-02  3.57715016E-07
  1.015000000000E-01  6.60690421E-02  6.74208798E-02  1.37342451E-02  3.60379737E-07
  1.016000000000E-01  6.63079298E-02  6.76653661E-02  1.37841311E-02  3.63063896E-07
  1.017000000000E-01  6.65476820E-02  6.79107329E-02  1.38341978E-02  3.65767636E-07
  1.018000000000E-01  6.67883016E-02  6.81569833E-02  1.38844457E-02  3.68491096E-07
  1.019000000000E-01  6.70297920E-02  6.84041205E-02  1.39348756E-02  3.71234420E-07
  1.020000000000E-01  6.72721562E-02  6.86521478E-02  1.39854881E-02  3.73997750E-07
  1.021000000000E-01  6.75153974E-02  6.89010684E-02  1.40362838E-02  3.76781233E-07
  1.022000000000E-01  6.77595188E-02  6.91508856E-02  1.40872635E-02  3.79585012E-07
  1.023000000000E-01  6.80045235E-02  6.94016026E-02  1.41384278E-02  3.82409235E-07
  1.024000000000E-01  6.82504149E-02  6.96532225E-02  1.41897773E-02  3.85254050E-07
  1.025000000000E-01  6.84971960E-02  6.99057489E-02  1.42413127E-02  3.88119605E-07
  1.026000000000E-01  6.87448702E-02  7.01591848E-02  1.42930347E-02  3.91006050E-07
  1.027000000000E-01  6.89934406E-02  7.04135336E-02  1.43449440E-02  3.93913536E-07
  1.028000000000E-01  6.92429105E-02  7.06687987E-02  1.43970413E-02  3.96842215E-07
  1.029000000000E-01  6.94932832E-02  7.09249833E-02  1.44493271E-02  3.99792241E-07
  1.030000000000E-01  6.97445619E-02  7.11820908E-02  1.45018023E-02  4.02763767E-07
  1.031000000000E-01  6.99967499E-02  7.14401245E-02  1.45544675E-02  4.05756948E-07
  1.032000000000E-01  7.02498506E-02  7.16990877E-02  1.46073233E-02  4.08771942E-07
  1.033000000000E-01  7.05038672E-02  7.19589840E-02  1.46603705E-02  4.11808905E-07
  1.034000000000E-01  7.07588030E-02  7.22198165E-02  1.47136097E-02  4.14867997E-07
  1.035000000000E-01  7.10146614E-02  7.24815888E-02  1.47670417E-02  4.17949377E-07
  1.036000000000E-01  7.12714457E-02  7.27443042E-02  1.48206672E-02  4.21053207E-07
  1.037000000000E-01  7.15291593E-02  7.30079662E-02  1.48744867E-02  4.24179648E-07
  1.038000000000E-01  7.17878055E-02  7.32725781E-02  1.49285012E-02  4.27328865E-07
  1.039000000000E-01  7.20473878E-02  7.35381435E-02  1.49827111E-02  4.30501020E-07
  1.040000000000E-01  7.23079094E-02  7.38046658E-02  1.50371174E-02  4.33696281E-07
  1.041000000000E-01  7.25693739E-02  7.40721485E-02  1.50917205E-02  4.36914814E-07
  1.042000000000E-01  7.28317846E-02  7.43405949E-02  1.51465214E-02  4.40156788E-07
  1.043000000000E-01  7.30951450E-02  7.46100088E-02  1.52015207E-02  4.43422370E-07
  1.044000000000E-01  7.33594585E-02  7.48803934E-02  1.52567190E-02  4.46711734E-07
  1.045000000000E-01  7.36247286E-02  7.51517524E-02  1.53121172E-02  4.50025049E-07
  1.046000000000E-01  7.38909587E-02  7.54240893E-02  1.53677159E-02  4.53362489E-07
  1.047000000000E-01  7.41581523E-02  7.56974077E-02  1.54235159E-02  4.56724228E-07
  1.048000000000E-01  7.44263129E-02  7.59717111E-02  1.54795179E-02  4.60110443E-07
  1.049000000000E-01  7.46954440E-02  7.62470030E-02  1.55357226E-02  4.63521308E-07
  1.050000000000E-01  7.49655491E-02  7.65232871E-02  1.55921308E-02  4.66957004E-07
  1.051000000000E-01  7.52366318E-02  7.68005669E-02  1.56487432E-02  4.70417709E-07
  1.052000000000E-01  7.55086956E-02  7.70788461E-02  1.57055605E-02  4.73903604E-07
  1.053000000000E-01  7.57817440E-02  7.73581283E-02  1.57625835E-02  4.77414871E-07
  1.054000000000E-01  7.60557806E-02  7.76384171E-02  1.58198129E-02  4.80951692E-07
  1.055000000000E-01  7.63308091E-02  7.79197162E-02  1.58772494E-02  4.84514254E-07
  1.056000000000E-01  7.66068329E-02  7.82020293E-02  1.59348939E-02  4.88102741E-07
  1.057000000000E-01  7.68838557E-02  7.84853599E-02  1.59927470E-02  4.91717341E-07
  1.058000000000E-01  7.71618812E-02  7.87697119E-02  1.60508095E-02  4.95358243E-07
  1.059000000000E-01  7.74409129E-02  7.90550888E-02  1.61090823E-02  4.99025636E-07
  1.060000000000E-01  7.77209545E-02  7.93414945E-02  1.61675659E-02  5.02719713E-07
  1.061000000000E-01  7.80020097E-02  7.96289327E-02  1.62262612E-02  5.06440665E-07
  1.062000000000E-01  7.82840820E-02  7.99174070E-02  1.62851690E-02  5.10188688E-07
  1.063000000000E-01  7.85671754E-02  8.02069213E-02  1.63442900E-02  5.13963976E-07
  1.064000000000E-01  7.88512933E-02  8.04974793E-02  1.64036251E-02  5.17766726E-07
  1.065000000000E-01  7.91364395E-02  8.07890849E-02  1.64631748E-02  5.21597138E-07
  1.066000000000E-01  7.94226179E-02  8.10817417E-02  1.65229402E-02  5.25455410E-07
  1.067000000000E-01  7.97098320E-02  8.13754537E-02  1.65829218E-02  5.29341744E-07
  1.068000000000E-01  7.99980856E-02  8.16702246E-02  1.66431206E-02  5.33256343E-07
  1.069000000000E-01  8.02873826E-02  8.19660583E-02  1.67035372E-02  5.37199411E-07
  1.070000000000E-01  8.05777267E-02  8.22629586E-02  1.67641725E-02  5.41171154E-07
  1.071000000000E-01  8.08691216E-02  8.25609294E-02  1.68250273E-02  5.45171779E-07
  1.072000000000E-01  8.11615713E-02  8.28599747E-02  1.68861024E-02  5.49201494E-07
  1.073000000000E-01  8.14550794E-02  8.31600982E-02  1.69473985E-02  5.53260510E-07
  1.074000000000E-01  8.17496500E-02  8.34613039E-02  1.70089164E-02  5.57349038E-07
  1.075000000000E-01  8.20452867E-02  8.37635957E-02  1.70706570E-02  5.61467291E-07
  1.076000000000E-01  8.23419935E-02  8.40669776E-02  1.71326211E-02  5.65615486E-07
  1.077000000000E-01  8.26397742E-02  8.43714535E-02  1.71948095E-02  5.69793836E-07
  1.078000000000E-01  8.29386328E-02  8.46770274E-02  1.72572229E-02  5.74002561E-07
  1.079000000000E-01  8.32385731E-02  8.49837032E-02  1.73198622E-02  5.78241880E-07
  1.080000000000E-01  8.35395991E-02  8.52914850E-02  1.73827282E-02  5.82512015E-07
  1.081000000000E-01  8.38417147E-02  8.56003768E-02  1.74458217E-02  5.86813186E-07
  1.082000000000E-01  8.41449238E-02  8.59103825E-02  1.75091436E-02  5.91145620E-07
  1.083000000000E-01  8.44492304E-02  8.62215063E-02  1.75726947E-02  5.95509541E-07
  1.084000000000E-01  8.47546384E-02  8.65337521E-02  1.76364758E-02  5.99905178E-07
  1.085000000000E-01  8.50611520E-02  8.68471241E-02  1.77004877E-02  6.04332758E-07
  1.086000000000E-01  8.53687750E-02  8.71616263E-02  1.77647313E-02  6.08792514E-07
  1.087000000000E-01  8.56775115E-02  8.74772629E-02  1.78292073E-02  6.13284678E-07
  1.088000000000E-01  8.59873656E-02  8.77940379E-02  1.78939168E-02  6.17809483E-07
  1.089000000000E-01  8.62983412E-02  8.81119554E-02  1.79588604E-02  6.22367166E-07
  1.090000000000E-01  8.66104424E-02  8.84310197E-02  1.80240390E-02  6.26957964E-07
  1.091000000000E-01  8.69236734E-02  8.87512348E-02  1.80894535E-02  6.31582116E-07
  1.092000000000E-01  8.72380382E-02  8.90726050E-02  1.81551048E-02  6.36239864E-07
  1.093000000000E-01  8.75535409E-02  8.93951345E-02  1.82209937E-02  6.40931450E-07
  1.094000000000E-01  8.78701856E-02  8.97188273E-02  1.82871210E-02  6.45657118E-07
  1.095000000000E-01  8.81879765E-02  9.00436878E-02  1.83534876E-02  6.50417115E-07
  1.096000000000E-01  8.85069177E-02  9.03697202E-02  1.84200944E-02  6.55211689E-07
  1.097000000000E-01  8.88270134E-02  9.06969288E-02  1.84869422E-02  6.60041090E-07
  1.098000000000E-01  8.91482679E-02  9.10253177E-02  1.85540320E-02  6.64905569E-07
  1.099000000000E-01  8.94706851E-02  9.13548913E-02  1.86213645E-02  6.69805379E-07
  1.100000000000E-01  8.97942695E-02  9.16856539E-02  1.86889407E-02  6.74740777E-07
