  0.000000000000E+00  0.00000000E+00  0.00000000E+00  0.00000000E+00
  5.000000000000E-03  3.06964562E-02  3.07530351E-02  1.52296134E-09
  1.000000000000E-02  6.15477581E-02  6.51919107E-02  4.32419802E-08
  1.500000000000E-02  8.30955005E-02  8.46973384E-02  1.73529780E-07
  2.000000000000E-02  1.05760827E-01  9.94626974E-02  3.83732694E-07
  2.500000000000E-02  1.37046364E-01  1.19328441E-01  7.29979055E-07
  3.000000000000E-02  1.81969028E-01  1.50104036E-01  1.40382225E-06
  3.500000000000E-02  2.45603347E-01  1.96150214E-01  2.81498767E-06
  4.000000000000E-02  3.34797337E-01  2.62570079E-01  5.80625684E-06
  4.500000000000E-02  4.59301394E-01  3.56534412E-01  1.21079824E-05
  5.000000000000E-02  6.32850808E-01  4.88284561E-01  2.52468355E-05
  5.500000000000E-02  8.74566899E-01  6.72224328E-01  5.23455971E-05
  6.000000000000E-02  1.21089428E+00  9.28355287E-01  1.07665444E-04
  6.500000000000E-02  1.67823072E+00  1.28422362E+00  2.19524605E-04
  7.000000000000E-02  2.32638960E+00  1.77749769E+00  4.43686960E-04
  7.500000000000E-02  3.22300269E+00  2.45925157E+00  8.88969307E-04
  8.000000000000E-02  4.45885030E+00  3.39794432E+00  1.76547387E-03
  8.500000000000E-02  6.15380377E+00  4.68388885E+00  3.47360664E-03
  9.000000000000E-02  8.46244237E+00  6.43360920E+00  6.76394010E-03
  9.500000000000E-02  1.15772958E+01  8.79278803E+00  1.30138279E-02
  1.000000000000E-01  1.57259554E+01  1.19354479E+01  2.46820817E-02
