  0.000000000000E+00  0.00000000E+00  0.00000000E+00  0.00000000E+00
  2.000000000000E+00  2.04874100E-09  1.54312685E-09  0.00000000E+00
  4.000000000000E+00  6.46273544E-09  5.04155986E-09  0.00000000E+00
  6.000000000000E+00  1.18695500E-08  9.59528213E-09  0.00000000E+00
  8.000000000000E+00  1.76814786E-08  1.47160110E-08  0.00000000E+00
  1.000000000000E+01  2.36692616E-08  2.01080750E-08  2.96181560E-15
  1.200000000000E+01  2.98017929E-08  2.56205736E-08  7.74537727E-15
  1.400000000000E+01  3.61714072E-08  3.12206628E-08  1.69534001E-14
  1.600000000000E+01  4.29540979E-08  3.69685815E-08  3.28767082E-14
  1.800000000000E+01  5.03873805E-08  4.29962139E-08  5.85671897E-14
  2.000000000000E+01  5.87585209E-08  4.94915221E-08  9.81807619E-14
  2.200000000000E+01  6.83995098E-08  5.66892009E-08  1.57478527E-13
  2.400000000000E+01  7.96868657E-08  6.48666856E-08  2.44544762E-13
  2.600000000000E+01  9.30453029E-08  7.43443043E-08  3.70819401E-13
  2.800000000000E+01  1.08954869E-07  8.54885597E-08  5.52587610E-13
  3.000000000000E+01  1.27961492E-07  9.87179165E-08  8.13126562E-13
  3.200000000000E+01  1.50691090E-07  1.14510893E-07  1.18579003E-12
  3.400000000000E+01  1.77867498E-07  1.33416596E-07  1.71842727E-12
  3.600000000000E+01  2.10334592E-07  1.56068074E-07  2.47969880E-12
  3.800000000000E+01  2.49083048E-07  1.83199029E-07  3.56808910E-12
  4.000000000000E+01  2.95282319E-07  2.15664473E-07  5.12475319E-12
  4.200000000000E+01  3.50318556E-07  2.54466011E-07  7.35181324E-12
  4.400000000000E+01  4.15839365E-07  3.00782433E-07  1.05384026E-11
  4.600000000000E+01  4.93806583E-07  3.56006398E-07  1.50977231E-11
  4.800000000000E+01  5.86558482E-07  4.21788094E-07  2.16197587E-11
  5.000000000000E+01  6.96883198E-07  5.00086926E-07  3.09462447E-11
  5.200000000000E+01  8.28105523E-07  5.93232507E-07  4.42772700E-11
  5.400000000000E+01  9.84189678E-07  7.03996507E-07  6.33228259E-11
  5.600000000000E+01  1.16986117E-06  8.35677254E-07  9.05181986E-11
  5.800000000000E+01  1.39075142E-06  9.92199397E-07  1.29329997E-10
  6.000000000000E+01  1.65356942E-06  1.17823135E-06  1.84690779E-10
  6.200000000000E+01  1.96630551E-06  1.39932380E-06  2.63616018E-10
  6.400000000000E+01  2.33847299E-06  1.66207307E-06  3.76079400E-10
  6.600000000000E+01  2.78139412E-06  1.97431373E-06  5.36253802E-10
  6.800000000000E+01  3.30853789E-06  2.34534557E-06  7.64269366E-10
  7.000000000000E+01  3.93591778E-06  2.78620053E-06  1.08870193E-09
  7.200000000000E+01  4.68255806E-06  3.30995607E-06  1.55009161E-09
  7.400000000000E+01  5.57103777E-06  3.93210166E-06  2.20591195E-09
  7.600000000000E+01  6.62812120E-06  4.67096586E-06  3.13757782E-09
  7.800000000000E+01  7.88548231E-06  5.54821119E-06  4.46031203E-09
  8.000000000000E+01  9.38052861E-06  6.58940371E-06  6.33700924E-09
  8.200000000000E+01  1.11573249E-05  7.82466293E-06  8.99767103E-09
  8.400000000000E+01  1.32676104E-05  9.28939510E-06  1.27665743E-08
  8.600000000000E+01  1.57718914E-05  1.10251089E-05  1.81001225E-08
  8.800000000000E+01  1.87405746E-05  1.30803051E-05  2.56393691E-08
  9.000000000000E+01  2.22550818E-05  1.55114234E-05  3.62825477E-08
  9.200000000000E+01  2.64088554E-05  1.83838117E-05  5.12846523E-08
  9.400000000000E+01  3.13081209E-05  2.17726677E-05  7.23932026E-08
  9.600000000000E+01  3.70722157E-05  2.57638718E-05  1.02031800E-07
  9.800000000000E+01  4.38332350E-05  3.04545989E-05  1.43545795E-07
  1.000000000000E+02  5.17346711E-05  3.59535566E-05  2.01527109E-07
  1.020000000000E+02  6.09286580E-05  4.23806506E-05  2.82237389E-07
  1.040000000000E+02  7.15713867E-05  4.98658348E-05  3.94149453E-07
  1.060000000000E+02  8.38162497E-05  5.85468624E-05  5.48624934E-07
  1.080000000000E+02  9.78043499E-05  6.85656401E-05  7.60739315E-07
  1.100000000000E+02  1.13652188E-04  8.00628998E-05  1.05025175E-06
  1.120000000000E+02  1.31436679E-04  9.31709740E-05  1.44269339E-06
  1.140000000000E+02  1.51178125E-04  1.08004599E-04  1.97051166E-06
  1.160000000000E+02  1.72822411E-04  1.24649890E-04  2.67415798E-06
  1.180000000000E+02  1.96224325E-04  1.43151949E-04  3.60294319E-06
  1.200000000000E+02  2.21134503E-04  1.63501912E-04  4.81541485E-06
  1.220000000000E+02  2.47192763E-04  1.85624696E-04  6.37894657E-06
  1.240000000000E+02  2.73930436E-04  2.09369056E-04  8.36819389E-06
  1.260000000000E+02  3.00783575E-04  2.34501898E-04  1.08620973E-05
  1.280000000000E+02  3.27117752E-04  2.60708827E-04  1.39392367E-05
  1.300000000000E+02  3.52263602E-04  2.87602693E-04  1.76715925E-05
  1.320000000000E+02  3.75560752E-04  3.14741068E-04  2.21171401E-05
  1.340000000000E+02  3.96406331E-04  3.41652313E-04  2.73121410E-05
  1.360000000000E+02  4.14303156E-04  3.67868145E-04  3.32643687E-05
  1.380000000000E+02  4.28901921E-04  3.92958794E-04  3.99486580E-05
  1.400000000000E+02  4.40031460E-04  4.16565497E-04  4.73059546E-05
  1.420000000000E+02  4.47711750E-04  4.38424845E-04  5.52464247E-05
  1.440000000000E+02  4.52146048E-04  4.58380584E-04  6.36562864E-05
  1.460000000000E+02  4.53691635E-04  4.76381023E-04  7.24071222E-05
  1.480000000000E+02  4.52812509E-04  4.92463353E-04  8.13658400E-05
  1.500000000000E+02  4.50021171E-04  5.06729063E-04  9.04034206E-05
  1.520000000000E+02  4.45819078E-04  5.19316276E-04  9.94011228E-05
  1.540000000000E+02  4.40645613E-04  5.30374673E-04  1.08253697E-04
  1.560000000000E+02  4.34843256E-04  5.40047030E-04  1.16870017E-04
  1.580000000000E+02  4.28642897E-04  5.48458849E-04  1.25172064E-04
  1.600000000000E+02  4.22168814E-04  5.55715156E-04  1.33093277E-04
  1.620000000000E+02  4.15459079E-04  5.61901965E-04  1.40577016E-04
  1.640000000000E+02  4.08494822E-04  5.67089464E-04  1.47575497E-04
  1.660000000000E+02  4.01231172E-04  5.71334696E-04  1.54049209E-04
  1.680000000000E+02  3.93623750E-04  5.74682712E-04  1.59966629E-04
  1.700000000000E+02  3.85646828E-04  5.77166457E-04  1.65303980E-04
  1.720000000000E+02  3.77301917E-04  5.78806437E-04  1.70044842E-04
  1.740000000000E+02  3.68617956E-04  5.79611332E-04  1.74179504E-04
  1.760000000000E+02  3.59645857E-04  5.79580338E-04  1.77704109E-04
  1.780000000000E+02  3.50450615E-04  5.78707383E-04  1.80619731E-04
  1.800000000000E+02  3.41103722E-04  5.76986722E-04  1.82931595E-04
  1.820000000000E+02  3.31677554E-04  5.74419089E-04  1.84648624E-04
  1.840000000000E+02  3.22242239E-04  5.71017409E-04  1.85783378E-04
  1.860000000000E+02  3.12864571E-04  5.66811240E-04  1.86352361E-04
  1.880000000000E+02  3.03608104E-04  5.61849323E-04  1.86376536E-04
  1.900000000000E+02  2.94533458E-04  5.56199976E-04  1.85881866E-04
  1.920000000000E+02  2.85698201E-04  5.49949329E-04  1.84899673E-04
  1.940000000000E+02  2.77156005E-04  5.43197688E-04  1.83466652E-04
  1.960000000000E+02  2.68955209E-04  5.36054498E-04  1.81624477E-04
  1.980000000000E+02  2.61137120E-04  5.28632477E-04  1.79418972E-04
  2.000000000000E+02  2.53734527E-04  5.21041601E-04  1.76898917E-04
  2.020000000000E+02  2.46770815E-04  5.13383558E-04  1.74114613E-04
  2.040000000000E+02  2.40259909E-04  5.05747238E-04  1.71116340E-04
  2.060000000000E+02  2.34207117E-04  4.98205680E-04  1.67952885E-04
  2.080000000000E+02  2.28610709E-04  4.90814707E-04  1.64670253E-04
  2.100000000000E+02  2.23464000E-04  4.83613254E-04  1.61310693E-04
  2.120000000000E+02  2.18757610E-04  4.76625217E-04  1.57912076E-04
  2.140000000000E+02  2.14481602E-04  4.69862474E-04  1.54507635E-04
  2.160000000000E+02  2.10627266E-04  4.63328632E-04  1.51126046E-04
  2.180000000000E+02  2.07188386E-04  4.57023029E-04  1.47791766E-04
  2.200000000000E+02  2.04161947E-04  4.50944542E-04  1.44525563E-04
  2.220000000000E+02  2.01548303E-04  4.45094853E-04  1.41345130E-04
  2.240000000000E+02  1.99350895E-04  4.39480931E-04  1.38265737E-04
  2.260000000000E+02  1.97575650E-04  4.34116599E-04  1.35300824E-04
  2.280000000000E+02  1.96230191E-04  4.29023207E-04  1.32462520E-04
  2.300000000000E+02  1.95322996E-04  4.24229495E-04  1.29762050E-04
  2.320000000000E+02  1.94862584E-04  4.19770808E-04  1.27210038E-04
  2.340000000000E+02  1.94856822E-04  4.15687853E-04  1.24816698E-04
  2.360000000000E+02  1.95312362E-04  4.12025215E-04  1.22591949E-04
  2.380000000000E+02  1.96234217E-04  4.08829779E-04  1.20545467E-04
  2.400000000000E+02  1.97625469E-04  4.06149232E-04  1.18686696E-04
  2.420000000000E+02  1.99487039E-04  4.04030720E-04  1.17024838E-04
  2.440000000000E+02  2.01817513E-04  4.02519722E-04  1.15568846E-04
  2.460000000000E+02  2.04612964E-04  4.01659138E-04  1.14327412E-04
  2.480000000000E+02  2.07866737E-04  4.01488589E-04  1.13308972E-04
  2.500000000000E+02  2.11569194E-04  4.02043849E-04  1.12521724E-04
  2.520000000000E+02  2.15707385E-04  4.03356382E-04  1.11973642E-04
  2.540000000000E+02  2.20264665E-04  4.05452899E-04  1.11672495E-04
  2.560000000000E+02  2.25220268E-04  4.08354887E-04  1.11625861E-04
  2.580000000000E+02  2.30548845E-04  4.12078062E-04  1.11841114E-04
  2.600000000000E+02  2.36220003E-04  4.16631713E-04  1.12325390E-04
  2.620000000000E+02  2.42197868E-04  4.22017921E-04  1.13085511E-04
  2.640000000000E+02  2.48440700E-04  4.28230654E-04  1.14127861E-04
  2.660000000000E+02  2.54900580E-04  4.35254755E-04  1.15458212E-04
  2.680000000000E+02  2.61523220E-04  4.43064854E-04  1.17081475E-04
  2.700000000000E+02  2.68247889E-04  4.51624257E-04  1.19001382E-04
  2.720000000000E+02  2.75007524E-04  4.60883865E-04  1.21220093E-04
  2.740000000000E+02  2.81729030E-04  4.70781209E-04  1.23737714E-04
  2.760000000000E+02  2.88333822E-04  4.81239683E-04  1.26551744E-04
  2.780000000000E+02  2.94738637E-04  4.92168071E-04  1.29656454E-04
  2.800000000000E+02  3.00856669E-04  5.03460479E-04  1.33042208E-04
  2.820000000000E+02  3.06599048E-04  5.14996757E-04  1.36694779E-04
  2.840000000000E+02  3.11876675E-04  5.26643532E-04  1.40594674E-04
  2.860000000000E+02  3.16602437E-04  5.38255889E-04  1.44716540E-04
  2.880000000000E+02  3.20693728E-04  5.49679770E-04  1.49028704E-04
  2.900000000000E+02  3.24075223E-04  5.60755073E-04  1.53492905E-04
  2.920000000000E+02  3.26681783E-04  5.71319385E-04  1.58064304E-04
  2.940000000000E+02  3.28461313E-04  5.81212250E-04  1.62691801E-04
  2.960000000000E+02  3.29377402E-04  5.90279785E-04  1.67318716E-04
  2.980000000000E+02  3.29411518E-04  5.98379421E-04  1.71883846E-04
  3.000000000000E+02  3.28564555E-04  6.05384518E-04  1.76322876E-04
  3.020000000000E+02  3.26857565E-04  6.11188584E-04  1.80570122E-04
  3.040000000000E+02  3.24331544E-04  6.15708833E-04  1.84560495E-04
  3.060000000000E+02  3.21046220E-04  6.18888863E-04  1.88231620E-04
  3.080000000000E+02  3.17077893E-04  6.20700283E-04  1.91525961E-04
  3.100000000000E+02  3.12516444E-04  6.21143189E-04  1.94392825E-04
  3.120000000000E+02  3.07461728E-04  6.20245468E-04  1.96790116E-04
  3.140000000000E+02  3.02019617E-04  6.18061004E-04  1.98685733E-04
  3.160000000000E+02  2.96297992E-04  6.14666914E-04  2.00058500E-04
  3.180000000000E+02  2.90402969E-04  6.10160028E-04  2.00898599E-04
  3.200000000000E+02  2.84435613E-04  6.04652856E-04  2.01207494E-04
  3.220000000000E+02  2.78489333E-04  5.98269318E-04  2.00997361E-04
  3.240000000000E+02  2.72648048E-04  5.91140497E-04  2.00290117E-04
  3.260000000000E+02  2.66985153E-04  5.83400654E-04  1.99116122E-04
  3.280000000000E+02  2.61563231E-04  5.75183701E-04  1.97512680E-04
  3.300000000000E+02  2.56434381E-04  5.66620267E-04  1.95522443E-04
  3.320000000000E+02  2.51641031E-04  5.57835409E-04  1.93191821E-04
  3.340000000000E+02  2.47217055E-04  5.48947006E-04  1.90569493E-04
  3.360000000000E+02  2.43189046E-04  5.40064762E-04  1.87705072E-04
  3.380000000000E+02  2.39577607E-04  5.31289748E-04  1.84647969E-04
  3.400000000000E+02  2.36398551E-04  5.22714388E-04  1.81446471E-04
  3.420000000000E+02  2.33663945E-04  5.14422747E-04  1.78147038E-04
  3.440000000000E+02  2.31382952E-04  5.06491032E-04  1.74793793E-04
  3.460000000000E+02  2.29562460E-04  4.98988197E-04  1.71428188E-04
  3.480000000000E+02  2.28207491E-04  4.91976568E-04  1.68088821E-04
  3.500000000000E+02  2.27321427E-04  4.85512433E-04  1.64811369E-04
  3.520000000000E+02  2.26906054E-04  4.79646545E-04  1.61628607E-04
  3.540000000000E+02  2.26961457E-04  4.74424504E-04  1.58570497E-04
  3.560000000000E+02  2.27485792E-04  4.69887022E-04  1.55664320E-04
  3.580000000000E+02  2.28474945E-04  4.66070025E-04  1.52934830E-04
  3.600000000000E+02  2.29922102E-04  4.63004628E-04  1.50404423E-04
  3.620000000000E+02  2.31817238E-04  4.60716941E-04  1.48093295E-04
  3.640000000000E+02  2.34146543E-04  4.59227733E-04  1.46019589E-04
  3.660000000000E+02  2.36891803E-04  4.58551948E-04  1.44199511E-04
  3.680000000000E+02  2.40029749E-04  4.58698066E-04  1.42647414E-04
  3.700000000000E+02  2.43531409E-04  4.59667342E-04  1.41375823E-04
  3.720000000000E+02  2.47361493E-04  4.61452920E-04  1.40395415E-04
  3.740000000000E+02  2.51477857E-04  4.64038863E-04  1.39714924E-04
  3.760000000000E+02  2.55831101E-04  4.67399133E-04  1.39340981E-04
  3.780000000000E+02  2.60364363E-04  4.71496585E-04  1.39277875E-04
  3.800000000000E+02  2.65013381E-04  4.76282030E-04  1.39527238E-04
  3.820000000000E+02  2.69706888E-04  4.81693475E-04  1.40087670E-04
  3.840000000000E+02  2.74367404E-04  4.87655611E-04  1.40954299E-04
  3.860000000000E+02  2.78912481E-04  4.94079671E-04  1.42118308E-04
  3.880000000000E+02  2.83256415E-04  5.00863758E-04  1.43566463E-04
  3.900000000000E+02  2.87312419E-04  5.07893734E-04  1.45280669E-04
  3.920000000000E+02  2.90995203E-04  5.15044741E-04  1.47237600E-04
  3.940000000000E+02  2.94223847E-04  5.22183401E-04  1.49408473E-04
  3.960000000000E+02  2.96924837E-04  5.29170682E-04  1.51758991E-04
  3.980000000000E+02  2.99035047E-04  5.35865365E-04  1.54249526E-04
  4.000000000000E+02  3.00504467E-04  5.42127993E-04  1.56835571E-04
  4.000000000000E+02  3.00504467E-04  5.42127993E-04  1.56835571E-04
  4.011050806337E+02  2.86660008E-04  5.69514793E-04  1.66623763E-04
  4.022101612673E+02  2.71612351E-04  5.93254736E-04  1.76482200E-04
  4.033152419010E+02  2.56294037E-04  6.12596601E-04  1.86141399E-04
  4.044203225346E+02  2.41693182E-04  6.27194105E-04  1.95387360E-04
  4.055254031683E+02  2.28727069E-04  6.37097492E-04  2.04077511E-04
  4.066304838019E+02  2.18116192E-04  6.42719157E-04  2.12151098E-04
  4.077355644356E+02  2.10291148E-04  6.44775930E-04  2.19631360E-04
  4.088406450692E+02  2.05347775E-04  6.44206469E-04  2.26618143E-04
  4.099457257029E+02  2.03055954E-04  6.42069222E-04  2.33271355E-04
  4.110508063365E+02  2.02916835E-04  6.39431814E-04  2.39787344E-04
  4.121558869702E+02  2.04254726E-04  6.37265562E-04  2.46371578E-04
  4.132609676038E+02  2.06325280E-04  6.36358386E-04  2.53211528E-04
  4.143660482375E+02  2.08421218E-04  6.37256096E-04  2.60453385E-04
  4.154711288711E+02  2.09960197E-04  6.40236930E-04  2.68185410E-04
  4.165762095048E+02  2.10544748E-04  6.45318765E-04  2.76429561E-04
  4.176812901384E+02  2.09990165E-04  6.52293920E-04  2.85141796E-04
  4.187863707721E+02  2.08321273E-04  6.60783705E-04  2.94220454E-04
  4.198914514058E+02  2.05742790E-04  6.70303857E-04  3.03521223E-04
  4.209965320394E+02  2.02590271E-04  6.80332400E-04  3.12876624E-04
  4.221016126731E+02  1.99269900E-04  6.90372535E-04  3.22117517E-04
  4.232066933067E+02  1.96195676E-04  7.00004620E-04  3.31093922E-04
  4.243117739404E+02  1.93732146E-04  7.08922828E-04  3.39692547E-04
  4.254168545740E+02  1.92149578E-04  7.16953839E-04  3.47848798E-04
  4.265219352077E+02  1.91596326E-04  7.24057000E-04  3.55551807E-04
  4.276270158413E+02  1.92090431E-04  7.30307569E-04  3.62842013E-04
  4.287320964750E+02  1.93529439E-04  7.35866854E-04  3.69802000E-04
  4.298371771086E+02  1.95714785E-04  7.40944607E-04  3.76542282E-04
  4.309422577423E+02  1.98385279E-04  7.45759717E-04  3.83184470E-04
  4.320473383759E+02  2.01253575E-04  7.50504831E-04  3.89844460E-04
  4.331524190096E+02  2.04040034E-04  7.55319234E-04  3.96618030E-04
  4.342574996432E+02  2.06499760E-04  7.60272403E-04  4.03570613E-04
  4.353625802769E+02  2.08440381E-04  7.65358741E-04  4.10732078E-04
  4.364676609105E+02  2.09729938E-04  7.70502324E-04  4.18096489E-04
  4.375727415442E+02  2.10295756E-04  7.75569435E-04  4.25626045E-04
  4.386778221778E+02  2.10116210E-04  7.80386087E-04  4.33257900E-04
  4.397829028115E+02  2.09207898E-04  7.84757697E-04  4.40912401E-04
  4.408879834451E+02  2.07610930E-04  7.88488334E-04  4.48501356E-04
  4.419930640788E+02  2.05374884E-04  7.91397426E-04  4.55935202E-04
  4.430981447124E+02  2.02547533E-04  7.93332396E-04  4.63128387E-04
  4.442032253461E+02  1.99167736E-04  7.94176416E-04  4.70002658E-04
  4.453083059797E+02  1.95263054E-04  7.93851145E-04  4.76488363E-04
  4.464133866134E+02  1.90851725E-04  7.92315071E-04  4.82524152E-04
  4.475184672470E+02  1.85947905E-04  7.89558589E-04  4.88055664E-04
  4.486235478807E+02  1.80568579E-04  7.85597272E-04  4.93033833E-04
  4.497286285143E+02  1.74740414E-04  7.80464829E-04  4.97413395E-04
  4.508337091480E+02  1.68505057E-04  7.74206949E-04  5.01152022E-04
  4.519387897816E+02  1.61921883E-04  7.66876828E-04  5.04210303E-04
  4.530438704153E+02  1.55067774E-04  7.58532633E-04  5.06552566E-04
  4.541489510490E+02  1.48034122E-04  7.49236731E-04  5.08148351E-04
  4.552540316826E+02  1.40921699E-04  7.39056208E-04  5.08974237E-04
