  0.000000000000E+00  0.00000000E+00  0.00000000E+00  0.00000000E+00  0.00000000E+00
  1.000000000000E-02  9.35973682E-04  8.63147605E-04  2.56121318E-04  3.28282279E-12
  2.000000000000E-02  9.91321670E-04  9.34920490E-04  2.30626991E-04  3.46065639E-11
  3.000000000000E-02  1.02473773E-03  9.43085993E-04  2.21056108E-04  6.01201844E-11
  4.000000000000E-02  1.07090086E-03  9.91918136E-04  2.23333153E-04  7.63977974E-11
  5.000000000000E-02  1.09859138E-03  1.03232944E-03  2.23893455E-04  9.08916005E-11
  6.000000000000E-02  1.12001971E-03  1.06677791E-03  2.25229766E-04  1.05222217E-10
  7.000000000000E-02  1.13678984E-03  1.09539535E-03  2.27012832E-04  1.19884785E-10
  8.000000000000E-02  1.15055875E-03  1.11874336E-03  2.29081186E-04  1.34465021E-10
  9.000000000000E-02  1.16279562E-03  1.13809484E-03  2.31385573E-04  1.48321476E-10
  1.000000000000E-01  1.17445943E-03  1.15466799E-03  2.33871389E-04  1.60962038E-10
  1.000000000000E-01  1.17446031E-03  1.14441911E-03  2.33866550E-04  1.60956108E-10
  1.100000000000E-01  1.19816846E-03  1.17246874E-03  2.38871387E-04  1.73772606E-10
  1.200000000000E-01  1.20808645E-03  1.18364159E-03  2.40910251E-04  1.84452541E-10
  1.300000000000E-01  1.22223172E-03  1.19810382E-03  2.44061181E-04  1.93140932E-10
  1.400000000000E-01  1.23674270E-03  1.21279758E-03  2.47208405E-04  2.00864336E-10
  1.500000000000E-01  1.25183137E-03  1.22764540E-03  2.50414656E-04  2.07840991E-10
  1.500000000000E-01  1.25183975E-03  1.22761665E-03  2.50415685E-04  2.07846972E-10
  1.600000000000E-01  1.26257341E-03  1.24838875E-03  2.52946205E-04  2.13583970E-10
  1.700000000000E-01  1.27724645E-03  1.26276987E-03  2.55995702E-04  2.19394261E-10
  1.800000000000E-01  1.29223685E-03  1.27724341E-03  2.59079199E-04  2.24931878E-10
  1.900000000000E-01  1.30746311E-03  1.29198424E-03  2.62175665E-04  2.30334544E-10
  2.000000000000E-01  1.32295159E-03  1.30703362E-03  2.65302256E-04  2.35720634E-10
  2.000000000000E-01  1.32296134E-03  1.29539638E-03  2.65302497E-04  2.35762543E-10
  2.100000000000E-01  1.34221824E-03  1.31444227E-03  2.68986630E-04  2.41035950E-10
  2.200000000000E-01  1.36016327E-03  1.33211458E-03  2.72522903E-04  2.47160378E-10
  2.300000000000E-01  1.37793244E-03  1.34957159E-03  2.76042033E-04  2.53545320E-10
  2.400000000000E-01  1.39586576E-03  1.36718683E-03  2.79609638E-04  2.60120943E-10
  2.500000000000E-01  1.41398892E-03  1.38499577E-03  2.83224311E-04  2.66895611E-10
