  0.000000000000E+00  0.00000000E+00  0.00000000E+00  0.00000000E+00  0.00000000E+00
  1.000000000000E-04  2.00964016E-06  1.66943476E-06  6.31789804E-07  0.00000000E+00
  2.000000000000E-04  7.94821681E-06  6.62914804E-06  2.49677052E-06  0.00000000E+00
  3.000000000000E-04  1.77024223E-05  1.48100702E-05  5.55638181E-06  0.00000000E+00
  4.000000000000E-04  3.11709765E-05  2.61461863E-05  9.77615101E-06  0.00000000E+00
  5.000000000000E-04  4.82593090E-05  4.05736959E-05  1.51239505E-05  0.00000000E+00
  6.000000000000E-04  6.88776528E-05  5.80306793E-05  2.15693386E-05  0.00000000E+00
  7.000000000000E-04  9.29400483E-05  7.84569019E-05  2.90832053E-05  0.00000000E+00
  8.000000000000E-04  1.20363744E-04  1.01793679E-04  3.76375544E-05  0.00000000E+00
  9.000000000000E-04  1.51068800E-04  1.27983777E-04  4.72053568E-05  0.00000000E+00
  1.000000000000E-03  1.84977799E-04  1.56971332E-04  5.77604461E-05  0.00000000E+00
  1.000000000000E-03  1.84977799E-04  1.56971332E-04  5.77604461E-05  0.00000000E+00
  1.100000000000E-03  2.22792119E-04  1.89371904E-04  6.95143012E-05  0.00000000E+00
  1.200000000000E-03  2.63801167E-04  2.24585171E-04  8.22475116E-05  0.00000000E+00
  1.300000000000E-03  3.07930459E-04  2.62555732E-04  9.59349714E-05  0.00000000E+00
  1.400000000000E-03  3.55107821E-04  3.03230252E-04  1.10552329E-04  0.00000000E+00
  1.500000000000E-03  4.05262920E-04  3.46556660E-04  1.26075843E-04  0.00000000E+00
  1.600000000000E-03  4.58327219E-04  3.92484079E-04  1.42482362E-04  0.00000000E+00
  1.700000000000E-03  5.14233912E-04  4.40962783E-04  1.59749300E-04  0.00000000E+00
  1.800000000000E-03  5.72917863E-04  4.91944162E-04  1.77854616E-04  0.00000000E+00
  1.900000000000E-03  6.34315551E-04  5.45380696E-04  1.96776794E-04  0.00000000E+00
  2.000000000000E-03  6.98365016E-04  6.01225925E-04  2.16494828E-04  2.43999351E-15
  2.000000000000E-03  6.98365016E-04  6.01225925E-04  2.16494828E-04  2.43999351E-15
  2.100000000000E-03  7.65005820E-04  6.59434433E-04  2.36988198E-04  3.55372863E-15
  2.200000000000E-03  8.34178995E-04  7.19961820E-04  2.58236867E-04  5.08276462E-15
  2.300000000000E-03  9.05827009E-04  7.82764690E-04  2.80221256E-04  7.15037832E-15
  2.400000000000E-03  9.79893728E-04  8.47800625E-04  3.02922241E-04  9.90782704E-15
  2.500000000000E-03  1.05632438E-03  9.15028175E-04  3.26321137E-04  1.35388762E-14
  2.600000000000E-03  1.13506553E-03  9.84406837E-04  3.50399687E-04  1.82647761E-14
  2.700000000000E-03  1.21606504E-03  1.05589704E-03  3.75140057E-04  2.43497023E-14
  2.800000000000E-03  1.29927205E-03  1.12946014E-03  4.00524819E-04  3.21066747E-14
  2.900000000000E-03  1.38463694E-03  1.20505839E-03  4.26536952E-04  4.19039660E-14
  3.000000000000E-03  1.47211130E-03  1.28265495E-03  4.53159825E-04  5.41720125E-14
  3.000000000000E-03  1.47211130E-03  1.28265491E-03  4.53159825E-04  5.41720123E-14
  3.100000000000E-03  1.56164794E-03  1.36221379E-03  4.80377195E-04  6.94108367E-14
  3.200000000000E-03  1.65320084E-03  1.44369990E-03  5.08173197E-04  8.81979919E-14
  3.300000000000E-03  1.74672511E-03  1.52707898E-03  5.36532339E-04  1.11197033E-13
  3.400000000000E-03  1.84217700E-03  1.61231765E-03  5.65439491E-04  1.39166526E-13
  3.500000000000E-03  1.93951387E-03  1.69938334E-03  5.94879886E-04  1.72969596E-13
  3.600000000000E-03  2.03869418E-03  1.78824431E-03  6.24839106E-04  2.13584020E-13
  3.700000000000E-03  2.13967744E-03  1.87886964E-03  6.55303082E-04  2.62112874E-13
  3.800000000000E-03  2.24242422E-03  1.97122920E-03  6.86258083E-04  3.19795727E-13
  3.900000000000E-03  2.34689612E-03  2.06529369E-03  7.17690717E-04  3.88020386E-13
  4.000000000000E-03  2.45305576E-03  2.16103457E-03  7.49587919E-04  4.68335204E-13
  4.000000000000E-03  2.45305576E-03  2.16103461E-03  7.49587919E-04  4.68335204E-13
  4.100000000000E-03  2.56086673E-03  2.25842410E-03  7.81936941E-04  5.62462126E-13
  4.200000000000E-03  2.67029366E-03  2.35743523E-03  8.14725372E-04  6.72309551E-13
  4.300000000000E-03  2.78130210E-03  2.45804180E-03  8.47941108E-04  7.99986813E-13
  4.400000000000E-03  2.89385858E-03  2.56021833E-03  8.81572354E-04  9.47818525E-13
  4.500000000000E-03  3.00793055E-03  2.66394012E-03  9.15607620E-04  1.11835964E-12
  4.600000000000E-03  3.12348639E-03  2.76918316E-03  9.50035718E-04  1.31441105E-12
  4.700000000000E-03  3.24049537E-03  2.87592423E-03  9.84845755E-04  1.53903572E-12
  4.800000000000E-03  3.35892768E-03  2.98414078E-03  1.02002713E-03  1.79557536E-12
  4.900000000000E-03  3.47875436E-03  3.09381102E-03  1.05556953E-03  2.08766764E-12
  5.000000000000E-03  3.59994734E-03  3.20491383E-03  1.09146293E-03  2.41926391E-12
  5.000000000000E-03  3.59994734E-03  3.20491378E-03  1.09146293E-03  2.41926391E-12
  5.100000000000E-03  3.72247939E-03  3.31742877E-03  1.12769757E-03  2.79464640E-12
  5.200000000000E-03  3.84632413E-03  3.43133624E-03  1.16426399E-03  3.21844998E-12
  5.300000000000E-03  3.97145601E-03  3.54661716E-03  1.20115297E-03  3.69567853E-12
  5.400000000000E-03  4.09785027E-03  3.66325321E-03  1.23835559E-03  4.23172570E-12
  5.500000000000E-03  4.22548300E-03  3.78122672E-03  1.27586316E-03  4.83239508E-12
  5.600000000000E-03  4.35433104E-03  3.90052069E-03  1.31366729E-03  5.50392103E-12
  5.700000000000E-03  4.48437204E-03  4.02111880E-03  1.35175980E-03  6.25298985E-12
  5.800000000000E-03  4.61558440E-03  4.14300536E-03  1.39013280E-03  7.08676154E-12
  5.900000000000E-03  4.74794729E-03  4.26616535E-03  1.42877863E-03  8.01289191E-12
  6.000000000000E-03  4.88144064E-03  4.39058439E-03  1.46768989E-03  9.03955528E-12
